In file included from /usr/include/c++/11/bits/stl_algobase.h:64,
                 from /usr/include/c++/11/bits/specfun.h:45,
                 from /usr/include/c++/11/cmath:1935,
                 from /usr/include/x86_64-linux-gnu/c++/11/bits/stdc++.h:41,
                 from solve.c++:1:
/usr/include/c++/11/bits/stl_pair.h: In instantiation of ‘constexpr bool std::operator==(const std::pair<_T1, _T2>&, const std::pair<_T1, _T2>&) [with _T1 = frac; _T2 = int]’:
solve.c++:103:44:   required from here
/usr/include/c++/11/bits/stl_pair.h:467:24: error: no match for ‘operator==’ (operand types are ‘const frac’ and ‘const frac’)
  467 |     { return __x.first == __y.first && __x.second == __y.second; }
      |              ~~~~~~~~~~^~~~~~~~~~~~
solve.c++:51:10: note: candidate: ‘bool frac::operator==(const frac&)’ (near match)
   51 |     bool operator == (const frac &r){
      |          ^~~~~~~~
solve.c++:51:10: note:   passing ‘const frac*’ as ‘this’ argument discards qualifiers
In file included from /usr/include/c++/11/bits/stl_algobase.h:64,
                 from /usr/include/c++/11/bits/specfun.h:45,
                 from /usr/include/c++/11/cmath:1935,
                 from /usr/include/x86_64-linux-gnu/c++/11/bits/stdc++.h:41,
                 from solve.c++:1:
/usr/include/c++/11/bits/stl_pair.h:466:5: note: candidate: ‘template<class _T1, class _T2> constexpr bool std::operator==(const std::pair<_T1, _T2>&, const std::pair<_T1, _T2>&)’
  466 |     operator==(const pair<_T1, _T2>& __x, const pair<_T1, _T2>& __y)
      |     ^~~~~~~~
/usr/include/c++/11/bits/stl_pair.h:466:5: note:   template argument deduction/substitution failed:
/usr/include/c++/11/bits/stl_pair.h:467:24: note:   ‘const frac’ is not derived from ‘const std::pair<_T1, _T2>’
  467 |     { return __x.first == __y.first && __x.second == __y.second; }
      |              ~~~~~~~~~~^~~~~~~~~~~~
In file included from /usr/include/c++/11/bits/stl_algobase.h:67,
                 from /usr/include/c++/11/bits/specfun.h:45,
                 from /usr/include/c++/11/cmath:1935,
                 from /usr/include/x86_64-linux-gnu/c++/11/bits/stdc++.h:41,
                 from solve.c++:1:
/usr/include/c++/11/bits/stl_iterator.h:420:5: note: candidate: ‘template<class _Iterator> constexpr bool std::operator==(const std::reverse_iterator<_Iterator>&, const std::reverse_iterator<_Iterator>&)’
  420 |     operator==(const reverse_iterator<_Iterator>& __x,
      |     ^~~~~~~~
/usr/include/c++/11/bits/stl_iterator.h:420:5: note:   template argument deduction/substitution failed:
In file included from /usr/include/c++/11/bits/stl_algobase.h:64,
                 from /usr/include/c++/11/bits/specfun.h:45,
                 from /usr/include/c++/11/cmath:1935,
                 from /usr/include/x86_64-linux-gnu/c++/11/bits/stdc++.h:41,
                 from solve.c++:1:
/usr/include/c++/11/bits/stl_pair.h:467:24: note:   ‘const frac’ is not derived from ‘const std::reverse_iterator<_Iterator>’
  467 |     { return __x.first == __y.first && __x.second == __y.second; }
      |              ~~~~~~~~~~^~~~~~~~~~~~
In file included from /usr/include/c++/11/bits/stl_algobase.h:67,
                 from /usr/include/c++/11/bits/specfun.h:45,
                 from /usr/include/c++/11/cmath:1935,
                 from /usr/include/x86_64-linux-gnu/c++/11/bits/stdc++.h:41,
                 from solve.c++:1:
/usr/include/c++/11/bits/stl_iterator.h:459:5: note: candidate: ‘template<class _IteratorL, class _IteratorR> constexpr bool std::operator==(const std::reverse_iterator<_Iterator>&, const std::reverse_iterator<_IteratorR>&)’
  459 |     operator==(const reverse_iterator<_IteratorL>& __x,
      |     ^~~~~~~~
/usr/include/c++/11/bits/stl_iterator.h:459:5: note:   template argument deduction/substitution failed:
In file included from /usr/include/c++/11/bits/stl_algobase.h:64,
                 from /usr/include/c++/11/bits/specfun.h:45,
                 from /usr/include/c++/11/cmath:1935,
                 from /usr/include/x86_64-linux-gnu/c++/11/bits/stdc++.h:41,
                 from solve.c++:1:
/usr/include/c++/11/bits/stl_pair.h:467:24: note:   ‘const frac’ is not derived from ‘const std::reverse_iterator<_Iterator>’
  467 |     { return __x.first == __y.first && __x.second == __y.second; }
      |              ~~~~~~~~~~^~~~~~~~~~~~
In file included from /usr/include/c++/11/bits/stl_algobase.h:67,
                 from /usr/include/c++/11/bits/specfun.h:45,
                 from /usr/include/c++/11/cmath:1935,
                 from /usr/include/x86_64-linux-gnu/c++/11/bits/stdc++.h:41,
                 from solve.c++:1:
/usr/include/c++/11/bits/stl_iterator.h:1585:5: note: candidate: ‘template<class _IteratorL, class _IteratorR> constexpr bool std::operator==(const std::move_iterator<_IteratorL>&, const std::move_iterator<_IteratorR>&)’
 1585 |     operator==(const move_iterator<_IteratorL>& __x,
      |     ^~~~~~~~
/usr/include/c++/11/bits/stl_iterator.h:1585:5: note:   template argument deduction/substitution failed:
In file included from /usr/include/c++/11/bits/stl_algobase.h:64,
                 from /usr/include/c++/11/bits/specfun.h:45,
                 from /usr/include/c++/11/cmath:1935,
                 from /usr/include/x86_64-linux-gnu/c++/11/bits/stdc++.h:41,
                 from solve.c++:1:
/usr/include/c++/11/bits/stl_pair.h:467:24: note:   ‘const frac’ is not derived from ‘const std::move_iterator<_IteratorL>’
  467 |     { return __x.first == __y.first && __x.second == __y.second; }
      |              ~~~~~~~~~~^~~~~~~~~~~~
In file included from /usr/include/c++/11/bits/stl_algobase.h:67,
                 from /usr/include/c++/11/bits/specfun.h:45,
                 from /usr/include/c++/11/cmath:1935,
                 from /usr/include/x86_64-linux-gnu/c++/11/bits/stdc++.h:41,
                 from solve.c++:1:
/usr/include/c++/11/bits/stl_iterator.h:1648:5: note: candidate: ‘template<class _Iterator> constexpr bool std::operator==(const std::move_iterator<_IteratorL>&, const std::move_iterator<_IteratorL>&)’
 1648 |     operator==(const move_iterator<_Iterator>& __x,
      |     ^~~~~~~~
/usr/include/c++/11/bits/stl_iterator.h:1648:5: note:   template argument deduction/substitution failed:
In file included from /usr/include/c++/11/bits/stl_algobase.h:64,
                 from /usr/include/c++/11/bits/specfun.h:45,
                 from /usr/include/c++/11/cmath:1935,
                 from /usr/include/x86_64-linux-gnu/c++/11/bits/stdc++.h:41,
                 from solve.c++:1:
/usr/include/c++/11/bits/stl_pair.h:467:24: note:   ‘const frac’ is not derived from ‘const std::move_iterator<_IteratorL>’
  467 |     { return __x.first == __y.first && __x.second == __y.second; }
      |              ~~~~~~~~~~^~~~~~~~~~~~
In file included from /usr/include/c++/11/iosfwd:40,
                 from /usr/include/c++/11/ios:38,
                 from /usr/include/c++/11/istream:38,
                 from /usr/include/c++/11/sstream:38,
                 from /usr/include/c++/11/complex:45,
                 from /usr/include/c++/11/ccomplex:39,
                 from /usr/include/x86_64-linux-gnu/c++/11/bits/stdc++.h:54,
                 from solve.c++:1:
/usr/include/c++/11/bits/postypes.h:222:5: note: candidate: ‘template<class _StateT> bool std::operator==(const std::fpos<_StateT>&, const std::fpos<_StateT>&)’
  222 |     operator==(const fpos<_StateT>& __lhs, const fpos<_StateT>& __rhs)
      |     ^~~~~~~~
/usr/include/c++/11/bits/postypes.h:222:5: note:   template argument deduction/substitution failed:
In file included from /usr/include/c++/11/bits/stl_algobase.h:64,
                 from /usr/include/c++/11/bits/specfun.h:45,
                 from /usr/include/c++/11/cmath:1935,
                 from /usr/include/x86_64-linux-gnu/c++/11/bits/stdc++.h:41,
                 from solve.c++:1:
/usr/include/c++/11/bits/stl_pair.h:467:24: note:   ‘const frac’ is not derived from ‘const std::fpos<_StateT>’
  467 |     { return __x.first == __y.first && __x.second == __y.second; }
      |              ~~~~~~~~~~^~~~~~~~~~~~
In file included from /usr/include/c++/11/string:41,
                 from /usr/include/c++/11/bits/locale_classes.h:40,
                 from /usr/include/c++/11/bits/ios_base.h:41,
                 from /usr/include/c++/11/ios:42,
                 from /usr/include/c++/11/istream:38,
                 from /usr/include/c++/11/sstream:38,
                 from /usr/include/c++/11/complex:45,
                 from /usr/include/c++/11/ccomplex:39,
                 from /usr/include/x86_64-linux-gnu/c++/11/bits/stdc++.h:54,
                 from solve.c++:1:
/usr/include/c++/11/bits/allocator.h:218:5: note: candidate: ‘template<class _T1, class _T2> bool std::operator==(const std::allocator<_CharT>&, const std::allocator<_T2>&)’
  218 |     operator==(const allocator<_T1>&, const allocator<_T2>&)
      |     ^~~~~~~~
/usr/include/c++/11/bits/allocator.h:218:5: note:   template argument deduction/substitution failed:
In file included from /usr/include/c++/11/bits/stl_algobase.h:64,
                 from /usr/include/c++/11/bits/specfun.h:45,
                 from /usr/include/c++/11/cmath:1935,
                 from /usr/include/x86_64-linux-gnu/c++/11/bits/stdc++.h:41,
                 from solve.c++:1:
/usr/include/c++/11/bits/stl_pair.h:467:24: note:   ‘const frac’ is not derived from ‘const std::allocator<_CharT>’
  467 |     { return __x.first == __y.first && __x.second == __y.second; }
      |              ~~~~~~~~~~^~~~~~~~~~~~
In file included from /usr/include/c++/11/bits/basic_string.h:48,
                 from /usr/include/c++/11/string:55,
                 from /usr/include/c++/11/bits/locale_classes.h:40,
                 from /usr/include/c++/11/bits/ios_base.h:41,
                 from /usr/include/c++/11/ios:42,
                 from /usr/include/c++/11/istream:38,
                 from /usr/include/c++/11/sstream:38,
                 from /usr/include/c++/11/complex:45,
                 from /usr/include/c++/11/ccomplex:39,
                 from /usr/include/x86_64-linux-gnu/c++/11/bits/stdc++.h:54,
                 from solve.c++:1:
/usr/include/c++/11/string_view:535:5: note: candidate: ‘template<class _CharT, class _Traits> constexpr bool std::operator==(std::basic_string_view<_CharT, _Traits>, std::basic_string_view<_CharT, _Traits>)’
  535 |     operator==(basic_string_view<_CharT, _Traits> __x,
      |     ^~~~~~~~
/usr/include/c++/11/string_view:535:5: note:   template argument deduction/substitution failed:
In file included from /usr/include/c++/11/bits/stl_algobase.h:64,
                 from /usr/include/c++/11/bits/specfun.h:45,
                 from /usr/include/c++/11/cmath:1935,
                 from /usr/include/x86_64-linux-gnu/c++/11/bits/stdc++.h:41,
                 from solve.c++:1:
/usr/include/c++/11/bits/stl_pair.h:467:24: note:   ‘frac’ is not derived from ‘std::basic_string_view<_CharT, _Traits>’
  467 |     { return __x.first == __y.first && __x.second == __y.second; }
      |              ~~~~~~~~~~^~~~~~~~~~~~
In file included from /usr/include/c++/11/bits/basic_string.h:48,
                 from /usr/include/c++/11/string:55,
                 from /usr/include/c++/11/bits/locale_classes.h:40,
                 from /usr/include/c++/11/bits/ios_base.h:41,
                 from /usr/include/c++/11/ios:42,
                 from /usr/include/c++/11/istream:38,
                 from /usr/include/c++/11/sstream:38,
                 from /usr/include/c++/11/complex:45,
                 from /usr/include/c++/11/ccomplex:39,
                 from /usr/include/x86_64-linux-gnu/c++/11/bits/stdc++.h:54,
                 from solve.c++:1:
/usr/include/c++/11/string_view:541:5: note: candidate: ‘template<class _CharT, class _Traits> constexpr bool std::operator==(std::basic_string_view<_CharT, _Traits>, std::__type_identity_t<std::basic_string_view<_CharT, _Traits> >)’
  541 |     operator==(basic_string_view<_CharT, _Traits> __x,
      |     ^~~~~~~~
/usr/include/c++/11/string_view:541:5: note:   template argument deduction/substitution failed:
In file included from /usr/include/c++/11/bits/stl_algobase.h:64,
                 from /usr/include/c++/11/bits/specfun.h:45,
                 from /usr/include/c++/11/cmath:1935,
                 from /usr/include/x86_64-linux-gnu/c++/11/bits/stdc++.h:41,
                 from solve.c++:1:
/usr/include/c++/11/bits/stl_pair.h:467:24: note:   ‘frac’ is not derived from ‘std::basic_string_view<_CharT, _Traits>’
  467 |     { return __x.first == __y.first && __x.second == __y.second; }
      |              ~~~~~~~~~~^~~~~~~~~~~~
In file included from /usr/include/c++/11/bits/basic_string.h:48,
                 from /usr/include/c++/11/string:55,
                 from /usr/include/c++/11/bits/locale_classes.h:40,
                 from /usr/include/c++/11/bits/ios_base.h:41,
                 from /usr/include/c++/11/ios:42,
                 from /usr/include/c++/11/istream:38,
                 from /usr/include/c++/11/sstream:38,
                 from /usr/include/c++/11/complex:45,
                 from /usr/include/c++/11/ccomplex:39,
                 from /usr/include/x86_64-linux-gnu/c++/11/bits/stdc++.h:54,
                 from solve.c++:1:
/usr/include/c++/11/string_view:564:5: note: candidate: ‘template<class _CharT, class _Traits> constexpr bool std::operator==(std::__type_identity_t<std::basic_string_view<_CharT, _Traits> >, std::basic_string_view<_CharT, _Traits>)’
  564 |     operator==(__type_identity_t<basic_string_view<_CharT, _Traits>> __x,
      |     ^~~~~~~~
/usr/include/c++/11/string_view:564:5: note:   template argument deduction/substitution failed:
In file included from /usr/include/c++/11/bits/stl_algobase.h:64,
                 from /usr/include/c++/11/bits/specfun.h:45,
                 from /usr/include/c++/11/cmath:1935,
                 from /usr/include/x86_64-linux-gnu/c++/11/bits/stdc++.h:41,
                 from solve.c++:1:
/usr/include/c++/11/bits/stl_pair.h:467:24: note:   ‘frac’ is not derived from ‘std::basic_string_view<_CharT, _Traits>’
  467 |     { return __x.first == __y.first && __x.second == __y.second; }
      |              ~~~~~~~~~~^~~~~~~~~~~~
In file included from /usr/include/c++/11/string:55,
                 from /usr/include/c++/11/bits/locale_classes.h:40,
                 from /usr/include/c++/11/bits/ios_base.h:41,
                 from /usr/include/c++/11/ios:42,
                 from /usr/include/c++/11/istream:38,
                 from /usr/include/c++/11/sstream:38,
                 from /usr/include/c++/11/complex:45,
                 from /usr/include/c++/11/ccomplex:39,
                 from /usr/include/x86_64-linux-gnu/c++/11/bits/stdc++.h:54,
                 from solve.c++:1:
/usr/include/c++/11/bits/basic_string.h:6226:5: note: candidate: ‘template<class _CharT, class _Traits, class _Alloc> bool std::operator==(const std::__cxx11::basic_string<_CharT, _Traits, _Allocator>&, const std::__cxx11::basic_string<_CharT, _Traits, _Allocator>&)’
 6226 |     operator==(const basic_string<_CharT, _Traits, _Alloc>& __lhs,
      |     ^~~~~~~~
/usr/include/c++/11/bits/basic_string.h:6226:5: note:   template argument deduction/substitution failed:
In file included from /usr/include/c++/11/bits/stl_algobase.h:64,
                 from /usr/include/c++/11/bits/specfun.h:45,
                 from /usr/include/c++/11/cmath:1935,
                 from /usr/include/x86_64-linux-gnu/c++/11/bits/stdc++.h:41,
                 from solve.c++:1:
/usr/include/c++/11/bits/stl_pair.h:467:24: note:   ‘const frac’ is not derived from ‘const std::__cxx11::basic_string<_CharT, _Traits, _Allocator>’
  467 |     { return __x.first == __y.first && __x.second == __y.second; }
      |              ~~~~~~~~~~^~~~~~~~~~~~
In file included from /usr/include/c++/11/string:55,
                 from /usr/include/c++/11/bits/locale_classes.h:40,
                 from /usr/include/c++/11/bits/ios_base.h:41,
                 from /usr/include/c++/11/ios:42,
                 from /usr/include/c++/11/istream:38,
                 from /usr/include/c++/11/sstream:38,
                 from /usr/include/c++/11/complex:45,
                 from /usr/include/c++/11/ccomplex:39,
                 from /usr/include/x86_64-linux-gnu/c++/11/bits/stdc++.h:54,
                 from solve.c++:1:
/usr/include/c++/11/bits/basic_string.h:6234:5: note: candidate: ‘template<class _CharT> typename __gnu_cxx::__enable_if<std::__is_char<_Tp>::__value, bool>::__type std::operator==(const std::__cxx11::basic_string<_CharT>&, const std::__cxx11::basic_string<_CharT>&)’
 6234 |     operator==(const basic_string<_CharT>& __lhs,
      |     ^~~~~~~~
/usr/include/c++/11/bits/basic_string.h:6234:5: note:   template argument deduction/substitution failed:
In file included from /usr/include/c++/11/bits/stl_algobase.h:64,
                 from /usr/include/c++/11/bits/specfun.h:45,
                 from /usr/include/c++/11/cmath:1935,
                 from /usr/include/x86_64-linux-gnu/c++/11/bits/stdc++.h:41,
                 from solve.c++:1:
/usr/include/c++/11/bits/stl_pair.h:467:24: note:   ‘const frac’ is not derived from ‘const std::__cxx11::basic_string<_CharT>’
  467 |     { return __x.first == __y.first && __x.second == __y.second; }
      |              ~~~~~~~~~~^~~~~~~~~~~~
In file included from /usr/include/c++/11/string:55,
                 from /usr/include/c++/11/bits/locale_classes.h:40,
                 from /usr/include/c++/11/bits/ios_base.h:41,
                 from /usr/include/c++/11/ios:42,
                 from /usr/include/c++/11/istream:38,
                 from /usr/include/c++/11/sstream:38,
                 from /usr/include/c++/11/complex:45,
                 from /usr/include/c++/11/ccomplex:39,
                 from /usr/include/x86_64-linux-gnu/c++/11/bits/stdc++.h:54,
                 from solve.c++:1:
/usr/include/c++/11/bits/basic_string.h:6248:5: note: candidate: ‘template<class _CharT, class _Traits, class _Alloc> bool std::operator==(const std::__cxx11::basic_string<_CharT, _Traits, _Allocator>&, const _CharT*)’
 6248 |     operator==(const basic_string<_CharT, _Traits, _Alloc>& __lhs,
      |     ^~~~~~~~
/usr/include/c++/11/bits/basic_string.h:6248:5: note:   template argument deduction/substitution failed:
In file included from /usr/include/c++/11/bits/stl_algobase.h:64,
                 from /usr/include/c++/11/bits/specfun.h:45,
                 from /usr/include/c++/11/cmath:1935,
                 from /usr/include/x86_64-linux-gnu/c++/11/bits/stdc++.h:41,
                 from solve.c++:1:
/usr/include/c++/11/bits/stl_pair.h:467:24: note:   ‘const frac’ is not derived from ‘const std::__cxx11::basic_string<_CharT, _Traits, _Allocator>’
  467 |     { return __x.first == __y.first && __x.second == __y.second; }
      |              ~~~~~~~~~~^~~~~~~~~~~~
In file included from /usr/include/c++/11/string:55,
                 from /usr/include/c++/11/bits/locale_classes.h:40,
                 from /usr/include/c++/11/bits/ios_base.h:41,
                 from /usr/include/c++/11/ios:42,
                 from /usr/include/c++/11/istream:38,
                 from /usr/include/c++/11/sstream:38,
                 from /usr/include/c++/11/complex:45,
                 from /usr/include/c++/11/ccomplex:39,
                 from /usr/include/x86_64-linux-gnu/c++/11/bits/stdc++.h:54,
                 from solve.c++:1:
/usr/include/c++/11/bits/basic_string.h:6289:5: note: candidate: ‘template<class _CharT, class _Traits, class _Alloc> bool std::operator==(const _CharT*, const std::__cxx11::basic_string<_CharT, _Traits, _Allocator>&)’
 6289 |     operator==(const _CharT* __lhs,
      |     ^~~~~~~~
/usr/include/c++/11/bits/basic_string.h:6289:5: note:   template argument deduction/substitution failed:
In file included from /usr/include/c++/11/bits/stl_algobase.h:64,
                 from /usr/include/c++/11/bits/specfun.h:45,
                 from /usr/include/c++/11/cmath:1935,
                 from /usr/include/x86_64-linux-gnu/c++/11/bits/stdc++.h:41,
                 from solve.c++:1:
/usr/include/c++/11/bits/stl_pair.h:467:24: note:   mismatched types ‘const _CharT*’ and ‘frac’
  467 |     { return __x.first == __y.first && __x.second == __y.second; }
      |              ~~~~~~~~~~^~~~~~~~~~~~
In file included from /usr/include/c++/11/bits/locale_facets.h:48,
                 from /usr/include/c++/11/bits/basic_ios.h:37,
                 from /usr/include/c++/11/ios:44,
                 from /usr/include/c++/11/istream:38,
                 from /usr/include/c++/11/sstream:38,
                 from /usr/include/c++/11/complex:45,
                 from /usr/include/c++/11/ccomplex:39,
                 from /usr/include/x86_64-linux-gnu/c++/11/bits/stdc++.h:54,
                 from solve.c++:1:
/usr/include/c++/11/bits/streambuf_iterator.h:226:5: note: candidate: ‘template<class _CharT, class _Traits> bool std::operator==(const std::istreambuf_iterator<_CharT, _Traits>&, const std::istreambuf_iterator<_CharT, _Traits>&)’
  226 |     operator==(const istreambuf_iterator<_CharT, _Traits>& __a,
      |     ^~~~~~~~
/usr/include/c++/11/bits/streambuf_iterator.h:226:5: note:   template argument deduction/substitution failed:
In file included from /usr/include/c++/11/bits/stl_algobase.h:64,
                 from /usr/include/c++/11/bits/specfun.h:45,
                 from /usr/include/c++/11/cmath:1935,
                 from /usr/include/x86_64-linux-gnu/c++/11/bits/stdc++.h:41,
                 from solve.c++:1:
/usr/include/c++/11/bits/stl_pair.h:467:24: note:   ‘const frac’ is not derived from ‘const std::istreambuf_iterator<_CharT, _Traits>’
  467 |     { return __x.first == __y.first && __x.second == __y.second; }
      |              ~~~~~~~~~~^~~~~~~~~~~~
In file included from /usr/include/c++/11/ccomplex:39,
                 from /usr/include/x86_64-linux-gnu/c++/11/bits/stdc++.h:54,
                 from solve.c++:1:
/usr/include/c++/11/complex:464:5: note: candidate: ‘template<class _Tp> constexpr bool std::operator==(const std::complex<_Tp>&, const std::complex<_Tp>&)’
  464 |     operator==(const complex<_Tp>& __x, const complex<_Tp>& __y)
      |     ^~~~~~~~
/usr/include/c++/11/complex:464:5: note:   template argument deduction/substitution failed:
In file included from /usr/include/c++/11/bits/stl_algobase.h:64,
                 from /usr/include/c++/11/bits/specfun.h:45,
                 from /usr/include/c++/11/cmath:1935,
                 from /usr/include/x86_64-linux-gnu/c++/11/bits/stdc++.h:41,
                 from solve.c++:1:
/usr/include/c++/11/bits/stl_pair.h:467:24: note:   ‘const frac’ is not derived from ‘const std::complex<_Tp>’
  467 |     { return __x.first == __y.first && __x.second == __y.second; }
      |              ~~~~~~~~~~^~~~~~~~~~~~
In file included from /usr/include/c++/11/ccomplex:39,
                 from /usr/include/x86_64-linux-gnu/c++/11/bits/stdc++.h:54,
                 from solve.c++:1:
/usr/include/c++/11/complex:469:5: note: candidate: ‘template<class _Tp> constexpr bool std::operator==(const std::complex<_Tp>&, const _Tp&)’
  469 |     operator==(const complex<_Tp>& __x, const _Tp& __y)
      |     ^~~~~~~~
/usr/include/c++/11/complex:469:5: note:   template argument deduction/substitution failed:
In file included from /usr/include/c++/11/bits/stl_algobase.h:64,
                 from /usr/include/c++/11/bits/specfun.h:45,
                 from /usr/include/c++/11/cmath:1935,
                 from /usr/include/x86_64-linux-gnu/c++/11/bits/stdc++.h:41,
                 from solve.c++:1:
/usr/include/c++/11/bits/stl_pair.h:467:24: note:   ‘const frac’ is not derived from ‘const std::complex<_Tp>’
  467 |     { return __x.first == __y.first && __x.second == __y.second; }
      |              ~~~~~~~~~~^~~~~~~~~~~~
In file included from /usr/include/c++/11/ccomplex:39,
                 from /usr/include/x86_64-linux-gnu/c++/11/bits/stdc++.h:54,
                 from solve.c++:1:
/usr/include/c++/11/complex:475:5: note: candidate: ‘template<class _Tp> constexpr bool std::operator==(const _Tp&, const std::complex<_Tp>&)’
  475 |     operator==(const _Tp& __x, const complex<_Tp>& __y)
      |     ^~~~~~~~
/usr/include/c++/11/complex:475:5: note:   template argument deduction/substitution failed:
In file included from /usr/include/c++/11/bits/stl_algobase.h:64,
                 from /usr/include/c++/11/bits/specfun.h:45,
                 from /usr/include/c++/11/cmath:1935,
                 from /usr/include/x86_64-linux-gnu/c++/11/bits/stdc++.h:41,
                 from solve.c++:1:
/usr/include/c++/11/bits/stl_pair.h:467:24: note:   ‘const frac’ is not derived from ‘const std::complex<_Tp>’
  467 |     { return __x.first == __y.first && __x.second == __y.second; }
      |              ~~~~~~~~~~^~~~~~~~~~~~
In file included from /usr/include/c++/11/tuple:39,
                 from /usr/include/c++/11/functional:54,
                 from /usr/include/c++/11/pstl/glue_algorithm_defs.h:13,
                 from /usr/include/c++/11/algorithm:74,
                 from /usr/include/x86_64-linux-gnu/c++/11/bits/stdc++.h:65,
                 from solve.c++:1:
/usr/include/c++/11/array:276:5: note: candidate: ‘template<class _Tp, long unsigned int _Nm> bool std::operator==(const std::array<_Tp, _Nm>&, const std::array<_Tp, _Nm>&)’
  276 |     operator==(const array<_Tp, _Nm>& __one, const array<_Tp, _Nm>& __two)
      |     ^~~~~~~~
/usr/include/c++/11/array:276:5: note:   template argument deduction/substitution failed:
In file included from /usr/include/c++/11/bits/stl_algobase.h:64,
                 from /usr/include/c++/11/bits/specfun.h:45,
                 from /usr/include/c++/11/cmath:1935,
                 from /usr/include/x86_64-linux-gnu/c++/11/bits/stdc++.h:41,
                 from solve.c++:1:
/usr/include/c++/11/bits/stl_pair.h:467:24: note:   ‘const frac’ is not derived from ‘const std::array<_Tp, _Nm>’
  467 |     { return __x.first == __y.first && __x.second == __y.second; }
      |              ~~~~~~~~~~^~~~~~~~~~~~
In file included from /usr/include/c++/11/functional:54,
                 from /usr/include/c++/11/pstl/glue_algorithm_defs.h:13,
                 from /usr/include/c++/11/algorithm:74,
                 from /usr/include/x86_64-linux-gnu/c++/11/bits/stdc++.h:65,
                 from solve.c++:1:
/usr/include/c++/11/tuple:1524:5: note: candidate: ‘template<class ... _TElements, class ... _UElements> constexpr bool std::operator==(const std::tuple<_Tps ...>&, const std::tuple<_UTypes ...>&)’
 1524 |     operator==(const tuple<_TElements...>& __t,
      |     ^~~~~~~~
/usr/include/c++/11/tuple:1524:5: note:   template argument deduction/substitution failed:
In file included from /usr/include/c++/11/bits/stl_algobase.h:64,
                 from /usr/include/c++/11/bits/specfun.h:45,
                 from /usr/include/c++/11/cmath:1935,
                 from /usr/include/x86_64-linux-gnu/c++/11/bits/stdc++.h:41,
                 from solve.c++:1:
/usr/include/c++/11/bits/stl_pair.h:467:24: note:   ‘const frac’ is not derived from ‘const std::tuple<_Tps ...>’
  467 |     { return __x.first == __y.first && __x.second == __y.second; }
      |              ~~~~~~~~~~^~~~~~~~~~~~
In file included from /usr/include/c++/11/functional:59,
                 from /usr/include/c++/11/pstl/glue_algorithm_defs.h:13,
                 from /usr/include/c++/11/algorithm:74,
                 from /usr/include/x86_64-linux-gnu/c++/11/bits/stdc++.h:65,
                 from solve.c++:1:
/usr/include/c++/11/bits/std_function.h:718:5: note: candidate: ‘template<class _Res, class ... _Args> bool std::operator==(const std::function<_Res(_ArgTypes ...)>&, std::nullptr_t)’
  718 |     operator==(const function<_Res(_Args...)>& __f, nullptr_t) noexcept
      |     ^~~~~~~~
/usr/include/c++/11/bits/std_function.h:718:5: note:   template argument deduction/substitution failed:
In file included from /usr/include/c++/11/bits/stl_algobase.h:64,
                 from /usr/include/c++/11/bits/specfun.h:45,
                 from /usr/include/c++/11/cmath:1935,
                 from /usr/include/x86_64-linux-gnu/c++/11/bits/stdc++.h:41,
                 from solve.c++:1:
/usr/include/c++/11/bits/stl_pair.h:467:24: note:   ‘const frac’ is not derived from ‘const std::function<_Res(_ArgTypes ...)>’
  467 |     { return __x.first == __y.first && __x.second == __y.second; }
      |              ~~~~~~~~~~^~~~~~~~~~~~
In file included from /usr/include/c++/11/functional:59,
                 from /usr/include/c++/11/pstl/glue_algorithm_defs.h:13,
                 from /usr/include/c++/11/algorithm:74,
                 from /usr/include/x86_64-linux-gnu/c++/11/bits/stdc++.h:65,
                 from solve.c++:1:
/usr/include/c++/11/bits/std_function.h:725:5: note: candidate: ‘template<class _Res, class ... _Args> bool std::operator==(std::nullptr_t, const std::function<_Res(_ArgTypes ...)>&)’
  725 |     operator==(nullptr_t, const function<_Res(_Args...)>& __f) noexcept
      |     ^~~~~~~~
/usr/include/c++/11/bits/std_function.h:725:5: note:   template argument deduction/substitution failed:
In file included from /usr/include/c++/11/bits/stl_algobase.h:64,
                 from /usr/include/c++/11/bits/specfun.h:45,
                 from /usr/include/c++/11/cmath:1935,
                 from /usr/include/x86_64-linux-gnu/c++/11/bits/stdc++.h:41,
                 from solve.c++:1:
/usr/include/c++/11/bits/stl_pair.h:467:24: note:   ‘const frac’ is not derived from ‘const std::function<_Res(_ArgTypes ...)>’
  467 |     { return __x.first == __y.first && __x.second == __y.second; }
      |              ~~~~~~~~~~^~~~~~~~~~~~
In file included from /usr/include/c++/11/unordered_map:47,
                 from /usr/include/c++/11/functional:61,
                 from /usr/include/c++/11/pstl/glue_algorithm_defs.h:13,
                 from /usr/include/c++/11/algorithm:74,
                 from /usr/include/x86_64-linux-gnu/c++/11/bits/stdc++.h:65,
                 from solve.c++:1:
/usr/include/c++/11/bits/unordered_map.h:2134:5: note: candidate: ‘template<class _Key1, class _Tp1, class _Hash1, class _Pred1, class _Alloc1> bool std::operator==(const std::unordered_map<_Key1, _Tp1, _Hash1, _Pred1, _Alloc1>&, const std::unordered_map<_Key1, _Tp1, _Hash1, _Pred1, _Alloc1>&)’
 2134 |     operator==(const unordered_map<_Key, _Tp, _Hash, _Pred, _Alloc>& __x,
      |     ^~~~~~~~
/usr/include/c++/11/bits/unordered_map.h:2134:5: note:   template argument deduction/substitution failed:
In file included from /usr/include/c++/11/bits/stl_algobase.h:64,
                 from /usr/include/c++/11/bits/specfun.h:45,
                 from /usr/include/c++/11/cmath:1935,
                 from /usr/include/x86_64-linux-gnu/c++/11/bits/stdc++.h:41,
                 from solve.c++:1:
/usr/include/c++/11/bits/stl_pair.h:467:24: note:   ‘const frac’ is not derived from ‘const std::unordered_map<_Key1, _Tp1, _Hash1, _Pred1, _Alloc1>’
  467 |     { return __x.first == __y.first && __x.second == __y.second; }
      |              ~~~~~~~~~~^~~~~~~~~~~~
In file included from /usr/include/c++/11/unordered_map:47,
                 from /usr/include/c++/11/functional:61,
                 from /usr/include/c++/11/pstl/glue_algorithm_defs.h:13,
                 from /usr/include/c++/11/algorithm:74,
                 from /usr/include/x86_64-linux-gnu/c++/11/bits/stdc++.h:65,
                 from solve.c++:1:
/usr/include/c++/11/bits/unordered_map.h:2148:5: note: candidate: ‘template<class _Key1, class _Tp1, class _Hash1, class _Pred1, class _Alloc1> bool std::operator==(const std::unordered_multimap<_Key1, _Tp1, _Hash1, _Pred1, _Alloc1>&, const std::unordered_multimap<_Key1, _Tp1, _Hash1, _Pred1, _Alloc1>&)’
 2148 |     operator==(const unordered_multimap<_Key, _Tp, _Hash, _Pred, _Alloc>& __x,
      |     ^~~~~~~~
/usr/include/c++/11/bits/unordered_map.h:2148:5: note:   template argument deduction/substitution failed:
In file included from /usr/include/c++/11/bits/stl_algobase.h:64,
                 from /usr/include/c++/11/bits/specfun.h:45,
                 from /usr/include/c++/11/cmath:1935,
                 from /usr/include/x86_64-linux-gnu/c++/11/bits/stdc++.h:41,
                 from solve.c++:1:
/usr/include/c++/11/bits/stl_pair.h:467:24: note:   ‘const frac’ is not derived from ‘const std::unordered_multimap<_Key1, _Tp1, _Hash1, _Pred1, _Alloc1>’
  467 |     { return __x.first == __y.first && __x.second == __y.second; }
      |              ~~~~~~~~~~^~~~~~~~~~~~
In file included from /usr/include/c++/11/vector:67,
                 from /usr/include/c++/11/functional:62,
                 from /usr/include/c++/11/pstl/glue_algorithm_defs.h:13,
                 from /usr/include/c++/11/algorithm:74,
                 from /usr/include/x86_64-linux-gnu/c++/11/bits/stdc++.h:65,
                 from solve.c++:1:
/usr/include/c++/11/bits/stl_vector.h:1892:5: note: candidate: ‘template<class _Tp, class _Alloc> bool std::operator==(const std::vector<_Tp, _Alloc>&, const std::vector<_Tp, _Alloc>&)’
 1892 |     operator==(const vector<_Tp, _Alloc>& __x, const vector<_Tp, _Alloc>& __y)
      |     ^~~~~~~~
/usr/include/c++/11/bits/stl_vector.h:1892:5: note:   template argument deduction/substitution failed:
In file included from /usr/include/c++/11/bits/stl_algobase.h:64,
                 from /usr/include/c++/11/bits/specfun.h:45,
                 from /usr/include/c++/11/cmath:1935,
                 from /usr/include/x86_64-linux-gnu/c++/11/bits/stdc++.h:41,
                 from solve.c++:1:
/usr/include/c++/11/bits/stl_pair.h:467:24: note:   ‘const frac’ is not derived from ‘const std::vector<_Tp, _Alloc>’
  467 |     { return __x.first == __y.first && __x.second == __y.second; }
      |              ~~~~~~~~~~^~~~~~~~~~~~
In file included from /usr/include/c++/11/deque:67,
                 from /usr/include/x86_64-linux-gnu/c++/11/bits/stdc++.h:68,
                 from solve.c++:1:
/usr/include/c++/11/bits/stl_deque.h:2247:5: note: candidate: ‘template<class _Tp, class _Alloc> bool std::operator==(const std::deque<_Tp, _Alloc>&, const std::deque<_Tp, _Alloc>&)’
 2247 |     operator==(const deque<_Tp, _Alloc>& __x, const deque<_Tp, _Alloc>& __y)
      |     ^~~~~~~~
/usr/include/c++/11/bits/stl_deque.h:2247:5: note:   template argument deduction/substitution failed:
In file included from /usr/include/c++/11/bits/stl_algobase.h:64,
                 from /usr/include/c++/11/bits/specfun.h:45,
                 from /usr/include/c++/11/cmath:1935,
                 from /usr/include/x86_64-linux-gnu/c++/11/bits/stdc++.h:41,
                 from solve.c++:1:
/usr/include/c++/11/bits/stl_pair.h:467:24: note:   ‘const frac’ is not derived from ‘const std::deque<_Tp, _Alloc>’
  467 |     { return __x.first == __y.first && __x.second == __y.second; }
      |              ~~~~~~~~~~^~~~~~~~~~~~
In file included from /usr/include/c++/11/bits/locale_conv.h:41,
                 from /usr/include/c++/11/locale:43,
                 from /usr/include/c++/11/iomanip:43,
                 from /usr/include/x86_64-linux-gnu/c++/11/bits/stdc++.h:72,
                 from solve.c++:1:
/usr/include/c++/11/bits/unique_ptr.h:753:5: note: candidate: ‘template<class _Tp, class _Dp, class _Up, class _Ep> bool std::operator==(const std::unique_ptr<_Tp, _Dp>&, const std::unique_ptr<_Up, _Ep>&)’
  753 |     operator==(const unique_ptr<_Tp, _Dp>& __x,
      |     ^~~~~~~~
/usr/include/c++/11/bits/unique_ptr.h:753:5: note:   template argument deduction/substitution failed:
In file included from /usr/include/c++/11/bits/stl_algobase.h:64,
                 from /usr/include/c++/11/bits/specfun.h:45,
                 from /usr/include/c++/11/cmath:1935,
                 from /usr/include/x86_64-linux-gnu/c++/11/bits/stdc++.h:41,
                 from solve.c++:1:
/usr/include/c++/11/bits/stl_pair.h:467:24: note:   ‘const frac’ is not derived from ‘const std::unique_ptr<_Tp, _Dp>’
  467 |     { return __x.first == __y.first && __x.second == __y.second; }
      |              ~~~~~~~~~~^~~~~~~~~~~~
In file included from /usr/include/c++/11/bits/locale_conv.h:41,
                 from /usr/include/c++/11/locale:43,
                 from /usr/include/c++/11/iomanip:43,
                 from /usr/include/x86_64-linux-gnu/c++/11/bits/stdc++.h:72,
                 from solve.c++:1:
/usr/include/c++/11/bits/unique_ptr.h:760:5: note: candidate: ‘template<class _Tp, class _Dp> bool std::operator==(const std::unique_ptr<_Tp, _Dp>&, std::nullptr_t)’
  760 |     operator==(const unique_ptr<_Tp, _Dp>& __x, nullptr_t) noexcept
      |     ^~~~~~~~
/usr/include/c++/11/bits/unique_ptr.h:760:5: note:   template argument deduction/substitution failed:
In file included from /usr/include/c++/11/bits/stl_algobase.h:64,
                 from /usr/include/c++/11/bits/specfun.h:45,
                 from /usr/include/c++/11/cmath:1935,
                 from /usr/include/x86_64-linux-gnu/c++/11/bits/stdc++.h:41,
                 from solve.c++:1:
/usr/include/c++/11/bits/stl_pair.h:467:24: note:   ‘const frac’ is not derived from ‘const std::unique_ptr<_Tp, _Dp>’
  467 |     { return __x.first == __y.first && __x.second == __y.second; }
      |              ~~~~~~~~~~^~~~~~~~~~~~
In file included from /usr/include/c++/11/bits/locale_conv.h:41,
                 from /usr/include/c++/11/locale:43,
                 from /usr/include/c++/11/iomanip:43,
                 from /usr/include/x86_64-linux-gnu/c++/11/bits/stdc++.h:72,
                 from solve.c++:1:
/usr/include/c++/11/bits/unique_ptr.h:767:5: note: candidate: ‘template<class _Tp, class _Dp> bool std::operator==(std::nullptr_t, const std::unique_ptr<_Tp, _Dp>&)’
  767 |     operator==(nullptr_t, const unique_ptr<_Tp, _Dp>& __x) noexcept
      |     ^~~~~~~~
/usr/include/c++/11/bits/unique_ptr.h:767:5: note:   template argument deduction/substitution failed:
In file included from /usr/include/c++/11/bits/stl_algobase.h:64,
                 from /usr/include/c++/11/bits/specfun.h:45,
                 from /usr/include/c++/11/cmath:1935,
                 from /usr/include/x86_64-linux-gnu/c++/11/bits/stdc++.h:41,
                 from solve.c++:1:
/usr/include/c++/11/bits/stl_pair.h:467:24: note:   ‘const frac’ is not derived from ‘const std::unique_ptr<_Tp, _Dp>’
  467 |     { return __x.first == __y.first && __x.second == __y.second; }
      |              ~~~~~~~~~~^~~~~~~~~~~~
In file included from /usr/include/c++/11/list:63,
                 from /usr/include/x86_64-linux-gnu/c++/11/bits/stdc++.h:79,
                 from solve.c++:1:
/usr/include/c++/11/bits/stl_list.h:2030:5: note: candidate: ‘template<class _Tp, class _Alloc> bool std::operator==(const std::__cxx11::list<_Tp, _Alloc>&, const std::__cxx11::list<_Tp, _Alloc>&)’
 2030 |     operator==(const list<_Tp, _Alloc>& __x, const list<_Tp, _Alloc>& __y)
      |     ^~~~~~~~
/usr/include/c++/11/bits/stl_list.h:2030:5: note:   template argument deduction/substitution failed:
In file included from /usr/include/c++/11/bits/stl_algobase.h:64,
                 from /usr/include/c++/11/bits/specfun.h:45,
                 from /usr/include/c++/11/cmath:1935,
                 from /usr/include/x86_64-linux-gnu/c++/11/bits/stdc++.h:41,
                 from solve.c++:1:
/usr/include/c++/11/bits/stl_pair.h:467:24: note:   ‘const frac’ is not derived from ‘const std::__cxx11::list<_Tp, _Alloc>’
  467 |     { return __x.first == __y.first && __x.second == __y.second; }
      |              ~~~~~~~~~~^~~~~~~~~~~~
In file included from /usr/include/c++/11/map:61,
                 from /usr/include/x86_64-linux-gnu/c++/11/bits/stdc++.h:81,
                 from solve.c++:1:
/usr/include/c++/11/bits/stl_map.h:1463:5: note: candidate: ‘template<class _Key, class _Tp, class _Compare, class _Alloc> bool std::operator==(const std::map<_Key, _Tp, _Compare, _Allocator>&, const std::map<_Key, _Tp, _Compare, _Allocator>&)’
 1463 |     operator==(const map<_Key, _Tp, _Compare, _Alloc>& __x,
      |     ^~~~~~~~
/usr/include/c++/11/bits/stl_map.h:1463:5: note:   template argument deduction/substitution failed:
In file included from /usr/include/c++/11/bits/stl_algobase.h:64,
                 from /usr/include/c++/11/bits/specfun.h:45,
                 from /usr/include/c++/11/cmath:1935,
                 from /usr/include/x86_64-linux-gnu/c++/11/bits/stdc++.h:41,
                 from solve.c++:1:
/usr/include/c++/11/bits/stl_pair.h:467:24: note:   ‘const frac’ is not derived from ‘const std::map<_Key, _Tp, _Compare, _Allocator>’
  467 |     { return __x.first == __y.first && __x.second == __y.second; }
      |              ~~~~~~~~~~^~~~~~~~~~~~
In file included from /usr/include/c++/11/map:62,
                 from /usr/include/x86_64-linux-gnu/c++/11/bits/stdc++.h:81,
                 from solve.c++:1:
/usr/include/c++/11/bits/stl_multimap.h:1128:5: note: candidate: ‘template<class _Key, class _Tp, class _Compare, class _Alloc> bool std::operator==(const std::multimap<_Key, _Tp, _Compare, _Allocator>&, const std::multimap<_Key, _Tp, _Compare, _Allocator>&)’
 1128 |     operator==(const multimap<_Key, _Tp, _Compare, _Alloc>& __x,
      |     ^~~~~~~~
/usr/include/c++/11/bits/stl_multimap.h:1128:5: note:   template argument deduction/substitution failed:
In file included from /usr/include/c++/11/bits/stl_algobase.h:64,
                 from /usr/include/c++/11/bits/specfun.h:45,
                 from /usr/include/c++/11/cmath:1935,
                 from /usr/include/x86_64-linux-gnu/c++/11/bits/stdc++.h:41,
                 from solve.c++:1:
/usr/include/c++/11/bits/stl_pair.h:467:24: note:   ‘const frac’ is not derived from ‘const std::multimap<_Key, _Tp, _Compare, _Allocator>’
  467 |     { return __x.first == __y.first && __x.second == __y.second; }
      |              ~~~~~~~~~~^~~~~~~~~~~~
In file included from /usr/include/c++/11/bits/shared_ptr.h:53,
                 from /usr/include/c++/11/memory:77,
                 from /usr/include/x86_64-linux-gnu/c++/11/bits/stdc++.h:82,
                 from solve.c++:1:
/usr/include/c++/11/bits/shared_ptr_base.h:1410:5: note: candidate: ‘template<class _Tp1, class _Tp2, __gnu_cxx::_Lock_policy _Lp> bool std::operator==(const std::__shared_ptr<_Tp1, _Lp>&, const std::__shared_ptr<_Tp2, _Lp>&)’
 1410 |     operator==(const __shared_ptr<_Tp1, _Lp>& __a,
      |     ^~~~~~~~
/usr/include/c++/11/bits/shared_ptr_base.h:1410:5: note:   template argument deduction/substitution failed:
In file included from /usr/include/c++/11/bits/stl_algobase.h:64,
                 from /usr/include/c++/11/bits/specfun.h:45,
                 from /usr/include/c++/11/cmath:1935,
                 from /usr/include/x86_64-linux-gnu/c++/11/bits/stdc++.h:41,
                 from solve.c++:1:
/usr/include/c++/11/bits/stl_pair.h:467:24: note:   ‘const frac’ is not derived from ‘const std::__shared_ptr<_Tp1, _Lp>’
  467 |     { return __x.first == __y.first && __x.second == __y.second; }
      |              ~~~~~~~~~~^~~~~~~~~~~~
In file included from /usr/include/c++/11/bits/shared_ptr.h:53,
                 from /usr/include/c++/11/memory:77,
                 from /usr/include/x86_64-linux-gnu/c++/11/bits/stdc++.h:82,
                 from solve.c++:1:
/usr/include/c++/11/bits/shared_ptr_base.h:1416:5: note: candidate: ‘template<class _Tp, __gnu_cxx::_Lock_policy _Lp> bool std::operator==(const std::__shared_ptr<_Tp, _Lp>&, std::nullptr_t)’
 1416 |     operator==(const __shared_ptr<_Tp, _Lp>& __a, nullptr_t) noexcept
      |     ^~~~~~~~
/usr/include/c++/11/bits/shared_ptr_base.h:1416:5: note:   template argument deduction/substitution failed:
In file included from /usr/include/c++/11/bits/stl_algobase.h:64,
                 from /usr/include/c++/11/bits/specfun.h:45,
                 from /usr/include/c++/11/cmath:1935,
                 from /usr/include/x86_64-linux-gnu/c++/11/bits/stdc++.h:41,
                 from solve.c++:1:
/usr/include/c++/11/bits/stl_pair.h:467:24: note:   ‘const frac’ is not derived from ‘const std::__shared_ptr<_Tp, _Lp>’
  467 |     { return __x.first == __y.first && __x.second == __y.second; }
      |              ~~~~~~~~~~^~~~~~~~~~~~
In file included from /usr/include/c++/11/bits/shared_ptr.h:53,
                 from /usr/include/c++/11/memory:77,
                 from /usr/include/x86_64-linux-gnu/c++/11/bits/stdc++.h:82,
                 from solve.c++:1:
/usr/include/c++/11/bits/shared_ptr_base.h:1436:5: note: candidate: ‘template<class _Tp, __gnu_cxx::_Lock_policy _Lp> bool std::operator==(std::nullptr_t, const std::__shared_ptr<_Tp, _Lp>&)’
 1436 |     operator==(nullptr_t, const __shared_ptr<_Tp, _Lp>& __a) noexcept
      |     ^~~~~~~~
/usr/include/c++/11/bits/shared_ptr_base.h:1436:5: note:   template argument deduction/substitution failed:
In file included from /usr/include/c++/11/bits/stl_algobase.h:64,
                 from /usr/include/c++/11/bits/specfun.h:45,
                 from /usr/include/c++/11/cmath:1935,
                 from /usr/include/x86_64-linux-gnu/c++/11/bits/stdc++.h:41,
                 from solve.c++:1:
/usr/include/c++/11/bits/stl_pair.h:467:24: note:   ‘const frac’ is not derived from ‘const std::__shared_ptr<_Tp, _Lp>’
  467 |     { return __x.first == __y.first && __x.second == __y.second; }
      |              ~~~~~~~~~~^~~~~~~~~~~~
In file included from /usr/include/c++/11/memory:77,
                 from /usr/include/x86_64-linux-gnu/c++/11/bits/stdc++.h:82,
                 from solve.c++:1:
/usr/include/c++/11/bits/shared_ptr.h:437:5: note: candidate: ‘template<class _Tp, class _Up> bool std::operator==(const std::shared_ptr<_Tp>&, const std::shared_ptr<_Tp>&)’
  437 |     operator==(const shared_ptr<_Tp>& __a, const shared_ptr<_Up>& __b) noexcept
      |     ^~~~~~~~
/usr/include/c++/11/bits/shared_ptr.h:437:5: note:   template argument deduction/substitution failed:
In file included from /usr/include/c++/11/bits/stl_algobase.h:64,
                 from /usr/include/c++/11/bits/specfun.h:45,
                 from /usr/include/c++/11/cmath:1935,
                 from /usr/include/x86_64-linux-gnu/c++/11/bits/stdc++.h:41,
                 from solve.c++:1:
/usr/include/c++/11/bits/stl_pair.h:467:24: note:   ‘const frac’ is not derived from ‘const std::shared_ptr<_Tp>’
  467 |     { return __x.first == __y.first && __x.second == __y.second; }
      |              ~~~~~~~~~~^~~~~~~~~~~~
In file included from /usr/include/c++/11/memory:77,
                 from /usr/include/x86_64-linux-gnu/c++/11/bits/stdc++.h:82,
                 from solve.c++:1:
/usr/include/c++/11/bits/shared_ptr.h:443:5: note: candidate: ‘template<class _Tp> bool std::operator==(const std::shared_ptr<_Tp>&, std::nullptr_t)’
  443 |     operator==(const shared_ptr<_Tp>& __a, nullptr_t) noexcept
      |     ^~~~~~~~
/usr/include/c++/11/bits/shared_ptr.h:443:5: note:   template argument deduction/substitution failed:
In file included from /usr/include/c++/11/bits/stl_algobase.h:64,
                 from /usr/include/c++/11/bits/specfun.h:45,
                 from /usr/include/c++/11/cmath:1935,
                 from /usr/include/x86_64-linux-gnu/c++/11/bits/stdc++.h:41,
                 from solve.c++:1:
/usr/include/c++/11/bits/stl_pair.h:467:24: note:   ‘const frac’ is not derived from ‘const std::shared_ptr<_Tp>’
  467 |     { return __x.first == __y.first && __x.second == __y.second; }
      |              ~~~~~~~~~~^~~~~~~~~~~~
In file included from /usr/include/c++/11/memory:77,
                 from /usr/include/x86_64-linux-gnu/c++/11/bits/stdc++.h:82,
                 from solve.c++:1:
/usr/include/c++/11/bits/shared_ptr.h:464:5: note: candidate: ‘template<class _Tp> bool std::operator==(std::nullptr_t, const std::shared_ptr<_Tp>&)’
  464 |     operator==(nullptr_t, const shared_ptr<_Tp>& __a) noexcept
      |     ^~~~~~~~
/usr/include/c++/11/bits/shared_ptr.h:464:5: note:   template argument deduction/substitution failed:
In file included from /usr/include/c++/11/bits/stl_algobase.h:64,
                 from /usr/include/c++/11/bits/specfun.h:45,
                 from /usr/include/c++/11/cmath:1935,
                 from /usr/include/x86_64-linux-gnu/c++/11/bits/stdc++.h:41,
                 from solve.c++:1:
/usr/include/c++/11/bits/stl_pair.h:467:24: note:   ‘const frac’ is not derived from ‘const std::shared_ptr<_Tp>’
  467 |     { return __x.first == __y.first && __x.second == __y.second; }
      |              ~~~~~~~~~~^~~~~~~~~~~~
In file included from /usr/include/c++/11/queue:64,
                 from /usr/include/x86_64-linux-gnu/c++/11/bits/stdc++.h:86,
                 from solve.c++:1:
/usr/include/c++/11/bits/stl_queue.h:344:5: note: candidate: ‘template<class _Tp, class _Seq> bool std::operator==(const std::queue<_Tp, _Seq>&, const std::queue<_Tp, _Seq>&)’
  344 |     operator==(const queue<_Tp, _Seq>& __x, const queue<_Tp, _Seq>& __y)
      |     ^~~~~~~~
/usr/include/c++/11/bits/stl_queue.h:344:5: note:   template argument deduction/substitution failed:
In file included from /usr/include/c++/11/bits/stl_algobase.h:64,
                 from /usr/include/c++/11/bits/specfun.h:45,
                 from /usr/include/c++/11/cmath:1935,
                 from /usr/include/x86_64-linux-gnu/c++/11/bits/stdc++.h:41,
                 from solve.c++:1:
/usr/include/c++/11/bits/stl_pair.h:467:24: note:   ‘const frac’ is not derived from ‘const std::queue<_Tp, _Seq>’
  467 |     { return __x.first == __y.first && __x.second == __y.second; }
      |              ~~~~~~~~~~^~~~~~~~~~~~
In file included from /usr/include/c++/11/set:61,
                 from /usr/include/x86_64-linux-gnu/c++/11/bits/stdc++.h:87,
                 from solve.c++:1:
/usr/include/c++/11/bits/stl_set.h:985:5: note: candidate: ‘template<class _Key, class _Compare, class _Alloc> bool std::operator==(const std::set<_Key, _Compare, _Allocator>&, const std::set<_Key, _Compare, _Allocator>&)’
  985 |     operator==(const set<_Key, _Compare, _Alloc>& __x,
      |     ^~~~~~~~
/usr/include/c++/11/bits/stl_set.h:985:5: note:   template argument deduction/substitution failed:
In file included from /usr/include/c++/11/bits/stl_algobase.h:64,
                 from /usr/include/c++/11/bits/specfun.h:45,
                 from /usr/include/c++/11/cmath:1935,
                 from /usr/include/x86_64-linux-gnu/c++/11/bits/stdc++.h:41,
                 from solve.c++:1:
/usr/include/c++/11/bits/stl_pair.h:467:24: note:   ‘const frac’ is not derived from ‘const std::set<_Key, _Compare, _Allocator>’
  467 |     { return __x.first == __y.first && __x.second == __y.second; }
      |              ~~~~~~~~~~^~~~~~~~~~~~
In file included from /usr/include/c++/11/set:62,
                 from /usr/include/x86_64-linux-gnu/c++/11/bits/stdc++.h:87,
                 from solve.c++:1:
/usr/include/c++/11/bits/stl_multiset.h:971:5: note: candidate: ‘template<class _Key, class _Compare, class _Alloc> bool std::operator==(const std::multiset<_Key, _Compare, _Allocator>&, const std::multiset<_Key, _Compare, _Allocator>&)’
  971 |     operator==(const multiset<_Key, _Compare, _Alloc>& __x,
      |     ^~~~~~~~
/usr/include/c++/11/bits/stl_multiset.h:971:5: note:   template argument deduction/substitution failed:
In file included from /usr/include/c++/11/bits/stl_algobase.h:64,
                 from /usr/include/c++/11/bits/specfun.h:45,
                 from /usr/include/c++/11/cmath:1935,
                 from /usr/include/x86_64-linux-gnu/c++/11/bits/stdc++.h:41,
                 from solve.c++:1:
/usr/include/c++/11/bits/stl_pair.h:467:24: note:   ‘const frac’ is not derived from ‘const std::multiset<_Key, _Compare, _Allocator>’
  467 |     { return __x.first == __y.first && __x.second == __y.second; }
      |              ~~~~~~~~~~^~~~~~~~~~~~
In file included from /usr/include/c++/11/stack:61,
                 from /usr/include/x86_64-linux-gnu/c++/11/bits/stdc++.h:89,
                 from solve.c++:1:
/usr/include/c++/11/bits/stl_stack.h:319:5: note: candidate: ‘template<class _Tp, class _Seq> bool std::operator==(const std::stack<_Tp, _Seq>&, const std::stack<_Tp, _Seq>&)’
  319 |     operator==(const stack<_Tp, _Seq>& __x, const stack<_Tp, _Seq>& __y)
      |     ^~~~~~~~
/usr/include/c++/11/bits/stl_stack.h:319:5: note:   template argument deduction/substitution failed:
In file included from /usr/include/c++/11/bits/stl_algobase.h:64,
                 from /usr/include/c++/11/bits/specfun.h:45,
                 from /usr/include/c++/11/cmath:1935,
                 from /usr/include/x86_64-linux-gnu/c++/11/bits/stdc++.h:41,
                 from solve.c++:1:
/usr/include/c++/11/bits/stl_pair.h:467:24: note:   ‘const frac’ is not derived from ‘const std::stack<_Tp, _Seq>’
  467 |     { return __x.first == __y.first && __x.second == __y.second; }
      |              ~~~~~~~~~~^~~~~~~~~~~~
In file included from /usr/include/c++/11/valarray:603,
                 from /usr/include/x86_64-linux-gnu/c++/11/bits/stdc++.h:95,
                 from solve.c++:1:
/usr/include/c++/11/bits/valarray_after.h:417:5: note: candidate: ‘template<class _Dom1, class _Dom2> std::_Expr<std::__detail::_BinClos<std::__equal_to, std::_Expr, std::_Expr, _Dom1, _Dom2>, typename std::__fun<std::__equal_to, typename _Dom1::value_type>::result_type> std::operator==(const std::_Expr<_Dom1, typename _Dom1::value_type>&, const std::_Expr<_Dom2, typename _Dom2::value_type>&)’
  417 |     _DEFINE_EXPR_BINARY_OPERATOR(==, struct std::__equal_to)
      |     ^~~~~~~~~~~~~~~~~~~~~~~~~~~~
/usr/include/c++/11/bits/valarray_after.h:417:5: note:   template argument deduction/substitution failed:
In file included from /usr/include/c++/11/bits/stl_algobase.h:64,
                 from /usr/include/c++/11/bits/specfun.h:45,
                 from /usr/include/c++/11/cmath:1935,
                 from /usr/include/x86_64-linux-gnu/c++/11/bits/stdc++.h:41,
                 from solve.c++:1:
/usr/include/c++/11/bits/stl_pair.h:467:24: note:   ‘const frac’ is not derived from ‘const std::_Expr<_Dom1, typename _Dom1::value_type>’
  467 |     { return __x.first == __y.first && __x.second == __y.second; }
      |              ~~~~~~~~~~^~~~~~~~~~~~
In file included from /usr/include/c++/11/valarray:603,
                 from /usr/include/x86_64-linux-gnu/c++/11/bits/stdc++.h:95,
                 from solve.c++:1:
/usr/include/c++/11/bits/valarray_after.h:417:5: note: candidate: ‘template<class _Dom> std::_Expr<std::__detail::_BinClos<std::__equal_to, std::_Expr, std::_Constant, _Dom, typename _Dom::value_type>, typename std::__fun<std::__equal_to, typename _Dom1::value_type>::result_type> std::operator==(const std::_Expr<_Dom1, typename _Dom1::value_type>&, const typename _Dom::value_type&)’
  417 |     _DEFINE_EXPR_BINARY_OPERATOR(==, struct std::__equal_to)
      |     ^~~~~~~~~~~~~~~~~~~~~~~~~~~~
/usr/include/c++/11/bits/valarray_after.h:417:5: note:   template argument deduction/substitution failed:
In file included from /usr/include/c++/11/bits/stl_algobase.h:64,
                 from /usr/include/c++/11/bits/specfun.h:45,
                 from /usr/include/c++/11/cmath:1935,
                 from /usr/include/x86_64-linux-gnu/c++/11/bits/stdc++.h:41,
                 from solve.c++:1:
/usr/include/c++/11/bits/stl_pair.h:467:24: note:   ‘const frac’ is not derived from ‘const std::_Expr<_Dom1, typename _Dom1::value_type>’
  467 |     { return __x.first == __y.first && __x.second == __y.second; }
      |              ~~~~~~~~~~^~~~~~~~~~~~
In file included from /usr/include/c++/11/valarray:603,
                 from /usr/include/x86_64-linux-gnu/c++/11/bits/stdc++.h:95,
                 from solve.c++:1:
/usr/include/c++/11/bits/valarray_after.h:417:5: note: candidate: ‘template<class _Dom> std::_Expr<std::__detail::_BinClos<std::__equal_to, std::_Constant, std::_Expr, typename _Dom::value_type, _Dom>, typename std::__fun<std::__equal_to, typename _Dom1::value_type>::result_type> std::operator==(const typename _Dom::value_type&, const std::_Expr<_Dom1, typename _Dom1::value_type>&)’
  417 |     _DEFINE_EXPR_BINARY_OPERATOR(==, struct std::__equal_to)
      |     ^~~~~~~~~~~~~~~~~~~~~~~~~~~~
/usr/include/c++/11/bits/valarray_after.h:417:5: note:   template argument deduction/substitution failed:
In file included from /usr/include/c++/11/bits/stl_algobase.h:64,
                 from /usr/include/c++/11/bits/specfun.h:45,
                 from /usr/include/c++/11/cmath:1935,
                 from /usr/include/x86_64-linux-gnu/c++/11/bits/stdc++.h:41,
                 from solve.c++:1:
/usr/include/c++/11/bits/stl_pair.h:467:24: note:   ‘const frac’ is not derived from ‘const std::_Expr<_Dom1, typename _Dom1::value_type>’
  467 |     { return __x.first == __y.first && __x.second == __y.second; }
      |              ~~~~~~~~~~^~~~~~~~~~~~
In file included from /usr/include/c++/11/valarray:603,
                 from /usr/include/x86_64-linux-gnu/c++/11/bits/stdc++.h:95,
                 from solve.c++:1:
/usr/include/c++/11/bits/valarray_after.h:417:5: note: candidate: ‘template<class _Dom> std::_Expr<std::__detail::_BinClos<std::__equal_to, std::_Expr, std::_ValArray, _Dom, typename _Dom::value_type>, typename std::__fun<std::__equal_to, typename _Dom1::value_type>::result_type> std::operator==(const std::_Expr<_Dom1, typename _Dom1::value_type>&, const std::valarray<typename _Dom::value_type>&)’
  417 |     _DEFINE_EXPR_BINARY_OPERATOR(==, struct std::__equal_to)
      |     ^~~~~~~~~~~~~~~~~~~~~~~~~~~~
/usr/include/c++/11/bits/valarray_after.h:417:5: note:   template argument deduction/substitution failed:
In file included from /usr/include/c++/11/bits/stl_algobase.h:64,
                 from /usr/include/c++/11/bits/specfun.h:45,
                 from /usr/include/c++/11/cmath:1935,
                 from /usr/include/x86_64-linux-gnu/c++/11/bits/stdc++.h:41,
                 from solve.c++:1:
/usr/include/c++/11/bits/stl_pair.h:467:24: note:   ‘const frac’ is not derived from ‘const std::_Expr<_Dom1, typename _Dom1::value_type>’
  467 |     { return __x.first == __y.first && __x.second == __y.second; }
      |              ~~~~~~~~~~^~~~~~~~~~~~
In file included from /usr/include/c++/11/valarray:603,
                 from /usr/include/x86_64-linux-gnu/c++/11/bits/stdc++.h:95,
                 from solve.c++:1:
/usr/include/c++/11/bits/valarray_after.h:417:5: note: candidate: ‘template<class _Dom> std::_Expr<std::__detail::_BinClos<std::__equal_to, std::_ValArray, std::_Expr, typename _Dom::value_type, _Dom>, typename std::__fun<std::__equal_to, typename _Dom1::value_type>::result_type> std::operator==(const std::valarray<typename _Dom::value_type>&, const std::_Expr<_Dom1, typename _Dom1::value_type>&)’
  417 |     _DEFINE_EXPR_BINARY_OPERATOR(==, struct std::__equal_to)
      |     ^~~~~~~~~~~~~~~~~~~~~~~~~~~~
/usr/include/c++/11/bits/valarray_after.h:417:5: note:   template argument deduction/substitution failed:
In file included from /usr/include/c++/11/bits/stl_algobase.h:64,
                 from /usr/include/c++/11/bits/specfun.h:45,
                 from /usr/include/c++/11/cmath:1935,
                 from /usr/include/x86_64-linux-gnu/c++/11/bits/stdc++.h:41,
                 from solve.c++:1:
/usr/include/c++/11/bits/stl_pair.h:467:24: note:   ‘const frac’ is not derived from ‘const std::_Expr<_Dom1, typename _Dom1::value_type>’
  467 |     { return __x.first == __y.first && __x.second == __y.second; }
      |              ~~~~~~~~~~^~~~~~~~~~~~
In file included from /usr/include/x86_64-linux-gnu/c++/11/bits/stdc++.h:95,
                 from solve.c++:1:
/usr/include/c++/11/valarray:1198:1: note: candidate: ‘template<class _Tp> std::_Expr<std::__detail::_BinClos<std::__equal_to, std::_ValArray, std::_ValArray, _Tp, _Tp>, typename std::__fun<std::__equal_to, _Tp>::result_type> std::operator==(const std::valarray<_Tp>&, const std::valarray<_Tp>&)’
 1198 | _DEFINE_BINARY_OPERATOR(==, __equal_to)
      | ^~~~~~~~~~~~~~~~~~~~~~~
/usr/include/c++/11/valarray:1198:1: note:   template argument deduction/substitution failed:
In file included from /usr/include/c++/11/bits/stl_algobase.h:64,
                 from /usr/include/c++/11/bits/specfun.h:45,
                 from /usr/include/c++/11/cmath:1935,
                 from /usr/include/x86_64-linux-gnu/c++/11/bits/stdc++.h:41,
                 from solve.c++:1:
/usr/include/c++/11/bits/stl_pair.h:467:24: note:   ‘const frac’ is not derived from ‘const std::valarray<_Tp>’
  467 |     { return __x.first == __y.first && __x.second == __y.second; }
      |              ~~~~~~~~~~^~~~~~~~~~~~
In file included from /usr/include/x86_64-linux-gnu/c++/11/bits/stdc++.h:95,
                 from solve.c++:1:
/usr/include/c++/11/valarray:1198:1: note: candidate: ‘template<class _Tp> std::_Expr<std::__detail::_BinClos<std::__equal_to, std::_ValArray, std::_Constant, _Tp, _Tp>, typename std::__fun<std::__equal_to, _Tp>::result_type> std::operator==(const std::valarray<_Tp>&, const typename std::valarray<_Tp>::value_type&)’
 1198 | _DEFINE_BINARY_OPERATOR(==, __equal_to)
      | ^~~~~~~~~~~~~~~~~~~~~~~
/usr/include/c++/11/valarray:1198:1: note:   template argument deduction/substitution failed:
In file included from /usr/include/c++/11/bits/stl_algobase.h:64,
                 from /usr/include/c++/11/bits/specfun.h:45,
                 from /usr/include/c++/11/cmath:1935,
                 from /usr/include/x86_64-linux-gnu/c++/11/bits/stdc++.h:41,
                 from solve.c++:1:
/usr/include/c++/11/bits/stl_pair.h:467:24: note:   ‘const frac’ is not derived from ‘const std::valarray<_Tp>’
  467 |     { return __x.first == __y.first && __x.second == __y.second; }
      |              ~~~~~~~~~~^~~~~~~~~~~~
In file included from /usr/include/x86_64-linux-gnu/c++/11/bits/stdc++.h:95,
                 from solve.c++:1:
/usr/include/c++/11/valarray:1198:1: note: candidate: ‘template<class _Tp> std::_Expr<std::__detail::_BinClos<std::__equal_to, std::_Constant, std::_ValArray, _Tp, _Tp>, typename std::__fun<std::__equal_to, _Tp>::result_type> std::operator==(const typename std::valarray<_Tp>::value_type&, const std::valarray<_Tp>&)’
 1198 | _DEFINE_BINARY_OPERATOR(==, __equal_to)
      | ^~~~~~~~~~~~~~~~~~~~~~~
/usr/include/c++/11/valarray:1198:1: note:   template argument deduction/substitution failed:
In file included from /usr/include/c++/11/bits/stl_algobase.h:64,
                 from /usr/include/c++/11/bits/specfun.h:45,
                 from /usr/include/c++/11/cmath:1935,
                 from /usr/include/x86_64-linux-gnu/c++/11/bits/stdc++.h:41,
                 from solve.c++:1:
/usr/include/c++/11/bits/stl_pair.h:467:24: note:   ‘const frac’ is not derived from ‘const std::valarray<_Tp>’
  467 |     { return __x.first == __y.first && __x.second == __y.second; }
      |              ~~~~~~~~~~^~~~~~~~~~~~
In file included from /usr/include/c++/11/forward_list:40,
                 from /usr/include/x86_64-linux-gnu/c++/11/bits/stdc++.h:104,
                 from solve.c++:1:
/usr/include/c++/11/bits/forward_list.tcc:393:5: note: candidate: ‘template<class _Tp, class _Alloc> bool std::operator==(const std::forward_list<_Tp, _Alloc>&, const std::forward_list<_Tp, _Alloc>&)’
  393 |     operator==(const forward_list<_Tp, _Alloc>& __lx,
      |     ^~~~~~~~
/usr/include/c++/11/bits/forward_list.tcc:393:5: note:   template argument deduction/substitution failed:
In file included from /usr/include/c++/11/bits/stl_algobase.h:64,
                 from /usr/include/c++/11/bits/specfun.h:45,
                 from /usr/include/c++/11/cmath:1935,
                 from /usr/include/x86_64-linux-gnu/c++/11/bits/stdc++.h:41,
                 from solve.c++:1:
/usr/include/c++/11/bits/stl_pair.h:467:24: note:   ‘const frac’ is not derived from ‘const std::forward_list<_Tp, _Alloc>’
  467 |     { return __x.first == __y.first && __x.second == __y.second; }
      |              ~~~~~~~~~~^~~~~~~~~~~~
In file included from /usr/include/c++/11/random:51,
                 from /usr/include/x86_64-linux-gnu/c++/11/bits/stdc++.h:108,
                 from solve.c++:1:
/usr/include/c++/11/bits/random.tcc:1899:5: note: candidate: ‘template<class _RealType1> bool std::operator==(const std::normal_distribution<_RealType>&, const std::normal_distribution<_RealType>&)’
 1899 |     operator==(const std::normal_distribution<_RealType>& __d1,
      |     ^~~~~~~~
/usr/include/c++/11/bits/random.tcc:1899:5: note:   template argument deduction/substitution failed:
In file included from /usr/include/c++/11/bits/stl_algobase.h:64,
                 from /usr/include/c++/11/bits/specfun.h:45,
                 from /usr/include/c++/11/cmath:1935,
                 from /usr/include/x86_64-linux-gnu/c++/11/bits/stdc++.h:41,
                 from solve.c++:1:
/usr/include/c++/11/bits/stl_pair.h:467:24: note:   ‘const frac’ is not derived from ‘const std::normal_distribution<_RealType>’
  467 |     { return __x.first == __y.first && __x.second == __y.second; }
      |              ~~~~~~~~~~^~~~~~~~~~~~
In file included from /usr/include/x86_64-linux-gnu/c++/11/bits/stdc++.h:111,
                 from solve.c++:1:
/usr/include/c++/11/scoped_allocator:499:5: note: candidate: ‘template<class _OutA1, class _OutA2, class ... _InA> bool std::operator==(const std::scoped_allocator_adaptor<_OutA1, _InA ...>&, const std::scoped_allocator_adaptor<_InnerHead, _InnerTail ...>&)’
  499 |     operator==(const scoped_allocator_adaptor<_OutA1, _InA...>& __a,
      |     ^~~~~~~~
/usr/include/c++/11/scoped_allocator:499:5: note:   template argument deduction/substitution failed:
In file included from /usr/include/c++/11/bits/stl_algobase.h:64,
                 from /usr/include/c++/11/bits/specfun.h:45,
                 from /usr/include/c++/11/cmath:1935,
                 from /usr/include/x86_64-linux-gnu/c++/11/bits/stdc++.h:41,
                 from solve.c++:1:
/usr/include/c++/11/bits/stl_pair.h:467:24: note:   ‘const frac’ is not derived from ‘const std::scoped_allocator_adaptor<_OutA1, _InA ...>’
  467 |     { return __x.first == __y.first && __x.second == __y.second; }
      |              ~~~~~~~~~~^~~~~~~~~~~~
In file included from /usr/include/c++/11/unordered_set:47,
                 from /usr/include/x86_64-linux-gnu/c++/11/bits/stdc++.h:118,
                 from solve.c++:1:
/usr/include/c++/11/bits/unordered_set.h:1804:5: note: candidate: ‘template<class _Value1, class _Hash1, class _Pred1, class _Alloc1> bool std::operator==(const std::unordered_set<_Value1, _Hash1, _Pred1, _Alloc1>&, const std::unordered_set<_Value1, _Hash1, _Pred1, _Alloc1>&)’
 1804 |     operator==(const unordered_set<_Value, _Hash, _Pred, _Alloc>& __x,
      |     ^~~~~~~~
/usr/include/c++/11/bits/unordered_set.h:1804:5: note:   template argument deduction/substitution failed:
In file included from /usr/include/c++/11/bits/stl_algobase.h:64,
                 from /usr/include/c++/11/bits/specfun.h:45,
                 from /usr/include/c++/11/cmath:1935,
                 from /usr/include/x86_64-linux-gnu/c++/11/bits/stdc++.h:41,
                 from solve.c++:1:
/usr/include/c++/11/bits/stl_pair.h:467:24: note:   ‘const frac’ is not derived from ‘const std::unordered_set<_Value1, _Hash1, _Pred1, _Alloc1>’
  467 |     { return __x.first == __y.first && __x.second == __y.second; }
      |              ~~~~~~~~~~^~~~~~~~~~~~
In file included from /usr/include/c++/11/unordered_set:47,
                 from /usr/include/x86_64-linux-gnu/c++/11/bits/stdc++.h:118,
                 from solve.c++:1:
/usr/include/c++/11/bits/unordered_set.h:1818:5: note: candidate: ‘template<class _Value1, class _Hash1, class _Pred1, class _Alloc1> bool std::operator==(const std::unordered_multiset<_Value1, _Hash1, _Pred1, _Alloc1>&, const std::unordered_multiset<_Value1, _Hash1, _Pred1, _Alloc1>&)’
 1818 |     operator==(const unordered_multiset<_Value, _Hash, _Pred, _Alloc>& __x,
      |     ^~~~~~~~
/usr/include/c++/11/bits/unordered_set.h:1818:5: note:   template argument deduction/substitution failed:
In file included from /usr/include/c++/11/bits/stl_algobase.h:64,
                 from /usr/include/c++/11/bits/specfun.h:45,
                 from /usr/include/c++/11/cmath:1935,
                 from /usr/include/x86_64-linux-gnu/c++/11/bits/stdc++.h:41,
                 from solve.c++:1:
/usr/include/c++/11/bits/stl_pair.h:467:24: note:   ‘const frac’ is not derived from ‘const std::unordered_multiset<_Value1, _Hash1, _Pred1, _Alloc1>’
  467 |     { return __x.first == __y.first && __x.second == __y.second; }
      |              ~~~~~~~~~~^~~~~~~~~~~~
In file included from /usr/include/x86_64-linux-gnu/c++/11/bits/stdc++.h:130,
                 from solve.c++:1:
/usr/include/c++/11/optional:1045:5: note: candidate: ‘template<class _Tp, class _Up> constexpr std::__optional_eq_t<_Tp, _Up> std::operator==(const std::optional<_Tp>&, const std::optional<_Up>&)’
 1045 |     operator==(const optional<_Tp>& __lhs, const optional<_Up>& __rhs)
      |     ^~~~~~~~
/usr/include/c++/11/optional:1045:5: note:   template argument deduction/substitution failed:
In file included from /usr/include/c++/11/bits/stl_algobase.h:64,
                 from /usr/include/c++/11/bits/specfun.h:45,
                 from /usr/include/c++/11/cmath:1935,
                 from /usr/include/x86_64-linux-gnu/c++/11/bits/stdc++.h:41,
                 from solve.c++:1:
/usr/include/c++/11/bits/stl_pair.h:467:24: note:   ‘const frac’ is not derived from ‘const std::optional<_Tp>’
  467 |     { return __x.first == __y.first && __x.second == __y.second; }
      |              ~~~~~~~~~~^~~~~~~~~~~~
In file included from /usr/include/x86_64-linux-gnu/c++/11/bits/stdc++.h:130,
                 from solve.c++:1:
/usr/include/c++/11/optional:1105:5: note: candidate: ‘template<class _Tp> constexpr bool std::operator==(const std::optional<_Tp>&, std::nullopt_t)’
 1105 |     operator==(const optional<_Tp>& __lhs, nullopt_t) noexcept
      |     ^~~~~~~~
/usr/include/c++/11/optional:1105:5: note:   template argument deduction/substitution failed:
In file included from /usr/include/c++/11/bits/stl_algobase.h:64,
                 from /usr/include/c++/11/bits/specfun.h:45,
                 from /usr/include/c++/11/cmath:1935,
                 from /usr/include/x86_64-linux-gnu/c++/11/bits/stdc++.h:41,
                 from solve.c++:1:
/usr/include/c++/11/bits/stl_pair.h:467:24: note:   ‘const frac’ is not derived from ‘const std::optional<_Tp>’
  467 |     { return __x.first == __y.first && __x.second == __y.second; }
      |              ~~~~~~~~~~^~~~~~~~~~~~
In file included from /usr/include/x86_64-linux-gnu/c++/11/bits/stdc++.h:130,
                 from solve.c++:1:
/usr/include/c++/11/optional:1116:5: note: candidate: ‘template<class _Tp> constexpr bool std::operator==(std::nullopt_t, const std::optional<_Tp>&)’
 1116 |     operator==(nullopt_t, const optional<_Tp>& __rhs) noexcept
      |     ^~~~~~~~
/usr/include/c++/11/optional:1116:5: note:   template argument deduction/substitution failed:
In file included from /usr/include/c++/11/bits/stl_algobase.h:64,
                 from /usr/include/c++/11/bits/specfun.h:45,
                 from /usr/include/c++/11/cmath:1935,
                 from /usr/include/x86_64-linux-gnu/c++/11/bits/stdc++.h:41,
                 from solve.c++:1:
/usr/include/c++/11/bits/stl_pair.h:467:24: note:   ‘const frac’ is not derived from ‘const std::optional<_Tp>’
  467 |     { return __x.first == __y.first && __x.second == __y.second; }
      |              ~~~~~~~~~~^~~~~~~~~~~~
In file included from /usr/include/x86_64-linux-gnu/c++/11/bits/stdc++.h:130,
                 from solve.c++:1:
/usr/include/c++/11/optional:1173:5: note: candidate: ‘template<class _Tp, class _Up> constexpr std::__optional_eq_t<_Tp, _Up> std::operator==(const std::optional<_Tp>&, const _Up&)’
 1173 |     operator==(const optional<_Tp>& __lhs, const _Up& __rhs)
      |     ^~~~~~~~
/usr/include/c++/11/optional:1173:5: note:   template argument deduction/substitution failed:
In file included from /usr/include/c++/11/bits/stl_algobase.h:64,
                 from /usr/include/c++/11/bits/specfun.h:45,
                 from /usr/include/c++/11/cmath:1935,
                 from /usr/include/x86_64-linux-gnu/c++/11/bits/stdc++.h:41,
                 from solve.c++:1:
/usr/include/c++/11/bits/stl_pair.h:467:24: note:   ‘const frac’ is not derived from ‘const std::optional<_Tp>’
  467 |     { return __x.first == __y.first && __x.second == __y.second; }
      |              ~~~~~~~~~~^~~~~~~~~~~~
In file included from /usr/include/x86_64-linux-gnu/c++/11/bits/stdc++.h:130,
                 from solve.c++:1:
/usr/include/c++/11/optional:1179:5: note: candidate: ‘template<class _Tp, class _Up> constexpr std::__optional_eq_t<_Up, _Tp> std::operator==(const _Up&, const std::optional<_Tp>&)’
 1179 |     operator==(const _Up& __lhs, const optional<_Tp>& __rhs)
      |     ^~~~~~~~
/usr/include/c++/11/optional:1179:5: note:   template argument deduction/substitution failed:
In file included from /usr/include/c++/11/bits/stl_algobase.h:64,
                 from /usr/include/c++/11/bits/specfun.h:45,
                 from /usr/include/c++/11/cmath:1935,
                 from /usr/include/x86_64-linux-gnu/c++/11/bits/stdc++.h:41,
                 from solve.c++:1:
/usr/include/c++/11/bits/stl_pair.h:467:24: note:   ‘const frac’ is not derived from ‘const std::optional<_Tp>’
  467 |     { return __x.first == __y.first && __x.second == __y.second; }
      |              ~~~~~~~~~~^~~~~~~~~~~~
In file included from /usr/include/x86_64-linux-gnu/c++/11/bits/stdc++.h:133,
                 from solve.c++:1:
/usr/include/c++/11/variant:1232:3: note: candidate: ‘template<class ... _Types> constexpr bool std::operator==(const std::variant<_Types ...>&, const std::variant<_Types ...>&)’
 1232 |   _VARIANT_RELATION_FUNCTION_TEMPLATE(==, equal)
      |   ^~~~~~~~~~~~~~~~~~~~~~~~~~~~~~~~~~~
/usr/include/c++/11/variant:1232:3: note:   template argument deduction/substitution failed:
In file included from /usr/include/c++/11/bits/stl_algobase.h:64,
                 from /usr/include/c++/11/bits/specfun.h:45,
                 from /usr/include/c++/11/cmath:1935,
                 from /usr/include/x86_64-linux-gnu/c++/11/bits/stdc++.h:41,
                 from solve.c++:1:
/usr/include/c++/11/bits/stl_pair.h:467:24: note:   ‘const frac’ is not derived from ‘const std::variant<_Types ...>’
  467 |     { return __x.first == __y.first && __x.second == __y.second; }
      |              ~~~~~~~~~~^~~~~~~~~~~~
In file included from /usr/include/c++/11/regex:63,
                 from /usr/include/x86_64-linux-gnu/c++/11/bits/stdc++.h:110,
                 from solve.c++:1:
/usr/include/c++/11/bits/regex.h:1059:5: note: candidate: ‘template<class _BiIter> bool std::__cxx11::operator==(const std::__cxx11::sub_match<_BiIter>&, const std::__cxx11::sub_match<_BiIter>&)’
 1059 |     operator==(const sub_match<_BiIter>& __lhs, const sub_match<_BiIter>& __rhs)
      |     ^~~~~~~~
/usr/include/c++/11/bits/regex.h:1059:5: note:   template argument deduction/substitution failed:
In file included from /usr/include/c++/11/bits/stl_algobase.h:64,
                 from /usr/include/c++/11/bits/specfun.h:45,
                 from /usr/include/c++/11/cmath:1935,
                 from /usr/include/x86_64-linux-gnu/c++/11/bits/stdc++.h:41,
                 from solve.c++:1:
/usr/include/c++/11/bits/stl_pair.h:467:24: note:   ‘const frac’ is not derived from ‘const std::__cxx11::sub_match<_BiIter>’
  467 |     { return __x.first == __y.first && __x.second == __y.second; }
      |              ~~~~~~~~~~^~~~~~~~~~~~
In file included from /usr/include/c++/11/regex:63,
                 from /usr/include/x86_64-linux-gnu/c++/11/bits/stdc++.h:110,
                 from solve.c++:1:
/usr/include/c++/11/bits/regex.h:1155:5: note: candidate: ‘template<class _Bi_iter, class _Ch_traits, class _Ch_alloc> bool std::__cxx11::operator==(std::__cxx11::__sub_match_string<_Bi_iter, _Ch_traits, _Ch_alloc>&, const std::__cxx11::sub_match<_BiIter>&)’
 1155 |     operator==(const __sub_match_string<_Bi_iter, _Ch_traits, _Ch_alloc>& __lhs,
      |     ^~~~~~~~
/usr/include/c++/11/bits/regex.h:1155:5: note:   template argument deduction/substitution failed:
In file included from /usr/include/c++/11/bits/stl_algobase.h:64,
                 from /usr/include/c++/11/bits/specfun.h:45,
                 from /usr/include/c++/11/cmath:1935,
                 from /usr/include/x86_64-linux-gnu/c++/11/bits/stdc++.h:41,
                 from solve.c++:1:
/usr/include/c++/11/bits/stl_pair.h:467:24: note:   ‘const frac’ is not derived from ‘std::__cxx11::__sub_match_string<_Bi_iter, _Ch_traits, _Ch_alloc>’
  467 |     { return __x.first == __y.first && __x.second == __y.second; }
      |              ~~~~~~~~~~^~~~~~~~~~~~
In file included from /usr/include/c++/11/regex:63,
                 from /usr/include/x86_64-linux-gnu/c++/11/bits/stdc++.h:110,
                 from solve.c++:1:
/usr/include/c++/11/bits/regex.h:1230:5: note: candidate: ‘template<class _Bi_iter, class _Ch_traits, class _Ch_alloc> bool std::__cxx11::operator==(const std::__cxx11::sub_match<_BiIter>&, std::__cxx11::__sub_match_string<_Bi_iter, _Ch_traits, _Ch_alloc>&)’
 1230 |     operator==(const sub_match<_Bi_iter>& __lhs,
      |     ^~~~~~~~
/usr/include/c++/11/bits/regex.h:1230:5: note:   template argument deduction/substitution failed:
In file included from /usr/include/c++/11/bits/stl_algobase.h:64,
                 from /usr/include/c++/11/bits/specfun.h:45,
                 from /usr/include/c++/11/cmath:1935,
                 from /usr/include/x86_64-linux-gnu/c++/11/bits/stdc++.h:41,
                 from solve.c++:1:
/usr/include/c++/11/bits/stl_pair.h:467:24: note:   ‘const frac’ is not derived from ‘const std::__cxx11::sub_match<_BiIter>’
  467 |     { return __x.first == __y.first && __x.second == __y.second; }
      |              ~~~~~~~~~~^~~~~~~~~~~~
In file included from /usr/include/c++/11/regex:63,
                 from /usr/include/x86_64-linux-gnu/c++/11/bits/stdc++.h:110,
                 from solve.c++:1:
/usr/include/c++/11/bits/regex.h:1322:5: note: candidate: ‘template<class _Bi_iter> bool std::__cxx11::operator==(const typename std::iterator_traits<_Iter>::value_type*, const std::__cxx11::sub_match<_BiIter>&)’
 1322 |     operator==(typename iterator_traits<_Bi_iter>::value_type const* __lhs,
      |     ^~~~~~~~
/usr/include/c++/11/bits/regex.h:1322:5: note:   template argument deduction/substitution failed:
In file included from /usr/include/c++/11/bits/stl_algobase.h:64,
                 from /usr/include/c++/11/bits/specfun.h:45,
                 from /usr/include/c++/11/cmath:1935,
                 from /usr/include/x86_64-linux-gnu/c++/11/bits/stdc++.h:41,
                 from solve.c++:1:
/usr/include/c++/11/bits/stl_pair.h:467:24: note:   ‘const frac’ is not derived from ‘const std::__cxx11::sub_match<_BiIter>’
  467 |     { return __x.first == __y.first && __x.second == __y.second; }
      |              ~~~~~~~~~~^~~~~~~~~~~~
In file included from /usr/include/c++/11/regex:63,
                 from /usr/include/x86_64-linux-gnu/c++/11/bits/stdc++.h:110,
                 from solve.c++:1:
/usr/include/c++/11/bits/regex.h:1397:5: note: candidate: ‘template<class _Bi_iter> bool std::__cxx11::operator==(const std::__cxx11::sub_match<_BiIter>&, const typename std::iterator_traits<_Iter>::value_type*)’
 1397 |     operator==(const sub_match<_Bi_iter>& __lhs,
      |     ^~~~~~~~
/usr/include/c++/11/bits/regex.h:1397:5: note:   template argument deduction/substitution failed:
In file included from /usr/include/c++/11/bits/stl_algobase.h:64,
                 from /usr/include/c++/11/bits/specfun.h:45,
                 from /usr/include/c++/11/cmath:1935,
                 from /usr/include/x86_64-linux-gnu/c++/11/bits/stdc++.h:41,
                 from solve.c++:1:
/usr/include/c++/11/bits/stl_pair.h:467:24: note:   ‘const frac’ is not derived from ‘const std::__cxx11::sub_match<_BiIter>’
  467 |     { return __x.first == __y.first && __x.second == __y.second; }
      |              ~~~~~~~~~~^~~~~~~~~~~~
In file included from /usr/include/c++/11/regex:63,
                 from /usr/include/x86_64-linux-gnu/c++/11/bits/stdc++.h:110,
                 from solve.c++:1:
/usr/include/c++/11/bits/regex.h:1490:5: note: candidate: ‘template<class _Bi_iter> bool std::__cxx11::operator==(const typename std::iterator_traits<_Iter>::value_type&, const std::__cxx11::sub_match<_BiIter>&)’
 1490 |     operator==(typename iterator_traits<_Bi_iter>::value_type const& __lhs,
      |     ^~~~~~~~
/usr/include/c++/11/bits/regex.h:1490:5: note:   template argument deduction/substitution failed:
In file included from /usr/include/c++/11/bits/stl_algobase.h:64,
                 from /usr/include/c++/11/bits/specfun.h:45,
                 from /usr/include/c++/11/cmath:1935,
                 from /usr/include/x86_64-linux-gnu/c++/11/bits/stdc++.h:41,
                 from solve.c++:1:
/usr/include/c++/11/bits/stl_pair.h:467:24: note:   ‘const frac’ is not derived from ‘const std::__cxx11::sub_match<_BiIter>’
  467 |     { return __x.first == __y.first && __x.second == __y.second; }
      |              ~~~~~~~~~~^~~~~~~~~~~~
In file included from /usr/include/c++/11/regex:63,
                 from /usr/include/x86_64-linux-gnu/c++/11/bits/stdc++.h:110,
                 from solve.c++:1:
/usr/include/c++/11/bits/regex.h:1569:5: note: candidate: ‘template<class _Bi_iter> bool std::__cxx11::operator==(const std::__cxx11::sub_match<_BiIter>&, const typename std::iterator_traits<_Iter>::value_type&)’
 1569 |     operator==(const sub_match<_Bi_iter>& __lhs,
      |     ^~~~~~~~
/usr/include/c++/11/bits/regex.h:1569:5: note:   template argument deduction/substitution failed:
In file included from /usr/include/c++/11/bits/stl_algobase.h:64,
                 from /usr/include/c++/11/bits/specfun.h:45,
                 from /usr/include/c++/11/cmath:1935,
                 from /usr/include/x86_64-linux-gnu/c++/11/bits/stdc++.h:41,
                 from solve.c++:1:
/usr/include/c++/11/bits/stl_pair.h:467:24: note:   ‘const frac’ is not derived from ‘const std::__cxx11::sub_match<_BiIter>’
  467 |     { return __x.first == __y.first && __x.second == __y.second; }
      |              ~~~~~~~~~~^~~~~~~~~~~~
In file included from /usr/include/c++/11/regex:63,
                 from /usr/include/x86_64-linux-gnu/c++/11/bits/stdc++.h:110,
                 from solve.c++:1:
/usr/include/c++/11/bits/regex.h:2125:5: note: candidate: ‘template<class _Bi_iter, class _Alloc> bool std::__cxx11::operator==(const std::__cxx11::match_results<_BiIter, _Alloc>&, const std::__cxx11::match_results<_BiIter, _Alloc>&)’
 2125 |     operator==(const match_results<_Bi_iter, _Alloc>& __m1,
      |     ^~~~~~~~
/usr/include/c++/11/bits/regex.h:2125:5: note:   template argument deduction/substitution failed:
In file included from /usr/include/c++/11/bits/stl_algobase.h:64,
                 from /usr/include/c++/11/bits/specfun.h:45,
                 from /usr/include/c++/11/cmath:1935,
                 from /usr/include/x86_64-linux-gnu/c++/11/bits/stdc++.h:41,
                 from solve.c++:1:
/usr/include/c++/11/bits/stl_pair.h:467:24: note:   ‘const frac’ is not derived from ‘const std::__cxx11::match_results<_BiIter, _Alloc>’
  467 |     { return __x.first == __y.first && __x.second == __y.second; }
      |              ~~~~~~~~~~^~~~~~~~~~~~
In file included from /usr/include/c++/11/bits/ios_base.h:46,
                 from /usr/include/c++/11/ios:42,
                 from /usr/include/c++/11/istream:38,
                 from /usr/include/c++/11/sstream:38,
                 from /usr/include/c++/11/complex:45,
                 from /usr/include/c++/11/ccomplex:39,
                 from /usr/include/x86_64-linux-gnu/c++/11/bits/stdc++.h:54,
                 from solve.c++:1:
/usr/include/c++/11/system_error:362:3: note: candidate: ‘bool std::operator==(const std::error_code&, const std::error_code&)’
  362 |   operator==(const error_code& __lhs, const error_code& __rhs) noexcept
      |   ^~~~~~~~
/usr/include/c++/11/system_error:362:32: note:   no known conversion for argument 1 from ‘const frac’ to ‘const std::error_code&’
  362 |   operator==(const error_code& __lhs, const error_code& __rhs) noexcept
      |              ~~~~~~~~~~~~~~~~~~^~~~~
/usr/include/c++/11/system_error:368:3: note: candidate: ‘bool std::operator==(const std::error_code&, const std::error_condition&)’
  368 |   operator==(const error_code& __lhs, const error_condition& __rhs) noexcept
      |   ^~~~~~~~
/usr/include/c++/11/system_error:368:32: note:   no known conversion for argument 1 from ‘const frac’ to ‘const std::error_code&’
  368 |   operator==(const error_code& __lhs, const error_condition& __rhs) noexcept
      |              ~~~~~~~~~~~~~~~~~~^~~~~
/usr/include/c++/11/system_error:376:3: note: candidate: ‘bool std::operator==(const std::error_condition&, const std::error_condition&)’
  376 |   operator==(const error_condition& __lhs,
      |   ^~~~~~~~
/usr/include/c++/11/system_error:376:37: note:   no known conversion for argument 1 from ‘const frac’ to ‘const std::error_condition&’
  376 |   operator==(const error_condition& __lhs,
      |              ~~~~~~~~~~~~~~~~~~~~~~~^~~~~
/usr/include/c++/11/system_error:408:3: note: candidate: ‘bool std::operator==(const std::error_condition&, const std::error_code&)’
  408 |   operator==(const error_condition& __lhs, const error_code& __rhs) noexcept
      |   ^~~~~~~~
/usr/include/c++/11/system_error:408:37: note:   no known conversion for argument 1 from ‘const frac’ to ‘const std::error_condition&’
  408 |   operator==(const error_condition& __lhs, const error_code& __rhs) noexcept
      |              ~~~~~~~~~~~~~~~~~~~~~~~^~~~~
In file included from /usr/include/c++/11/future:48,
                 from /usr/include/x86_64-linux-gnu/c++/11/bits/stdc++.h:105,
                 from solve.c++:1:
/usr/include/c++/11/bits/std_thread.h:287:3: note: candidate: ‘bool std::operator==(std::thread::id, std::thread::id)’
  287 |   operator==(thread::id __x, thread::id __y) noexcept
      |   ^~~~~~~~
/usr/include/c++/11/bits/std_thread.h:287:25: note:   no known conversion for argument 1 from ‘const frac’ to ‘std::thread::id’
  287 |   operator==(thread::id __x, thread::id __y) noexcept
      |              ~~~~~~~~~~~^~~
In file included from /usr/include/x86_64-linux-gnu/c++/11/bits/stdc++.h:133,
                 from solve.c++:1:
/usr/include/c++/11/variant:1239:18: note: candidate: ‘constexpr bool std::operator==(std::monostate, std::monostate)’
 1239 |   constexpr bool operator==(monostate, monostate) noexcept { return true; }
      |                  ^~~~~~~~
/usr/include/c++/11/variant:1239:29: note:   no known conversion for argument 1 from ‘const frac’ to ‘std::monostate’
 1239 |   constexpr bool operator==(monostate, monostate) noexcept { return true; }
      |                             ^~~~~~~~~
In file included from /usr/include/c++/11/bits/stl_algobase.h:64,
                 from /usr/include/c++/11/bits/specfun.h:45,
                 from /usr/include/c++/11/cmath:1935,
                 from /usr/include/x86_64-linux-gnu/c++/11/bits/stdc++.h:41,
                 from solve.c++:1:
/usr/include/c++/11/bits/stl_pair.h: In instantiation of ‘constexpr bool std::operator<(const std::pair<_T1, _T2>&, const std::pair<_T1, _T2>&) [with _T1 = frac; _T2 = int]’:
/usr/include/c++/11/bits/predefined_ops.h:45:23:   required from ‘constexpr bool __gnu_cxx::__ops::_Iter_less_iter::operator()(_Iterator1, _Iterator2) const [with _Iterator1 = __gnu_cxx::__normal_iterator<std::pair<frac, int>*, std::vector<std::pair<frac, int> > >; _Iterator2 = __gnu_cxx::__normal_iterator<std::pair<frac, int>*, std::vector<std::pair<frac, int> > >]’
/usr/include/c++/11/bits/stl_algo.h:82:17:   required from ‘void std::__move_median_to_first(_Iterator, _Iterator, _Iterator, _Iterator, _Compare) [with _Iterator = __gnu_cxx::__normal_iterator<std::pair<frac, int>*, std::vector<std::pair<frac, int> > >; _Compare = __gnu_cxx::__ops::_Iter_less_iter]’
/usr/include/c++/11/bits/stl_algo.h:1904:34:   required from ‘_RandomAccessIterator std::__unguarded_partition_pivot(_RandomAccessIterator, _RandomAccessIterator, _Compare) [with _RandomAccessIterator = __gnu_cxx::__normal_iterator<std::pair<frac, int>*, std::vector<std::pair<frac, int> > >; _Compare = __gnu_cxx::__ops::_Iter_less_iter]’
/usr/include/c++/11/bits/stl_algo.h:1938:38:   required from ‘void std::__introsort_loop(_RandomAccessIterator, _RandomAccessIterator, _Size, _Compare) [with _RandomAccessIterator = __gnu_cxx::__normal_iterator<std::pair<frac, int>*, std::vector<std::pair<frac, int> > >; _Size = long int; _Compare = __gnu_cxx::__ops::_Iter_less_iter]’
/usr/include/c++/11/bits/stl_algo.h:1954:25:   required from ‘void std::__sort(_RandomAccessIterator, _RandomAccessIterator, _Compare) [with _RandomAccessIterator = __gnu_cxx::__normal_iterator<std::pair<frac, int>*, std::vector<std::pair<frac, int> > >; _Compare = __gnu_cxx::__ops::_Iter_less_iter]’
/usr/include/c++/11/bits/stl_algo.h:4842:18:   required from ‘void std::sort(_RAIter, _RAIter) [with _RAIter = __gnu_cxx::__normal_iterator<std::pair<frac, int>*, std::vector<std::pair<frac, int> > >]’
solve.c++:100:13:   required from here
/usr/include/c++/11/bits/stl_pair.h:490:24: error: no match for ‘operator<’ (operand types are ‘const frac’ and ‘const frac’)
  490 |     { return __x.first < __y.first
      |              ~~~~~~~~~~^~~~~~~~~~~
solve.c++:54:10: note: candidate: ‘bool frac::operator<(const frac&)’ (near match)
   54 |     bool operator < (const frac &r){
      |          ^~~~~~~~
solve.c++:54:10: note:   passing ‘const frac*’ as ‘this’ argument discards qualifiers
In file included from /usr/include/c++/11/bits/stl_algobase.h:64,
                 from /usr/include/c++/11/bits/specfun.h:45,
                 from /usr/include/c++/11/cmath:1935,
                 from /usr/include/x86_64-linux-gnu/c++/11/bits/stdc++.h:41,
                 from solve.c++:1:
/usr/include/c++/11/bits/stl_pair.h:489:5: note: candidate: ‘template<class _T1, class _T2> constexpr bool std::operator<(const std::pair<_T1, _T2>&, const std::pair<_T1, _T2>&)’
  489 |     operator<(const pair<_T1, _T2>& __x, const pair<_T1, _T2>& __y)
      |     ^~~~~~~~
/usr/include/c++/11/bits/stl_pair.h:489:5: note:   template argument deduction/substitution failed:
/usr/include/c++/11/bits/stl_pair.h:490:24: note:   ‘const frac’ is not derived from ‘const std::pair<_T1, _T2>’
  490 |     { return __x.first < __y.first
      |              ~~~~~~~~~~^~~~~~~~~~~
In file included from /usr/include/c++/11/bits/stl_algobase.h:67,
                 from /usr/include/c++/11/bits/specfun.h:45,
                 from /usr/include/c++/11/cmath:1935,
                 from /usr/include/x86_64-linux-gnu/c++/11/bits/stdc++.h:41,
                 from solve.c++:1:
/usr/include/c++/11/bits/stl_iterator.h:426:5: note: candidate: ‘template<class _Iterator> constexpr bool std::operator<(const std::reverse_iterator<_Iterator>&, const std::reverse_iterator<_Iterator>&)’
  426 |     operator<(const reverse_iterator<_Iterator>& __x,
      |     ^~~~~~~~
/usr/include/c++/11/bits/stl_iterator.h:426:5: note:   template argument deduction/substitution failed:
In file included from /usr/include/c++/11/bits/stl_algobase.h:64,
                 from /usr/include/c++/11/bits/specfun.h:45,
                 from /usr/include/c++/11/cmath:1935,
                 from /usr/include/x86_64-linux-gnu/c++/11/bits/stdc++.h:41,
                 from solve.c++:1:
/usr/include/c++/11/bits/stl_pair.h:490:24: note:   ‘const frac’ is not derived from ‘const std::reverse_iterator<_Iterator>’
  490 |     { return __x.first < __y.first
      |              ~~~~~~~~~~^~~~~~~~~~~
In file included from /usr/include/c++/11/bits/stl_algobase.h:67,
                 from /usr/include/c++/11/bits/specfun.h:45,
                 from /usr/include/c++/11/cmath:1935,
                 from /usr/include/x86_64-linux-gnu/c++/11/bits/stdc++.h:41,
                 from solve.c++:1:
/usr/include/c++/11/bits/stl_iterator.h:465:5: note: candidate: ‘template<class _IteratorL, class _IteratorR> constexpr bool std::operator<(const std::reverse_iterator<_Iterator>&, const std::reverse_iterator<_IteratorR>&)’
  465 |     operator<(const reverse_iterator<_IteratorL>& __x,
      |     ^~~~~~~~
/usr/include/c++/11/bits/stl_iterator.h:465:5: note:   template argument deduction/substitution failed:
In file included from /usr/include/c++/11/bits/stl_algobase.h:64,
                 from /usr/include/c++/11/bits/specfun.h:45,
                 from /usr/include/c++/11/cmath:1935,
                 from /usr/include/x86_64-linux-gnu/c++/11/bits/stdc++.h:41,
                 from solve.c++:1:
/usr/include/c++/11/bits/stl_pair.h:490:24: note:   ‘const frac’ is not derived from ‘const std::reverse_iterator<_Iterator>’
  490 |     { return __x.first < __y.first
      |              ~~~~~~~~~~^~~~~~~~~~~
In file included from /usr/include/c++/11/bits/stl_algobase.h:67,
                 from /usr/include/c++/11/bits/specfun.h:45,
                 from /usr/include/c++/11/cmath:1935,
                 from /usr/include/x86_64-linux-gnu/c++/11/bits/stdc++.h:41,
                 from solve.c++:1:
/usr/include/c++/11/bits/stl_iterator.h:1609:5: note: candidate: ‘template<class _IteratorL, class _IteratorR> constexpr bool std::operator<(const std::move_iterator<_IteratorL>&, const std::move_iterator<_IteratorR>&)’
 1609 |     operator<(const move_iterator<_IteratorL>& __x,
      |     ^~~~~~~~
/usr/include/c++/11/bits/stl_iterator.h:1609:5: note:   template argument deduction/substitution failed:
In file included from /usr/include/c++/11/bits/stl_algobase.h:64,
                 from /usr/include/c++/11/bits/specfun.h:45,
                 from /usr/include/c++/11/cmath:1935,
                 from /usr/include/x86_64-linux-gnu/c++/11/bits/stdc++.h:41,
                 from solve.c++:1:
/usr/include/c++/11/bits/stl_pair.h:490:24: note:   ‘const frac’ is not derived from ‘const std::move_iterator<_IteratorL>’
  490 |     { return __x.first < __y.first
      |              ~~~~~~~~~~^~~~~~~~~~~
In file included from /usr/include/c++/11/bits/stl_algobase.h:67,
                 from /usr/include/c++/11/bits/specfun.h:45,
                 from /usr/include/c++/11/cmath:1935,
                 from /usr/include/x86_64-linux-gnu/c++/11/bits/stdc++.h:41,
                 from solve.c++:1:
/usr/include/c++/11/bits/stl_iterator.h:1667:5: note: candidate: ‘template<class _Iterator> constexpr bool std::operator<(const std::move_iterator<_IteratorL>&, const std::move_iterator<_IteratorL>&)’
 1667 |     operator<(const move_iterator<_Iterator>& __x,
      |     ^~~~~~~~
/usr/include/c++/11/bits/stl_iterator.h:1667:5: note:   template argument deduction/substitution failed:
In file included from /usr/include/c++/11/bits/stl_algobase.h:64,
                 from /usr/include/c++/11/bits/specfun.h:45,
                 from /usr/include/c++/11/cmath:1935,
                 from /usr/include/x86_64-linux-gnu/c++/11/bits/stdc++.h:41,
                 from solve.c++:1:
/usr/include/c++/11/bits/stl_pair.h:490:24: note:   ‘const frac’ is not derived from ‘const std::move_iterator<_IteratorL>’
  490 |     { return __x.first < __y.first
      |              ~~~~~~~~~~^~~~~~~~~~~
In file included from /usr/include/c++/11/bits/basic_string.h:48,
                 from /usr/include/c++/11/string:55,
                 from /usr/include/c++/11/bits/locale_classes.h:40,
                 from /usr/include/c++/11/bits/ios_base.h:41,
                 from /usr/include/c++/11/ios:42,
                 from /usr/include/c++/11/istream:38,
                 from /usr/include/c++/11/sstream:38,
                 from /usr/include/c++/11/complex:45,
                 from /usr/include/c++/11/ccomplex:39,
                 from /usr/include/x86_64-linux-gnu/c++/11/bits/stdc++.h:54,
                 from solve.c++:1:
/usr/include/c++/11/string_view:589:5: note: candidate: ‘template<class _CharT, class _Traits> constexpr bool std::operator<(std::basic_string_view<_CharT, _Traits>, std::basic_string_view<_CharT, _Traits>)’
  589 |     operator< (basic_string_view<_CharT, _Traits> __x,
      |     ^~~~~~~~
/usr/include/c++/11/string_view:589:5: note:   template argument deduction/substitution failed:
In file included from /usr/include/c++/11/bits/stl_algobase.h:64,
                 from /usr/include/c++/11/bits/specfun.h:45,
                 from /usr/include/c++/11/cmath:1935,
                 from /usr/include/x86_64-linux-gnu/c++/11/bits/stdc++.h:41,
                 from solve.c++:1:
/usr/include/c++/11/bits/stl_pair.h:490:24: note:   ‘frac’ is not derived from ‘std::basic_string_view<_CharT, _Traits>’
  490 |     { return __x.first < __y.first
      |              ~~~~~~~~~~^~~~~~~~~~~
In file included from /usr/include/c++/11/bits/basic_string.h:48,
                 from /usr/include/c++/11/string:55,
                 from /usr/include/c++/11/bits/locale_classes.h:40,
                 from /usr/include/c++/11/bits/ios_base.h:41,
                 from /usr/include/c++/11/ios:42,
                 from /usr/include/c++/11/istream:38,
                 from /usr/include/c++/11/sstream:38,
                 from /usr/include/c++/11/complex:45,
                 from /usr/include/c++/11/ccomplex:39,
                 from /usr/include/x86_64-linux-gnu/c++/11/bits/stdc++.h:54,
                 from solve.c++:1:
/usr/include/c++/11/string_view:595:5: note: candidate: ‘template<class _CharT, class _Traits> constexpr bool std::operator<(std::basic_string_view<_CharT, _Traits>, std::__type_identity_t<std::basic_string_view<_CharT, _Traits> >)’
  595 |     operator< (basic_string_view<_CharT, _Traits> __x,
      |     ^~~~~~~~
/usr/include/c++/11/string_view:595:5: note:   template argument deduction/substitution failed:
In file included from /usr/include/c++/11/bits/stl_algobase.h:64,
                 from /usr/include/c++/11/bits/specfun.h:45,
                 from /usr/include/c++/11/cmath:1935,
                 from /usr/include/x86_64-linux-gnu/c++/11/bits/stdc++.h:41,
                 from solve.c++:1:
/usr/include/c++/11/bits/stl_pair.h:490:24: note:   ‘frac’ is not derived from ‘std::basic_string_view<_CharT, _Traits>’
  490 |     { return __x.first < __y.first
      |              ~~~~~~~~~~^~~~~~~~~~~
In file included from /usr/include/c++/11/bits/basic_string.h:48,
                 from /usr/include/c++/11/string:55,
                 from /usr/include/c++/11/bits/locale_classes.h:40,
                 from /usr/include/c++/11/bits/ios_base.h:41,
                 from /usr/include/c++/11/ios:42,
                 from /usr/include/c++/11/istream:38,
                 from /usr/include/c++/11/sstream:38,
                 from /usr/include/c++/11/complex:45,
                 from /usr/include/c++/11/ccomplex:39,
                 from /usr/include/x86_64-linux-gnu/c++/11/bits/stdc++.h:54,
                 from solve.c++:1:
/usr/include/c++/11/string_view:602:5: note: candidate: ‘template<class _CharT, class _Traits> constexpr bool std::operator<(std::__type_identity_t<std::basic_string_view<_CharT, _Traits> >, std::basic_string_view<_CharT, _Traits>)’
  602 |     operator< (__type_identity_t<basic_string_view<_CharT, _Traits>> __x,
      |     ^~~~~~~~
/usr/include/c++/11/string_view:602:5: note:   template argument deduction/substitution failed:
In file included from /usr/include/c++/11/bits/stl_algobase.h:64,
                 from /usr/include/c++/11/bits/specfun.h:45,
                 from /usr/include/c++/11/cmath:1935,
                 from /usr/include/x86_64-linux-gnu/c++/11/bits/stdc++.h:41,
                 from solve.c++:1:
/usr/include/c++/11/bits/stl_pair.h:490:24: note:   ‘frac’ is not derived from ‘std::basic_string_view<_CharT, _Traits>’
  490 |     { return __x.first < __y.first
      |              ~~~~~~~~~~^~~~~~~~~~~
In file included from /usr/include/c++/11/string:55,
                 from /usr/include/c++/11/bits/locale_classes.h:40,
                 from /usr/include/c++/11/bits/ios_base.h:41,
                 from /usr/include/c++/11/ios:42,
                 from /usr/include/c++/11/istream:38,
                 from /usr/include/c++/11/sstream:38,
                 from /usr/include/c++/11/complex:45,
                 from /usr/include/c++/11/ccomplex:39,
                 from /usr/include/x86_64-linux-gnu/c++/11/bits/stdc++.h:54,
                 from solve.c++:1:
/usr/include/c++/11/bits/basic_string.h:6340:5: note: candidate: ‘template<class _CharT, class _Traits, class _Alloc> bool std::operator<(const std::__cxx11::basic_string<_CharT, _Traits, _Allocator>&, const std::__cxx11::basic_string<_CharT, _Traits, _Allocator>&)’
 6340 |     operator<(const basic_string<_CharT, _Traits, _Alloc>& __lhs,
      |     ^~~~~~~~
/usr/include/c++/11/bits/basic_string.h:6340:5: note:   template argument deduction/substitution failed:
In file included from /usr/include/c++/11/bits/stl_algobase.h:64,
                 from /usr/include/c++/11/bits/specfun.h:45,
                 from /usr/include/c++/11/cmath:1935,
                 from /usr/include/x86_64-linux-gnu/c++/11/bits/stdc++.h:41,
                 from solve.c++:1:
/usr/include/c++/11/bits/stl_pair.h:490:24: note:   ‘const frac’ is not derived from ‘const std::__cxx11::basic_string<_CharT, _Traits, _Allocator>’
  490 |     { return __x.first < __y.first
      |              ~~~~~~~~~~^~~~~~~~~~~
In file included from /usr/include/c++/11/string:55,
                 from /usr/include/c++/11/bits/locale_classes.h:40,
                 from /usr/include/c++/11/bits/ios_base.h:41,
                 from /usr/include/c++/11/ios:42,
                 from /usr/include/c++/11/istream:38,
                 from /usr/include/c++/11/sstream:38,
                 from /usr/include/c++/11/complex:45,
                 from /usr/include/c++/11/ccomplex:39,
                 from /usr/include/x86_64-linux-gnu/c++/11/bits/stdc++.h:54,
                 from solve.c++:1:
/usr/include/c++/11/bits/basic_string.h:6353:5: note: candidate: ‘template<class _CharT, class _Traits, class _Alloc> bool std::operator<(const std::__cxx11::basic_string<_CharT, _Traits, _Allocator>&, const _CharT*)’
 6353 |     operator<(const basic_string<_CharT, _Traits, _Alloc>& __lhs,
      |     ^~~~~~~~
/usr/include/c++/11/bits/basic_string.h:6353:5: note:   template argument deduction/substitution failed:
In file included from /usr/include/c++/11/bits/stl_algobase.h:64,
                 from /usr/include/c++/11/bits/specfun.h:45,
                 from /usr/include/c++/11/cmath:1935,
                 from /usr/include/x86_64-linux-gnu/c++/11/bits/stdc++.h:41,
                 from solve.c++:1:
/usr/include/c++/11/bits/stl_pair.h:490:24: note:   ‘const frac’ is not derived from ‘const std::__cxx11::basic_string<_CharT, _Traits, _Allocator>’
  490 |     { return __x.first < __y.first
      |              ~~~~~~~~~~^~~~~~~~~~~
In file included from /usr/include/c++/11/string:55,
                 from /usr/include/c++/11/bits/locale_classes.h:40,
                 from /usr/include/c++/11/bits/ios_base.h:41,
                 from /usr/include/c++/11/ios:42,
                 from /usr/include/c++/11/istream:38,
                 from /usr/include/c++/11/sstream:38,
                 from /usr/include/c++/11/complex:45,
                 from /usr/include/c++/11/ccomplex:39,
                 from /usr/include/x86_64-linux-gnu/c++/11/bits/stdc++.h:54,
                 from solve.c++:1:
/usr/include/c++/11/bits/basic_string.h:6365:5: note: candidate: ‘template<class _CharT, class _Traits, class _Alloc> bool std::operator<(const _CharT*, const std::__cxx11::basic_string<_CharT, _Traits, _Allocator>&)’
 6365 |     operator<(const _CharT* __lhs,
      |     ^~~~~~~~
/usr/include/c++/11/bits/basic_string.h:6365:5: note:   template argument deduction/substitution failed:
In file included from /usr/include/c++/11/bits/stl_algobase.h:64,
                 from /usr/include/c++/11/bits/specfun.h:45,
                 from /usr/include/c++/11/cmath:1935,
                 from /usr/include/x86_64-linux-gnu/c++/11/bits/stdc++.h:41,
                 from solve.c++:1:
/usr/include/c++/11/bits/stl_pair.h:490:24: note:   mismatched types ‘const _CharT*’ and ‘frac’
  490 |     { return __x.first < __y.first
      |              ~~~~~~~~~~^~~~~~~~~~~
In file included from /usr/include/c++/11/tuple:39,
                 from /usr/include/c++/11/functional:54,
                 from /usr/include/c++/11/pstl/glue_algorithm_defs.h:13,
                 from /usr/include/c++/11/algorithm:74,
                 from /usr/include/x86_64-linux-gnu/c++/11/bits/stdc++.h:65,
                 from solve.c++:1:
/usr/include/c++/11/array:311:5: note: candidate: ‘template<class _Tp, long unsigned int _Nm> bool std::operator<(const std::array<_Tp, _Nm>&, const std::array<_Tp, _Nm>&)’
  311 |     operator<(const array<_Tp, _Nm>& __a, const array<_Tp, _Nm>& __b)
      |     ^~~~~~~~
/usr/include/c++/11/array:311:5: note:   template argument deduction/substitution failed:
In file included from /usr/include/c++/11/bits/stl_algobase.h:64,
                 from /usr/include/c++/11/bits/specfun.h:45,
                 from /usr/include/c++/11/cmath:1935,
                 from /usr/include/x86_64-linux-gnu/c++/11/bits/stdc++.h:41,
                 from solve.c++:1:
/usr/include/c++/11/bits/stl_pair.h:490:24: note:   ‘const frac’ is not derived from ‘const std::array<_Tp, _Nm>’
  490 |     { return __x.first < __y.first
      |              ~~~~~~~~~~^~~~~~~~~~~
In file included from /usr/include/c++/11/functional:54,
                 from /usr/include/c++/11/pstl/glue_algorithm_defs.h:13,
                 from /usr/include/c++/11/algorithm:74,
                 from /usr/include/x86_64-linux-gnu/c++/11/bits/stdc++.h:65,
                 from solve.c++:1:
/usr/include/c++/11/tuple:1566:5: note: candidate: ‘template<class ... _TElements, class ... _UElements> constexpr bool std::operator<(const std::tuple<_Tps ...>&, const std::tuple<_UTypes ...>&)’
 1566 |     operator<(const tuple<_TElements...>& __t,
      |     ^~~~~~~~
/usr/include/c++/11/tuple:1566:5: note:   template argument deduction/substitution failed:
In file included from /usr/include/c++/11/bits/stl_algobase.h:64,
                 from /usr/include/c++/11/bits/specfun.h:45,
                 from /usr/include/c++/11/cmath:1935,
                 from /usr/include/x86_64-linux-gnu/c++/11/bits/stdc++.h:41,
                 from solve.c++:1:
/usr/include/c++/11/bits/stl_pair.h:490:24: note:   ‘const frac’ is not derived from ‘const std::tuple<_Tps ...>’
  490 |     { return __x.first < __y.first
      |              ~~~~~~~~~~^~~~~~~~~~~
In file included from /usr/include/c++/11/vector:67,
                 from /usr/include/c++/11/functional:62,
                 from /usr/include/c++/11/pstl/glue_algorithm_defs.h:13,
                 from /usr/include/c++/11/algorithm:74,
                 from /usr/include/x86_64-linux-gnu/c++/11/bits/stdc++.h:65,
                 from solve.c++:1:
/usr/include/c++/11/bits/stl_vector.h:1930:5: note: candidate: ‘template<class _Tp, class _Alloc> bool std::operator<(const std::vector<_Tp, _Alloc>&, const std::vector<_Tp, _Alloc>&)’
 1930 |     operator<(const vector<_Tp, _Alloc>& __x, const vector<_Tp, _Alloc>& __y)
      |     ^~~~~~~~
/usr/include/c++/11/bits/stl_vector.h:1930:5: note:   template argument deduction/substitution failed:
In file included from /usr/include/c++/11/bits/stl_algobase.h:64,
                 from /usr/include/c++/11/bits/specfun.h:45,
                 from /usr/include/c++/11/cmath:1935,
                 from /usr/include/x86_64-linux-gnu/c++/11/bits/stdc++.h:41,
                 from solve.c++:1:
/usr/include/c++/11/bits/stl_pair.h:490:24: note:   ‘const frac’ is not derived from ‘const std::vector<_Tp, _Alloc>’
  490 |     { return __x.first < __y.first
      |              ~~~~~~~~~~^~~~~~~~~~~
In file included from /usr/include/c++/11/deque:67,
                 from /usr/include/x86_64-linux-gnu/c++/11/bits/stdc++.h:68,
                 from solve.c++:1:
/usr/include/c++/11/bits/stl_deque.h:2285:5: note: candidate: ‘template<class _Tp, class _Alloc> bool std::operator<(const std::deque<_Tp, _Alloc>&, const std::deque<_Tp, _Alloc>&)’
 2285 |     operator<(const deque<_Tp, _Alloc>& __x, const deque<_Tp, _Alloc>& __y)
      |     ^~~~~~~~
/usr/include/c++/11/bits/stl_deque.h:2285:5: note:   template argument deduction/substitution failed:
In file included from /usr/include/c++/11/bits/stl_algobase.h:64,
                 from /usr/include/c++/11/bits/specfun.h:45,
                 from /usr/include/c++/11/cmath:1935,
                 from /usr/include/x86_64-linux-gnu/c++/11/bits/stdc++.h:41,
                 from solve.c++:1:
/usr/include/c++/11/bits/stl_pair.h:490:24: note:   ‘const frac’ is not derived from ‘const std::deque<_Tp, _Alloc>’
  490 |     { return __x.first < __y.first
      |              ~~~~~~~~~~^~~~~~~~~~~
In file included from /usr/include/c++/11/bits/locale_conv.h:41,
                 from /usr/include/c++/11/locale:43,
                 from /usr/include/c++/11/iomanip:43,
                 from /usr/include/x86_64-linux-gnu/c++/11/bits/stdc++.h:72,
                 from solve.c++:1:
/usr/include/c++/11/bits/unique_ptr.h:795:5: note: candidate: ‘template<class _Tp, class _Dp, class _Up, class _Ep> bool std::operator<(const std::unique_ptr<_Tp, _Dp>&, const std::unique_ptr<_Up, _Ep>&)’
  795 |     operator<(const unique_ptr<_Tp, _Dp>& __x,
      |     ^~~~~~~~
/usr/include/c++/11/bits/unique_ptr.h:795:5: note:   template argument deduction/substitution failed:
In file included from /usr/include/c++/11/bits/stl_algobase.h:64,
                 from /usr/include/c++/11/bits/specfun.h:45,
                 from /usr/include/c++/11/cmath:1935,
                 from /usr/include/x86_64-linux-gnu/c++/11/bits/stdc++.h:41,
                 from solve.c++:1:
/usr/include/c++/11/bits/stl_pair.h:490:24: note:   ‘const frac’ is not derived from ‘const std::unique_ptr<_Tp, _Dp>’
  490 |     { return __x.first < __y.first
      |              ~~~~~~~~~~^~~~~~~~~~~
In file included from /usr/include/c++/11/bits/locale_conv.h:41,
                 from /usr/include/c++/11/locale:43,
                 from /usr/include/c++/11/iomanip:43,
                 from /usr/include/x86_64-linux-gnu/c++/11/bits/stdc++.h:72,
                 from solve.c++:1:
/usr/include/c++/11/bits/unique_ptr.h:807:5: note: candidate: ‘template<class _Tp, class _Dp> bool std::operator<(const std::unique_ptr<_Tp, _Dp>&, std::nullptr_t)’
  807 |     operator<(const unique_ptr<_Tp, _Dp>& __x, nullptr_t)
      |     ^~~~~~~~
/usr/include/c++/11/bits/unique_ptr.h:807:5: note:   template argument deduction/substitution failed:
In file included from /usr/include/c++/11/bits/stl_algobase.h:64,
                 from /usr/include/c++/11/bits/specfun.h:45,
                 from /usr/include/c++/11/cmath:1935,
                 from /usr/include/x86_64-linux-gnu/c++/11/bits/stdc++.h:41,
                 from solve.c++:1:
/usr/include/c++/11/bits/stl_pair.h:490:24: note:   ‘const frac’ is not derived from ‘const std::unique_ptr<_Tp, _Dp>’
  490 |     { return __x.first < __y.first
      |              ~~~~~~~~~~^~~~~~~~~~~
In file included from /usr/include/c++/11/bits/locale_conv.h:41,
                 from /usr/include/c++/11/locale:43,
                 from /usr/include/c++/11/iomanip:43,
                 from /usr/include/x86_64-linux-gnu/c++/11/bits/stdc++.h:72,
                 from solve.c++:1:
/usr/include/c++/11/bits/unique_ptr.h:816:5: note: candidate: ‘template<class _Tp, class _Dp> bool std::operator<(std::nullptr_t, const std::unique_ptr<_Tp, _Dp>&)’
  816 |     operator<(nullptr_t, const unique_ptr<_Tp, _Dp>& __x)
      |     ^~~~~~~~
/usr/include/c++/11/bits/unique_ptr.h:816:5: note:   template argument deduction/substitution failed:
In file included from /usr/include/c++/11/bits/stl_algobase.h:64,
                 from /usr/include/c++/11/bits/specfun.h:45,
                 from /usr/include/c++/11/cmath:1935,
                 from /usr/include/x86_64-linux-gnu/c++/11/bits/stdc++.h:41,
                 from solve.c++:1:
/usr/include/c++/11/bits/stl_pair.h:490:24: note:   ‘const frac’ is not derived from ‘const std::unique_ptr<_Tp, _Dp>’
  490 |     { return __x.first < __y.first
      |              ~~~~~~~~~~^~~~~~~~~~~
In file included from /usr/include/c++/11/list:63,
                 from /usr/include/x86_64-linux-gnu/c++/11/bits/stdc++.h:79,
                 from solve.c++:1:
/usr/include/c++/11/bits/stl_list.h:2085:5: note: candidate: ‘template<class _Tp, class _Alloc> bool std::operator<(const std::__cxx11::list<_Tp, _Alloc>&, const std::__cxx11::list<_Tp, _Alloc>&)’
 2085 |     operator<(const list<_Tp, _Alloc>& __x, const list<_Tp, _Alloc>& __y)
      |     ^~~~~~~~
/usr/include/c++/11/bits/stl_list.h:2085:5: note:   template argument deduction/substitution failed:
In file included from /usr/include/c++/11/bits/stl_algobase.h:64,
                 from /usr/include/c++/11/bits/specfun.h:45,
                 from /usr/include/c++/11/cmath:1935,
                 from /usr/include/x86_64-linux-gnu/c++/11/bits/stdc++.h:41,
                 from solve.c++:1:
/usr/include/c++/11/bits/stl_pair.h:490:24: note:   ‘const frac’ is not derived from ‘const std::__cxx11::list<_Tp, _Alloc>’
  490 |     { return __x.first < __y.first
      |              ~~~~~~~~~~^~~~~~~~~~~
In file included from /usr/include/c++/11/map:61,
                 from /usr/include/x86_64-linux-gnu/c++/11/bits/stdc++.h:81,
                 from solve.c++:1:
/usr/include/c++/11/bits/stl_map.h:1501:5: note: candidate: ‘template<class _Key, class _Tp, class _Compare, class _Alloc> bool std::operator<(const std::map<_Key, _Tp, _Compare, _Allocator>&, const std::map<_Key, _Tp, _Compare, _Allocator>&)’
 1501 |     operator<(const map<_Key, _Tp, _Compare, _Alloc>& __x,
      |     ^~~~~~~~
/usr/include/c++/11/bits/stl_map.h:1501:5: note:   template argument deduction/substitution failed:
In file included from /usr/include/c++/11/bits/stl_algobase.h:64,
                 from /usr/include/c++/11/bits/specfun.h:45,
                 from /usr/include/c++/11/cmath:1935,
                 from /usr/include/x86_64-linux-gnu/c++/11/bits/stdc++.h:41,
                 from solve.c++:1:
/usr/include/c++/11/bits/stl_pair.h:490:24: note:   ‘const frac’ is not derived from ‘const std::map<_Key, _Tp, _Compare, _Allocator>’
  490 |     { return __x.first < __y.first
      |              ~~~~~~~~~~^~~~~~~~~~~
In file included from /usr/include/c++/11/map:62,
                 from /usr/include/x86_64-linux-gnu/c++/11/bits/stdc++.h:81,
                 from solve.c++:1:
/usr/include/c++/11/bits/stl_multimap.h:1166:5: note: candidate: ‘template<class _Key, class _Tp, class _Compare, class _Alloc> bool std::operator<(const std::multimap<_Key, _Tp, _Compare, _Allocator>&, const std::multimap<_Key, _Tp, _Compare, _Allocator>&)’
 1166 |     operator<(const multimap<_Key, _Tp, _Compare, _Alloc>& __x,
      |     ^~~~~~~~
/usr/include/c++/11/bits/stl_multimap.h:1166:5: note:   template argument deduction/substitution failed:
In file included from /usr/include/c++/11/bits/stl_algobase.h:64,
                 from /usr/include/c++/11/bits/specfun.h:45,
                 from /usr/include/c++/11/cmath:1935,
                 from /usr/include/x86_64-linux-gnu/c++/11/bits/stdc++.h:41,
                 from solve.c++:1:
/usr/include/c++/11/bits/stl_pair.h:490:24: note:   ‘const frac’ is not derived from ‘const std::multimap<_Key, _Tp, _Compare, _Allocator>’
  490 |     { return __x.first < __y.first
      |              ~~~~~~~~~~^~~~~~~~~~~
In file included from /usr/include/c++/11/bits/shared_ptr.h:53,
                 from /usr/include/c++/11/memory:77,
                 from /usr/include/x86_64-linux-gnu/c++/11/bits/stdc++.h:82,
                 from solve.c++:1:
/usr/include/c++/11/bits/shared_ptr_base.h:1457:5: note: candidate: ‘template<class _Tp, class _Up, __gnu_cxx::_Lock_policy _Lp> bool std::operator<(const std::__shared_ptr<_Tp1, _Lp>&, const std::__shared_ptr<_Tp2, _Lp>&)’
 1457 |     operator<(const __shared_ptr<_Tp, _Lp>& __a,
      |     ^~~~~~~~
/usr/include/c++/11/bits/shared_ptr_base.h:1457:5: note:   template argument deduction/substitution failed:
In file included from /usr/include/c++/11/bits/stl_algobase.h:64,
                 from /usr/include/c++/11/bits/specfun.h:45,
                 from /usr/include/c++/11/cmath:1935,
                 from /usr/include/x86_64-linux-gnu/c++/11/bits/stdc++.h:41,
                 from solve.c++:1:
/usr/include/c++/11/bits/stl_pair.h:490:24: note:   ‘const frac’ is not derived from ‘const std::__shared_ptr<_Tp1, _Lp>’
  490 |     { return __x.first < __y.first
      |              ~~~~~~~~~~^~~~~~~~~~~
In file included from /usr/include/c++/11/bits/shared_ptr.h:53,
                 from /usr/include/c++/11/memory:77,
                 from /usr/include/x86_64-linux-gnu/c++/11/bits/stdc++.h:82,
                 from solve.c++:1:
/usr/include/c++/11/bits/shared_ptr_base.h:1468:5: note: candidate: ‘template<class _Tp, __gnu_cxx::_Lock_policy _Lp> bool std::operator<(const std::__shared_ptr<_Tp, _Lp>&, std::nullptr_t)’
 1468 |     operator<(const __shared_ptr<_Tp, _Lp>& __a, nullptr_t) noexcept
      |     ^~~~~~~~
/usr/include/c++/11/bits/shared_ptr_base.h:1468:5: note:   template argument deduction/substitution failed:
In file included from /usr/include/c++/11/bits/stl_algobase.h:64,
                 from /usr/include/c++/11/bits/specfun.h:45,
                 from /usr/include/c++/11/cmath:1935,
                 from /usr/include/x86_64-linux-gnu/c++/11/bits/stdc++.h:41,
                 from solve.c++:1:
/usr/include/c++/11/bits/stl_pair.h:490:24: note:   ‘const frac’ is not derived from ‘const std::__shared_ptr<_Tp, _Lp>’
  490 |     { return __x.first < __y.first
      |              ~~~~~~~~~~^~~~~~~~~~~
In file included from /usr/include/c++/11/bits/shared_ptr.h:53,
                 from /usr/include/c++/11/memory:77,
                 from /usr/include/x86_64-linux-gnu/c++/11/bits/stdc++.h:82,
                 from solve.c++:1:
/usr/include/c++/11/bits/shared_ptr_base.h:1476:5: note: candidate: ‘template<class _Tp, __gnu_cxx::_Lock_policy _Lp> bool std::operator<(std::nullptr_t, const std::__shared_ptr<_Tp, _Lp>&)’
 1476 |     operator<(nullptr_t, const __shared_ptr<_Tp, _Lp>& __a) noexcept
      |     ^~~~~~~~
/usr/include/c++/11/bits/shared_ptr_base.h:1476:5: note:   template argument deduction/substitution failed:
In file included from /usr/include/c++/11/bits/stl_algobase.h:64,
                 from /usr/include/c++/11/bits/specfun.h:45,
                 from /usr/include/c++/11/cmath:1935,
                 from /usr/include/x86_64-linux-gnu/c++/11/bits/stdc++.h:41,
                 from solve.c++:1:
/usr/include/c++/11/bits/stl_pair.h:490:24: note:   ‘const frac’ is not derived from ‘const std::__shared_ptr<_Tp, _Lp>’
  490 |     { return __x.first < __y.first
      |              ~~~~~~~~~~^~~~~~~~~~~
In file included from /usr/include/c++/11/memory:77,
                 from /usr/include/x86_64-linux-gnu/c++/11/bits/stdc++.h:82,
                 from solve.c++:1:
/usr/include/c++/11/bits/shared_ptr.h:488:5: note: candidate: ‘template<class _Tp, class _Up> bool std::operator<(const std::shared_ptr<_Tp>&, const std::shared_ptr<_Tp>&)’
  488 |     operator<(const shared_ptr<_Tp>& __a, const shared_ptr<_Up>& __b) noexcept
      |     ^~~~~~~~
/usr/include/c++/11/bits/shared_ptr.h:488:5: note:   template argument deduction/substitution failed:
In file included from /usr/include/c++/11/bits/stl_algobase.h:64,
                 from /usr/include/c++/11/bits/specfun.h:45,
                 from /usr/include/c++/11/cmath:1935,
                 from /usr/include/x86_64-linux-gnu/c++/11/bits/stdc++.h:41,
                 from solve.c++:1:
/usr/include/c++/11/bits/stl_pair.h:490:24: note:   ‘const frac’ is not derived from ‘const std::shared_ptr<_Tp>’
  490 |     { return __x.first < __y.first
      |              ~~~~~~~~~~^~~~~~~~~~~
In file included from /usr/include/c++/11/memory:77,
                 from /usr/include/x86_64-linux-gnu/c++/11/bits/stdc++.h:82,
                 from solve.c++:1:
/usr/include/c++/11/bits/shared_ptr.h:499:5: note: candidate: ‘template<class _Tp> bool std::operator<(const std::shared_ptr<_Tp>&, std::nullptr_t)’
  499 |     operator<(const shared_ptr<_Tp>& __a, nullptr_t) noexcept
      |     ^~~~~~~~
/usr/include/c++/11/bits/shared_ptr.h:499:5: note:   template argument deduction/substitution failed:
In file included from /usr/include/c++/11/bits/stl_algobase.h:64,
                 from /usr/include/c++/11/bits/specfun.h:45,
                 from /usr/include/c++/11/cmath:1935,
                 from /usr/include/x86_64-linux-gnu/c++/11/bits/stdc++.h:41,
                 from solve.c++:1:
/usr/include/c++/11/bits/stl_pair.h:490:24: note:   ‘const frac’ is not derived from ‘const std::shared_ptr<_Tp>’
  490 |     { return __x.first < __y.first
      |              ~~~~~~~~~~^~~~~~~~~~~
In file included from /usr/include/c++/11/memory:77,
                 from /usr/include/x86_64-linux-gnu/c++/11/bits/stdc++.h:82,
                 from solve.c++:1:
/usr/include/c++/11/bits/shared_ptr.h:508:5: note: candidate: ‘template<class _Tp> bool std::operator<(std::nullptr_t, const std::shared_ptr<_Tp>&)’
  508 |     operator<(nullptr_t, const shared_ptr<_Tp>& __a) noexcept
      |     ^~~~~~~~
/usr/include/c++/11/bits/shared_ptr.h:508:5: note:   template argument deduction/substitution failed:
In file included from /usr/include/c++/11/bits/stl_algobase.h:64,
                 from /usr/include/c++/11/bits/specfun.h:45,
                 from /usr/include/c++/11/cmath:1935,
                 from /usr/include/x86_64-linux-gnu/c++/11/bits/stdc++.h:41,
                 from solve.c++:1:
/usr/include/c++/11/bits/stl_pair.h:490:24: note:   ‘const frac’ is not derived from ‘const std::shared_ptr<_Tp>’
  490 |     { return __x.first < __y.first
      |              ~~~~~~~~~~^~~~~~~~~~~
In file included from /usr/include/c++/11/queue:64,
                 from /usr/include/x86_64-linux-gnu/c++/11/bits/stdc++.h:86,
                 from solve.c++:1:
/usr/include/c++/11/bits/stl_queue.h:362:5: note: candidate: ‘template<class _Tp, class _Seq> bool std::operator<(const std::queue<_Tp, _Seq>&, const std::queue<_Tp, _Seq>&)’
  362 |     operator<(const queue<_Tp, _Seq>& __x, const queue<_Tp, _Seq>& __y)
      |     ^~~~~~~~
/usr/include/c++/11/bits/stl_queue.h:362:5: note:   template argument deduction/substitution failed:
In file included from /usr/include/c++/11/bits/stl_algobase.h:64,
                 from /usr/include/c++/11/bits/specfun.h:45,
                 from /usr/include/c++/11/cmath:1935,
                 from /usr/include/x86_64-linux-gnu/c++/11/bits/stdc++.h:41,
                 from solve.c++:1:
/usr/include/c++/11/bits/stl_pair.h:490:24: note:   ‘const frac’ is not derived from ‘const std::queue<_Tp, _Seq>’
  490 |     { return __x.first < __y.first
      |              ~~~~~~~~~~^~~~~~~~~~~
In file included from /usr/include/c++/11/set:61,
                 from /usr/include/x86_64-linux-gnu/c++/11/bits/stdc++.h:87,
                 from solve.c++:1:
/usr/include/c++/11/bits/stl_set.h:1023:5: note: candidate: ‘template<class _Key, class _Compare, class _Alloc> bool std::operator<(const std::set<_Key, _Compare, _Allocator>&, const std::set<_Key, _Compare, _Allocator>&)’
 1023 |     operator<(const set<_Key, _Compare, _Alloc>& __x,
      |     ^~~~~~~~
/usr/include/c++/11/bits/stl_set.h:1023:5: note:   template argument deduction/substitution failed:
In file included from /usr/include/c++/11/bits/stl_algobase.h:64,
                 from /usr/include/c++/11/bits/specfun.h:45,
                 from /usr/include/c++/11/cmath:1935,
                 from /usr/include/x86_64-linux-gnu/c++/11/bits/stdc++.h:41,
                 from solve.c++:1:
/usr/include/c++/11/bits/stl_pair.h:490:24: note:   ‘const frac’ is not derived from ‘const std::set<_Key, _Compare, _Allocator>’
  490 |     { return __x.first < __y.first
      |              ~~~~~~~~~~^~~~~~~~~~~
In file included from /usr/include/c++/11/set:62,
                 from /usr/include/x86_64-linux-gnu/c++/11/bits/stdc++.h:87,
                 from solve.c++:1:
/usr/include/c++/11/bits/stl_multiset.h:1009:5: note: candidate: ‘template<class _Key, class _Compare, class _Alloc> bool std::operator<(const std::multiset<_Key, _Compare, _Allocator>&, const std::multiset<_Key, _Compare, _Allocator>&)’
 1009 |     operator<(const multiset<_Key, _Compare, _Alloc>& __x,
      |     ^~~~~~~~
/usr/include/c++/11/bits/stl_multiset.h:1009:5: note:   template argument deduction/substitution failed:
In file included from /usr/include/c++/11/bits/stl_algobase.h:64,
                 from /usr/include/c++/11/bits/specfun.h:45,
                 from /usr/include/c++/11/cmath:1935,
                 from /usr/include/x86_64-linux-gnu/c++/11/bits/stdc++.h:41,
                 from solve.c++:1:
/usr/include/c++/11/bits/stl_pair.h:490:24: note:   ‘const frac’ is not derived from ‘const std::multiset<_Key, _Compare, _Allocator>’
  490 |     { return __x.first < __y.first
      |              ~~~~~~~~~~^~~~~~~~~~~
In file included from /usr/include/c++/11/stack:61,
                 from /usr/include/x86_64-linux-gnu/c++/11/bits/stdc++.h:89,
                 from solve.c++:1:
/usr/include/c++/11/bits/stl_stack.h:337:5: note: candidate: ‘template<class _Tp, class _Seq> bool std::operator<(const std::stack<_Tp, _Seq>&, const std::stack<_Tp, _Seq>&)’
  337 |     operator<(const stack<_Tp, _Seq>& __x, const stack<_Tp, _Seq>& __y)
      |     ^~~~~~~~
/usr/include/c++/11/bits/stl_stack.h:337:5: note:   template argument deduction/substitution failed:
In file included from /usr/include/c++/11/bits/stl_algobase.h:64,
                 from /usr/include/c++/11/bits/specfun.h:45,
                 from /usr/include/c++/11/cmath:1935,
                 from /usr/include/x86_64-linux-gnu/c++/11/bits/stdc++.h:41,
                 from solve.c++:1:
/usr/include/c++/11/bits/stl_pair.h:490:24: note:   ‘const frac’ is not derived from ‘const std::stack<_Tp, _Seq>’
  490 |     { return __x.first < __y.first
      |              ~~~~~~~~~~^~~~~~~~~~~
In file included from /usr/include/c++/11/valarray:603,
                 from /usr/include/x86_64-linux-gnu/c++/11/bits/stdc++.h:95,
                 from solve.c++:1:
/usr/include/c++/11/bits/valarray_after.h:419:5: note: candidate: ‘template<class _Dom1, class _Dom2> std::_Expr<std::__detail::_BinClos<std::__less, std::_Expr, std::_Expr, _Dom1, _Dom2>, typename std::__fun<std::__less, typename _Dom1::value_type>::result_type> std::operator<(const std::_Expr<_Dom1, typename _Dom1::value_type>&, const std::_Expr<_Dom2, typename _Dom2::value_type>&)’
  419 |     _DEFINE_EXPR_BINARY_OPERATOR(<, struct std::__less)
      |     ^~~~~~~~~~~~~~~~~~~~~~~~~~~~
/usr/include/c++/11/bits/valarray_after.h:419:5: note:   template argument deduction/substitution failed:
In file included from /usr/include/c++/11/bits/stl_algobase.h:64,
                 from /usr/include/c++/11/bits/specfun.h:45,
                 from /usr/include/c++/11/cmath:1935,
                 from /usr/include/x86_64-linux-gnu/c++/11/bits/stdc++.h:41,
                 from solve.c++:1:
/usr/include/c++/11/bits/stl_pair.h:490:24: note:   ‘const frac’ is not derived from ‘const std::_Expr<_Dom1, typename _Dom1::value_type>’
  490 |     { return __x.first < __y.first
      |              ~~~~~~~~~~^~~~~~~~~~~
In file included from /usr/include/c++/11/valarray:603,
                 from /usr/include/x86_64-linux-gnu/c++/11/bits/stdc++.h:95,
                 from solve.c++:1:
/usr/include/c++/11/bits/valarray_after.h:419:5: note: candidate: ‘template<class _Dom> std::_Expr<std::__detail::_BinClos<std::__less, std::_Expr, std::_Constant, _Dom, typename _Dom::value_type>, typename std::__fun<std::__less, typename _Dom1::value_type>::result_type> std::operator<(const std::_Expr<_Dom1, typename _Dom1::value_type>&, const typename _Dom::value_type&)’
  419 |     _DEFINE_EXPR_BINARY_OPERATOR(<, struct std::__less)
      |     ^~~~~~~~~~~~~~~~~~~~~~~~~~~~
/usr/include/c++/11/bits/valarray_after.h:419:5: note:   template argument deduction/substitution failed:
In file included from /usr/include/c++/11/bits/stl_algobase.h:64,
                 from /usr/include/c++/11/bits/specfun.h:45,
                 from /usr/include/c++/11/cmath:1935,
                 from /usr/include/x86_64-linux-gnu/c++/11/bits/stdc++.h:41,
                 from solve.c++:1:
/usr/include/c++/11/bits/stl_pair.h:490:24: note:   ‘const frac’ is not derived from ‘const std::_Expr<_Dom1, typename _Dom1::value_type>’
  490 |     { return __x.first < __y.first
      |              ~~~~~~~~~~^~~~~~~~~~~
In file included from /usr/include/c++/11/valarray:603,
                 from /usr/include/x86_64-linux-gnu/c++/11/bits/stdc++.h:95,
                 from solve.c++:1:
/usr/include/c++/11/bits/valarray_after.h:419:5: note: candidate: ‘template<class _Dom> std::_Expr<std::__detail::_BinClos<std::__less, std::_Constant, std::_Expr, typename _Dom::value_type, _Dom>, typename std::__fun<std::__less, typename _Dom1::value_type>::result_type> std::operator<(const typename _Dom::value_type&, const std::_Expr<_Dom1, typename _Dom1::value_type>&)’
  419 |     _DEFINE_EXPR_BINARY_OPERATOR(<, struct std::__less)
      |     ^~~~~~~~~~~~~~~~~~~~~~~~~~~~
/usr/include/c++/11/bits/valarray_after.h:419:5: note:   template argument deduction/substitution failed:
In file included from /usr/include/c++/11/bits/stl_algobase.h:64,
                 from /usr/include/c++/11/bits/specfun.h:45,
                 from /usr/include/c++/11/cmath:1935,
                 from /usr/include/x86_64-linux-gnu/c++/11/bits/stdc++.h:41,
                 from solve.c++:1:
/usr/include/c++/11/bits/stl_pair.h:490:24: note:   ‘const frac’ is not derived from ‘const std::_Expr<_Dom1, typename _Dom1::value_type>’
  490 |     { return __x.first < __y.first
      |              ~~~~~~~~~~^~~~~~~~~~~
In file included from /usr/include/c++/11/valarray:603,
                 from /usr/include/x86_64-linux-gnu/c++/11/bits/stdc++.h:95,
                 from solve.c++:1:
/usr/include/c++/11/bits/valarray_after.h:419:5: note: candidate: ‘template<class _Dom> std::_Expr<std::__detail::_BinClos<std::__less, std::_Expr, std::_ValArray, _Dom, typename _Dom::value_type>, typename std::__fun<std::__less, typename _Dom1::value_type>::result_type> std::operator<(const std::_Expr<_Dom1, typename _Dom1::value_type>&, const std::valarray<typename _Dom::value_type>&)’
  419 |     _DEFINE_EXPR_BINARY_OPERATOR(<, struct std::__less)
      |     ^~~~~~~~~~~~~~~~~~~~~~~~~~~~
/usr/include/c++/11/bits/valarray_after.h:419:5: note:   template argument deduction/substitution failed:
In file included from /usr/include/c++/11/bits/stl_algobase.h:64,
                 from /usr/include/c++/11/bits/specfun.h:45,
                 from /usr/include/c++/11/cmath:1935,
                 from /usr/include/x86_64-linux-gnu/c++/11/bits/stdc++.h:41,
                 from solve.c++:1:
/usr/include/c++/11/bits/stl_pair.h:490:24: note:   ‘const frac’ is not derived from ‘const std::_Expr<_Dom1, typename _Dom1::value_type>’
  490 |     { return __x.first < __y.first
      |              ~~~~~~~~~~^~~~~~~~~~~
In file included from /usr/include/c++/11/valarray:603,
                 from /usr/include/x86_64-linux-gnu/c++/11/bits/stdc++.h:95,
                 from solve.c++:1:
/usr/include/c++/11/bits/valarray_after.h:419:5: note: candidate: ‘template<class _Dom> std::_Expr<std::__detail::_BinClos<std::__less, std::_ValArray, std::_Expr, typename _Dom::value_type, _Dom>, typename std::__fun<std::__less, typename _Dom1::value_type>::result_type> std::operator<(const std::valarray<typename _Dom::value_type>&, const std::_Expr<_Dom1, typename _Dom1::value_type>&)’
  419 |     _DEFINE_EXPR_BINARY_OPERATOR(<, struct std::__less)
      |     ^~~~~~~~~~~~~~~~~~~~~~~~~~~~
/usr/include/c++/11/bits/valarray_after.h:419:5: note:   template argument deduction/substitution failed:
In file included from /usr/include/c++/11/bits/stl_algobase.h:64,
                 from /usr/include/c++/11/bits/specfun.h:45,
                 from /usr/include/c++/11/cmath:1935,
                 from /usr/include/x86_64-linux-gnu/c++/11/bits/stdc++.h:41,
                 from solve.c++:1:
/usr/include/c++/11/bits/stl_pair.h:490:24: note:   ‘const frac’ is not derived from ‘const std::_Expr<_Dom1, typename _Dom1::value_type>’
  490 |     { return __x.first < __y.first
      |              ~~~~~~~~~~^~~~~~~~~~~
In file included from /usr/include/x86_64-linux-gnu/c++/11/bits/stdc++.h:95,
                 from solve.c++:1:
/usr/include/c++/11/valarray:1200:1: note: candidate: ‘template<class _Tp> std::_Expr<std::__detail::_BinClos<std::__less, std::_ValArray, std::_ValArray, _Tp, _Tp>, typename std::__fun<std::__less, _Tp>::result_type> std::operator<(const std::valarray<_Tp>&, const std::valarray<_Tp>&)’
 1200 | _DEFINE_BINARY_OPERATOR(<, __less)
      | ^~~~~~~~~~~~~~~~~~~~~~~
/usr/include/c++/11/valarray:1200:1: note:   template argument deduction/substitution failed:
In file included from /usr/include/c++/11/bits/stl_algobase.h:64,
                 from /usr/include/c++/11/bits/specfun.h:45,
                 from /usr/include/c++/11/cmath:1935,
                 from /usr/include/x86_64-linux-gnu/c++/11/bits/stdc++.h:41,
                 from solve.c++:1:
/usr/include/c++/11/bits/stl_pair.h:490:24: note:   ‘const frac’ is not derived from ‘const std::valarray<_Tp>’
  490 |     { return __x.first < __y.first
      |              ~~~~~~~~~~^~~~~~~~~~~
In file included from /usr/include/x86_64-linux-gnu/c++/11/bits/stdc++.h:95,
                 from solve.c++:1:
/usr/include/c++/11/valarray:1200:1: note: candidate: ‘template<class _Tp> std::_Expr<std::__detail::_BinClos<std::__less, std::_ValArray, std::_Constant, _Tp, _Tp>, typename std::__fun<std::__less, _Tp>::result_type> std::operator<(const std::valarray<_Tp>&, const typename std::valarray<_Tp>::value_type&)’
 1200 | _DEFINE_BINARY_OPERATOR(<, __less)
      | ^~~~~~~~~~~~~~~~~~~~~~~
/usr/include/c++/11/valarray:1200:1: note:   template argument deduction/substitution failed:
In file included from /usr/include/c++/11/bits/stl_algobase.h:64,
                 from /usr/include/c++/11/bits/specfun.h:45,
                 from /usr/include/c++/11/cmath:1935,
                 from /usr/include/x86_64-linux-gnu/c++/11/bits/stdc++.h:41,
                 from solve.c++:1:
/usr/include/c++/11/bits/stl_pair.h:490:24: note:   ‘const frac’ is not derived from ‘const std::valarray<_Tp>’
  490 |     { return __x.first < __y.first
      |              ~~~~~~~~~~^~~~~~~~~~~
In file included from /usr/include/x86_64-linux-gnu/c++/11/bits/stdc++.h:95,
                 from solve.c++:1:
/usr/include/c++/11/valarray:1200:1: note: candidate: ‘template<class _Tp> std::_Expr<std::__detail::_BinClos<std::__less, std::_Constant, std::_ValArray, _Tp, _Tp>, typename std::__fun<std::__less, _Tp>::result_type> std::operator<(const typename std::valarray<_Tp>::value_type&, const std::valarray<_Tp>&)’
 1200 | _DEFINE_BINARY_OPERATOR(<, __less)
      | ^~~~~~~~~~~~~~~~~~~~~~~
/usr/include/c++/11/valarray:1200:1: note:   template argument deduction/substitution failed:
In file included from /usr/include/c++/11/bits/stl_algobase.h:64,
                 from /usr/include/c++/11/bits/specfun.h:45,
                 from /usr/include/c++/11/cmath:1935,
                 from /usr/include/x86_64-linux-gnu/c++/11/bits/stdc++.h:41,
                 from solve.c++:1:
/usr/include/c++/11/bits/stl_pair.h:490:24: note:   ‘const frac’ is not derived from ‘const std::valarray<_Tp>’
  490 |     { return __x.first < __y.first
      |              ~~~~~~~~~~^~~~~~~~~~~
In file included from /usr/include/c++/11/forward_list:38,
                 from /usr/include/x86_64-linux-gnu/c++/11/bits/stdc++.h:104,
                 from solve.c++:1:
/usr/include/c++/11/bits/forward_list.h:1468:5: note: candidate: ‘template<class _Tp, class _Alloc> bool std::operator<(const std::forward_list<_Tp, _Alloc>&, const std::forward_list<_Tp, _Alloc>&)’
 1468 |     operator<(const forward_list<_Tp, _Alloc>& __lx,
      |     ^~~~~~~~
/usr/include/c++/11/bits/forward_list.h:1468:5: note:   template argument deduction/substitution failed:
In file included from /usr/include/c++/11/bits/stl_algobase.h:64,
                 from /usr/include/c++/11/bits/specfun.h:45,
                 from /usr/include/c++/11/cmath:1935,
                 from /usr/include/x86_64-linux-gnu/c++/11/bits/stdc++.h:41,
                 from solve.c++:1:
/usr/include/c++/11/bits/stl_pair.h:490:24: note:   ‘const frac’ is not derived from ‘const std::forward_list<_Tp, _Alloc>’
  490 |     { return __x.first < __y.first
      |              ~~~~~~~~~~^~~~~~~~~~~
In file included from /usr/include/x86_64-linux-gnu/c++/11/bits/stdc++.h:130,
                 from solve.c++:1:
/usr/include/c++/11/optional:1063:5: note: candidate: ‘template<class _Tp, class _Up> constexpr std::__optional_lt_t<_Tp, _Up> std::operator<(const std::optional<_Tp>&, const std::optional<_Up>&)’
 1063 |     operator<(const optional<_Tp>& __lhs, const optional<_Up>& __rhs)
      |     ^~~~~~~~
/usr/include/c++/11/optional:1063:5: note:   template argument deduction/substitution failed:
In file included from /usr/include/c++/11/bits/stl_algobase.h:64,
                 from /usr/include/c++/11/bits/specfun.h:45,
                 from /usr/include/c++/11/cmath:1935,
                 from /usr/include/x86_64-linux-gnu/c++/11/bits/stdc++.h:41,
                 from solve.c++:1:
/usr/include/c++/11/bits/stl_pair.h:490:24: note:   ‘const frac’ is not derived from ‘const std::optional<_Tp>’
  490 |     { return __x.first < __y.first
      |              ~~~~~~~~~~^~~~~~~~~~~
In file included from /usr/include/x86_64-linux-gnu/c++/11/bits/stdc++.h:130,
                 from solve.c++:1:
/usr/include/c++/11/optional:1131:5: note: candidate: ‘template<class _Tp> constexpr bool std::operator<(const std::optional<_Tp>&, std::nullopt_t)’
 1131 |     operator<(const optional<_Tp>& /* __lhs */, nullopt_t) noexcept
      |     ^~~~~~~~
/usr/include/c++/11/optional:1131:5: note:   template argument deduction/substitution failed:
In file included from /usr/include/c++/11/bits/stl_algobase.h:64,
                 from /usr/include/c++/11/bits/specfun.h:45,
                 from /usr/include/c++/11/cmath:1935,
                 from /usr/include/x86_64-linux-gnu/c++/11/bits/stdc++.h:41,
                 from solve.c++:1:
/usr/include/c++/11/bits/stl_pair.h:490:24: note:   ‘const frac’ is not derived from ‘const std::optional<_Tp>’
  490 |     { return __x.first < __y.first
      |              ~~~~~~~~~~^~~~~~~~~~~
In file included from /usr/include/x86_64-linux-gnu/c++/11/bits/stdc++.h:130,
                 from solve.c++:1:
/usr/include/c++/11/optional:1136:5: note: candidate: ‘template<class _Tp> constexpr bool std::operator<(std::nullopt_t, const std::optional<_Tp>&)’
 1136 |     operator<(nullopt_t, const optional<_Tp>& __rhs) noexcept
      |     ^~~~~~~~
/usr/include/c++/11/optional:1136:5: note:   template argument deduction/substitution failed:
In file included from /usr/include/c++/11/bits/stl_algobase.h:64,
                 from /usr/include/c++/11/bits/specfun.h:45,
                 from /usr/include/c++/11/cmath:1935,
                 from /usr/include/x86_64-linux-gnu/c++/11/bits/stdc++.h:41,
                 from solve.c++:1:
/usr/include/c++/11/bits/stl_pair.h:490:24: note:   ‘const frac’ is not derived from ‘const std::optional<_Tp>’
  490 |     { return __x.first < __y.first
      |              ~~~~~~~~~~^~~~~~~~~~~
In file included from /usr/include/x86_64-linux-gnu/c++/11/bits/stdc++.h:130,
                 from solve.c++:1:
/usr/include/c++/11/optional:1197:5: note: candidate: ‘template<class _Tp, class _Up> constexpr std::__optional_lt_t<_Tp, _Up> std::operator<(const std::optional<_Tp>&, const _Up&)’
 1197 |     operator<(const optional<_Tp>& __lhs, const _Up& __rhs)
      |     ^~~~~~~~
/usr/include/c++/11/optional:1197:5: note:   template argument deduction/substitution failed:
In file included from /usr/include/c++/11/bits/stl_algobase.h:64,
                 from /usr/include/c++/11/bits/specfun.h:45,
                 from /usr/include/c++/11/cmath:1935,
                 from /usr/include/x86_64-linux-gnu/c++/11/bits/stdc++.h:41,
                 from solve.c++:1:
/usr/include/c++/11/bits/stl_pair.h:490:24: note:   ‘const frac’ is not derived from ‘const std::optional<_Tp>’
  490 |     { return __x.first < __y.first
      |              ~~~~~~~~~~^~~~~~~~~~~
In file included from /usr/include/x86_64-linux-gnu/c++/11/bits/stdc++.h:130,
                 from solve.c++:1:
/usr/include/c++/11/optional:1203:5: note: candidate: ‘template<class _Tp, class _Up> constexpr std::__optional_lt_t<_Up, _Tp> std::operator<(const _Up&, const std::optional<_Tp>&)’
 1203 |     operator<(const _Up& __lhs, const optional<_Tp>& __rhs)
      |     ^~~~~~~~
/usr/include/c++/11/optional:1203:5: note:   template argument deduction/substitution failed:
In file included from /usr/include/c++/11/bits/stl_algobase.h:64,
                 from /usr/include/c++/11/bits/specfun.h:45,
                 from /usr/include/c++/11/cmath:1935,
                 from /usr/include/x86_64-linux-gnu/c++/11/bits/stdc++.h:41,
                 from solve.c++:1:
/usr/include/c++/11/bits/stl_pair.h:490:24: note:   ‘const frac’ is not derived from ‘const std::optional<_Tp>’
  490 |     { return __x.first < __y.first
      |              ~~~~~~~~~~^~~~~~~~~~~
In file included from /usr/include/x86_64-linux-gnu/c++/11/bits/stdc++.h:133,
                 from solve.c++:1:
/usr/include/c++/11/variant:1230:3: note: candidate: ‘template<class ... _Types> constexpr bool std::operator<(const std::variant<_Types ...>&, const std::variant<_Types ...>&)’
 1230 |   _VARIANT_RELATION_FUNCTION_TEMPLATE(<, less)
      |   ^~~~~~~~~~~~~~~~~~~~~~~~~~~~~~~~~~~
/usr/include/c++/11/variant:1230:3: note:   template argument deduction/substitution failed:
In file included from /usr/include/c++/11/bits/stl_algobase.h:64,
                 from /usr/include/c++/11/bits/specfun.h:45,
                 from /usr/include/c++/11/cmath:1935,
                 from /usr/include/x86_64-linux-gnu/c++/11/bits/stdc++.h:41,
                 from solve.c++:1:
/usr/include/c++/11/bits/stl_pair.h:490:24: note:   ‘const frac’ is not derived from ‘const std::variant<_Types ...>’
  490 |     { return __x.first < __y.first
      |              ~~~~~~~~~~^~~~~~~~~~~
In file included from /usr/include/c++/11/regex:63,
                 from /usr/include/x86_64-linux-gnu/c++/11/bits/stdc++.h:110,
                 from solve.c++:1:
/usr/include/c++/11/bits/regex.h:1099:5: note: candidate: ‘template<class _BiIter> bool std::__cxx11::operator<(const std::__cxx11::sub_match<_BiIter>&, const std::__cxx11::sub_match<_BiIter>&)’
 1099 |     operator<(const sub_match<_BiIter>& __lhs, const sub_match<_BiIter>& __rhs)
      |     ^~~~~~~~
/usr/include/c++/11/bits/regex.h:1099:5: note:   template argument deduction/substitution failed:
In file included from /usr/include/c++/11/bits/stl_algobase.h:64,
                 from /usr/include/c++/11/bits/specfun.h:45,
                 from /usr/include/c++/11/cmath:1935,
                 from /usr/include/x86_64-linux-gnu/c++/11/bits/stdc++.h:41,
                 from solve.c++:1:
/usr/include/c++/11/bits/stl_pair.h:490:24: note:   ‘const frac’ is not derived from ‘const std::__cxx11::sub_match<_BiIter>’
  490 |     { return __x.first < __y.first
      |              ~~~~~~~~~~^~~~~~~~~~~
In file included from /usr/include/c++/11/regex:63,
                 from /usr/include/x86_64-linux-gnu/c++/11/bits/stdc++.h:110,
                 from solve.c++:1:
/usr/include/c++/11/bits/regex.h:1180:5: note: candidate: ‘template<class _Bi_iter, class _Ch_traits, class _Ch_alloc> bool std::__cxx11::operator<(std::__cxx11::__sub_match_string<_Bi_iter, _Ch_traits, _Ch_alloc>&, const std::__cxx11::sub_match<_BiIter>&)’
 1180 |     operator<(const __sub_match_string<_Bi_iter, _Ch_traits, _Ch_alloc>& __lhs,
      |     ^~~~~~~~
/usr/include/c++/11/bits/regex.h:1180:5: note:   template argument deduction/substitution failed:
In file included from /usr/include/c++/11/bits/stl_algobase.h:64,
                 from /usr/include/c++/11/bits/specfun.h:45,
                 from /usr/include/c++/11/cmath:1935,
                 from /usr/include/x86_64-linux-gnu/c++/11/bits/stdc++.h:41,
                 from solve.c++:1:
/usr/include/c++/11/bits/stl_pair.h:490:24: note:   ‘const frac’ is not derived from ‘std::__cxx11::__sub_match_string<_Bi_iter, _Ch_traits, _Ch_alloc>’
  490 |     { return __x.first < __y.first
      |              ~~~~~~~~~~^~~~~~~~~~~
In file included from /usr/include/c++/11/regex:63,
                 from /usr/include/x86_64-linux-gnu/c++/11/bits/stdc++.h:110,
                 from solve.c++:1:
/usr/include/c++/11/bits/regex.h:1273:5: note: candidate: ‘template<class _Bi_iter, class _Ch_traits, class _Ch_alloc> bool std::__cxx11::operator<(const std::__cxx11::sub_match<_BiIter>&, std::__cxx11::__sub_match_string<_Bi_iter, _Ch_traits, _Ch_alloc>&)’
 1273 |     operator<(const sub_match<_Bi_iter>& __lhs,
      |     ^~~~~~~~
/usr/include/c++/11/bits/regex.h:1273:5: note:   template argument deduction/substitution failed:
In file included from /usr/include/c++/11/bits/stl_algobase.h:64,
                 from /usr/include/c++/11/bits/specfun.h:45,
                 from /usr/include/c++/11/cmath:1935,
                 from /usr/include/x86_64-linux-gnu/c++/11/bits/stdc++.h:41,
                 from solve.c++:1:
/usr/include/c++/11/bits/stl_pair.h:490:24: note:   ‘const frac’ is not derived from ‘const std::__cxx11::sub_match<_BiIter>’
  490 |     { return __x.first < __y.first
      |              ~~~~~~~~~~^~~~~~~~~~~
In file included from /usr/include/c++/11/regex:63,
                 from /usr/include/x86_64-linux-gnu/c++/11/bits/stdc++.h:110,
                 from solve.c++:1:
/usr/include/c++/11/bits/regex.h:1347:5: note: candidate: ‘template<class _Bi_iter> bool std::__cxx11::operator<(const typename std::iterator_traits<_Iter>::value_type*, const std::__cxx11::sub_match<_BiIter>&)’
 1347 |     operator<(typename iterator_traits<_Bi_iter>::value_type const* __lhs,
      |     ^~~~~~~~
/usr/include/c++/11/bits/regex.h:1347:5: note:   template argument deduction/substitution failed:
In file included from /usr/include/c++/11/bits/stl_algobase.h:64,
                 from /usr/include/c++/11/bits/specfun.h:45,
                 from /usr/include/c++/11/cmath:1935,
                 from /usr/include/x86_64-linux-gnu/c++/11/bits/stdc++.h:41,
                 from solve.c++:1:
/usr/include/c++/11/bits/stl_pair.h:490:24: note:   ‘const frac’ is not derived from ‘const std::__cxx11::sub_match<_BiIter>’
  490 |     { return __x.first < __y.first
      |              ~~~~~~~~~~^~~~~~~~~~~
In file included from /usr/include/c++/11/regex:63,
                 from /usr/include/x86_64-linux-gnu/c++/11/bits/stdc++.h:110,
                 from solve.c++:1:
/usr/include/c++/11/bits/regex.h:1441:5: note: candidate: ‘template<class _Bi_iter> bool std::__cxx11::operator<(const std::__cxx11::sub_match<_BiIter>&, const typename std::iterator_traits<_Iter>::value_type*)’
 1441 |     operator<(const sub_match<_Bi_iter>& __lhs,
      |     ^~~~~~~~
/usr/include/c++/11/bits/regex.h:1441:5: note:   template argument deduction/substitution failed:
In file included from /usr/include/c++/11/bits/stl_algobase.h:64,
                 from /usr/include/c++/11/bits/specfun.h:45,
                 from /usr/include/c++/11/cmath:1935,
                 from /usr/include/x86_64-linux-gnu/c++/11/bits/stdc++.h:41,
                 from solve.c++:1:
/usr/include/c++/11/bits/stl_pair.h:490:24: note:   ‘const frac’ is not derived from ‘const std::__cxx11::sub_match<_BiIter>’
  490 |     { return __x.first < __y.first
      |              ~~~~~~~~~~^~~~~~~~~~~
In file included from /usr/include/c++/11/regex:63,
                 from /usr/include/x86_64-linux-gnu/c++/11/bits/stdc++.h:110,
                 from solve.c++:1:
/usr/include/c++/11/bits/regex.h:1516:5: note: candidate: ‘template<class _Bi_iter> bool std::__cxx11::operator<(const typename std::iterator_traits<_Iter>::value_type&, const std::__cxx11::sub_match<_BiIter>&)’
 1516 |     operator<(typename iterator_traits<_Bi_iter>::value_type const& __lhs,
      |     ^~~~~~~~
/usr/include/c++/11/bits/regex.h:1516:5: note:   template argument deduction/substitution failed:
In file included from /usr/include/c++/11/bits/stl_algobase.h:64,
                 from /usr/include/c++/11/bits/specfun.h:45,
                 from /usr/include/c++/11/cmath:1935,
                 from /usr/include/x86_64-linux-gnu/c++/11/bits/stdc++.h:41,
                 from solve.c++:1:
/usr/include/c++/11/bits/stl_pair.h:490:24: note:   ‘const frac’ is not derived from ‘const std::__cxx11::sub_match<_BiIter>’
  490 |     { return __x.first < __y.first
      |              ~~~~~~~~~~^~~~~~~~~~~
In file included from /usr/include/c++/11/regex:63,
                 from /usr/include/x86_64-linux-gnu/c++/11/bits/stdc++.h:110,
                 from solve.c++:1:
/usr/include/c++/11/bits/regex.h:1616:5: note: candidate: ‘template<class _Bi_iter> bool std::__cxx11::operator<(const std::__cxx11::sub_match<_BiIter>&, const typename std::iterator_traits<_Iter>::value_type&)’
 1616 |     operator<(const sub_match<_Bi_iter>& __lhs,
      |     ^~~~~~~~
/usr/include/c++/11/bits/regex.h:1616:5: note:   template argument deduction/substitution failed:
In file included from /usr/include/c++/11/bits/stl_algobase.h:64,
                 from /usr/include/c++/11/bits/specfun.h:45,
                 from /usr/include/c++/11/cmath:1935,
                 from /usr/include/x86_64-linux-gnu/c++/11/bits/stdc++.h:41,
                 from solve.c++:1:
/usr/include/c++/11/bits/stl_pair.h:490:24: note:   ‘const frac’ is not derived from ‘const std::__cxx11::sub_match<_BiIter>’
  490 |     { return __x.first < __y.first
      |              ~~~~~~~~~~^~~~~~~~~~~
In file included from /usr/include/c++/11/bits/ios_base.h:46,
                 from /usr/include/c++/11/ios:42,
                 from /usr/include/c++/11/istream:38,
                 from /usr/include/c++/11/sstream:38,
                 from /usr/include/c++/11/complex:45,
                 from /usr/include/c++/11/ccomplex:39,
                 from /usr/include/x86_64-linux-gnu/c++/11/bits/stdc++.h:54,
                 from solve.c++:1:
/usr/include/c++/11/system_error:269:3: note: candidate: ‘bool std::operator<(const std::error_code&, const std::error_code&)’
  269 |   operator<(const error_code& __lhs, const error_code& __rhs) noexcept
      |   ^~~~~~~~
/usr/include/c++/11/system_error:269:31: note:   no known conversion for argument 1 from ‘const frac’ to ‘const std::error_code&’
  269 |   operator<(const error_code& __lhs, const error_code& __rhs) noexcept
      |             ~~~~~~~~~~~~~~~~~~^~~~~
/usr/include/c++/11/system_error:398:3: note: candidate: ‘bool std::operator<(const std::error_condition&, const std::error_condition&)’
  398 |   operator<(const error_condition& __lhs,
      |   ^~~~~~~~
/usr/include/c++/11/system_error:398:36: note:   no known conversion for argument 1 from ‘const frac’ to ‘const std::error_condition&’
  398 |   operator<(const error_condition& __lhs,
      |             ~~~~~~~~~~~~~~~~~~~~~~~^~~~~
In file included from /usr/include/x86_64-linux-gnu/c++/11/bits/stdc++.h:113,
                 from solve.c++:1:
/usr/include/c++/11/thread:70:3: note: candidate: ‘bool std::operator<(std::thread::id, std::thread::id)’
   70 |   operator<(thread::id __x, thread::id __y) noexcept
      |   ^~~~~~~~
/usr/include/c++/11/thread:70:24: note:   no known conversion for argument 1 from ‘const frac’ to ‘std::thread::id’
   70 |   operator<(thread::id __x, thread::id __y) noexcept
      |             ~~~~~~~~~~~^~~
In file included from /usr/include/x86_64-linux-gnu/c++/11/bits/stdc++.h:133,
                 from solve.c++:1:
/usr/include/c++/11/variant:1272:18: note: candidate: ‘constexpr bool std::operator<(std::monostate, std::monostate)’
 1272 |   constexpr bool operator<(monostate, monostate) noexcept { return false; }
      |                  ^~~~~~~~
/usr/include/c++/11/variant:1272:28: note:   no known conversion for argument 1 from ‘const frac’ to ‘std::monostate’
 1272 |   constexpr bool operator<(monostate, monostate) noexcept { return false; }
      |                            ^~~~~~~~~
In file included from /usr/include/c++/11/bits/stl_algobase.h:64,
                 from /usr/include/c++/11/bits/specfun.h:45,
                 from /usr/include/c++/11/cmath:1935,
                 from /usr/include/x86_64-linux-gnu/c++/11/bits/stdc++.h:41,
                 from solve.c++:1:
/usr/include/c++/11/bits/stl_pair.h:491:30: error: no match for ‘operator<’ (operand types are ‘const frac’ and ‘const frac’)
  491 |              || (!(__y.first < __x.first) && __x.second < __y.second); }
      |                   ~~~~~~~~~~~^~~~~~~~~~~~
solve.c++:54:10: note: candidate: ‘bool frac::operator<(const frac&)’ (near match)
   54 |     bool operator < (const frac &r){
      |          ^~~~~~~~
solve.c++:54:10: note:   passing ‘const frac*’ as ‘this’ argument discards qualifiers
In file included from /usr/include/c++/11/bits/stl_algobase.h:64,
                 from /usr/include/c++/11/bits/specfun.h:45,
                 from /usr/include/c++/11/cmath:1935,
                 from /usr/include/x86_64-linux-gnu/c++/11/bits/stdc++.h:41,
                 from solve.c++:1:
/usr/include/c++/11/bits/stl_pair.h:489:5: note: candidate: ‘template<class _T1, class _T2> constexpr bool std::operator<(const std::pair<_T1, _T2>&, const std::pair<_T1, _T2>&)’
  489 |     operator<(const pair<_T1, _T2>& __x, const pair<_T1, _T2>& __y)
      |     ^~~~~~~~
/usr/include/c++/11/bits/stl_pair.h:489:5: note:   template argument deduction/substitution failed:
/usr/include/c++/11/bits/stl_pair.h:491:30: note:   ‘const frac’ is not derived from ‘const std::pair<_T1, _T2>’
  491 |              || (!(__y.first < __x.first) && __x.second < __y.second); }
      |                   ~~~~~~~~~~~^~~~~~~~~~~~
In file included from /usr/include/c++/11/bits/stl_algobase.h:67,
                 from /usr/include/c++/11/bits/specfun.h:45,
                 from /usr/include/c++/11/cmath:1935,
                 from /usr/include/x86_64-linux-gnu/c++/11/bits/stdc++.h:41,
                 from solve.c++:1:
/usr/include/c++/11/bits/stl_iterator.h:426:5: note: candidate: ‘template<class _Iterator> constexpr bool std::operator<(const std::reverse_iterator<_Iterator>&, const std::reverse_iterator<_Iterator>&)’
  426 |     operator<(const reverse_iterator<_Iterator>& __x,
      |     ^~~~~~~~
/usr/include/c++/11/bits/stl_iterator.h:426:5: note:   template argument deduction/substitution failed:
In file included from /usr/include/c++/11/bits/stl_algobase.h:64,
                 from /usr/include/c++/11/bits/specfun.h:45,
                 from /usr/include/c++/11/cmath:1935,
                 from /usr/include/x86_64-linux-gnu/c++/11/bits/stdc++.h:41,
                 from solve.c++:1:
/usr/include/c++/11/bits/stl_pair.h:491:30: note:   ‘const frac’ is not derived from ‘const std::reverse_iterator<_Iterator>’
  491 |              || (!(__y.first < __x.first) && __x.second < __y.second); }
      |                   ~~~~~~~~~~~^~~~~~~~~~~~
In file included from /usr/include/c++/11/bits/stl_algobase.h:67,
                 from /usr/include/c++/11/bits/specfun.h:45,
                 from /usr/include/c++/11/cmath:1935,
                 from /usr/include/x86_64-linux-gnu/c++/11/bits/stdc++.h:41,
                 from solve.c++:1:
/usr/include/c++/11/bits/stl_iterator.h:465:5: note: candidate: ‘template<class _IteratorL, class _IteratorR> constexpr bool std::operator<(const std::reverse_iterator<_Iterator>&, const std::reverse_iterator<_IteratorR>&)’
  465 |     operator<(const reverse_iterator<_IteratorL>& __x,
      |     ^~~~~~~~
/usr/include/c++/11/bits/stl_iterator.h:465:5: note:   template argument deduction/substitution failed:
In file included from /usr/include/c++/11/bits/stl_algobase.h:64,
                 from /usr/include/c++/11/bits/specfun.h:45,
                 from /usr/include/c++/11/cmath:1935,
                 from /usr/include/x86_64-linux-gnu/c++/11/bits/stdc++.h:41,
                 from solve.c++:1:
/usr/include/c++/11/bits/stl_pair.h:491:30: note:   ‘const frac’ is not derived from ‘const std::reverse_iterator<_Iterator>’
  491 |              || (!(__y.first < __x.first) && __x.second < __y.second); }
      |                   ~~~~~~~~~~~^~~~~~~~~~~~
In file included from /usr/include/c++/11/bits/stl_algobase.h:67,
                 from /usr/include/c++/11/bits/specfun.h:45,
                 from /usr/include/c++/11/cmath:1935,
                 from /usr/include/x86_64-linux-gnu/c++/11/bits/stdc++.h:41,
                 from solve.c++:1:
/usr/include/c++/11/bits/stl_iterator.h:1609:5: note: candidate: ‘template<class _IteratorL, class _IteratorR> constexpr bool std::operator<(const std::move_iterator<_IteratorL>&, const std::move_iterator<_IteratorR>&)’
 1609 |     operator<(const move_iterator<_IteratorL>& __x,
      |     ^~~~~~~~
/usr/include/c++/11/bits/stl_iterator.h:1609:5: note:   template argument deduction/substitution failed:
In file included from /usr/include/c++/11/bits/stl_algobase.h:64,
                 from /usr/include/c++/11/bits/specfun.h:45,
                 from /usr/include/c++/11/cmath:1935,
                 from /usr/include/x86_64-linux-gnu/c++/11/bits/stdc++.h:41,
                 from solve.c++:1:
/usr/include/c++/11/bits/stl_pair.h:491:30: note:   ‘const frac’ is not derived from ‘const std::move_iterator<_IteratorL>’
  491 |              || (!(__y.first < __x.first) && __x.second < __y.second); }
      |                   ~~~~~~~~~~~^~~~~~~~~~~~
In file included from /usr/include/c++/11/bits/stl_algobase.h:67,
                 from /usr/include/c++/11/bits/specfun.h:45,
                 from /usr/include/c++/11/cmath:1935,
                 from /usr/include/x86_64-linux-gnu/c++/11/bits/stdc++.h:41,
                 from solve.c++:1:
/usr/include/c++/11/bits/stl_iterator.h:1667:5: note: candidate: ‘template<class _Iterator> constexpr bool std::operator<(const std::move_iterator<_IteratorL>&, const std::move_iterator<_IteratorL>&)’
 1667 |     operator<(const move_iterator<_Iterator>& __x,
      |     ^~~~~~~~
/usr/include/c++/11/bits/stl_iterator.h:1667:5: note:   template argument deduction/substitution failed:
In file included from /usr/include/c++/11/bits/stl_algobase.h:64,
                 from /usr/include/c++/11/bits/specfun.h:45,
                 from /usr/include/c++/11/cmath:1935,
                 from /usr/include/x86_64-linux-gnu/c++/11/bits/stdc++.h:41,
                 from solve.c++:1:
/usr/include/c++/11/bits/stl_pair.h:491:30: note:   ‘const frac’ is not derived from ‘const std::move_iterator<_IteratorL>’
  491 |              || (!(__y.first < __x.first) && __x.second < __y.second); }
      |                   ~~~~~~~~~~~^~~~~~~~~~~~
In file included from /usr/include/c++/11/bits/basic_string.h:48,
                 from /usr/include/c++/11/string:55,
                 from /usr/include/c++/11/bits/locale_classes.h:40,
                 from /usr/include/c++/11/bits/ios_base.h:41,
                 from /usr/include/c++/11/ios:42,
                 from /usr/include/c++/11/istream:38,
                 from /usr/include/c++/11/sstream:38,
                 from /usr/include/c++/11/complex:45,
                 from /usr/include/c++/11/ccomplex:39,
                 from /usr/include/x86_64-linux-gnu/c++/11/bits/stdc++.h:54,
                 from solve.c++:1:
/usr/include/c++/11/string_view:589:5: note: candidate: ‘template<class _CharT, class _Traits> constexpr bool std::operator<(std::basic_string_view<_CharT, _Traits>, std::basic_string_view<_CharT, _Traits>)’
  589 |     operator< (basic_string_view<_CharT, _Traits> __x,
      |     ^~~~~~~~
/usr/include/c++/11/string_view:589:5: note:   template argument deduction/substitution failed:
In file included from /usr/include/c++/11/bits/stl_algobase.h:64,
                 from /usr/include/c++/11/bits/specfun.h:45,
                 from /usr/include/c++/11/cmath:1935,
                 from /usr/include/x86_64-linux-gnu/c++/11/bits/stdc++.h:41,
                 from solve.c++:1:
/usr/include/c++/11/bits/stl_pair.h:491:30: note:   ‘frac’ is not derived from ‘std::basic_string_view<_CharT, _Traits>’
  491 |              || (!(__y.first < __x.first) && __x.second < __y.second); }
      |                   ~~~~~~~~~~~^~~~~~~~~~~~
In file included from /usr/include/c++/11/bits/basic_string.h:48,
                 from /usr/include/c++/11/string:55,
                 from /usr/include/c++/11/bits/locale_classes.h:40,
                 from /usr/include/c++/11/bits/ios_base.h:41,
                 from /usr/include/c++/11/ios:42,
                 from /usr/include/c++/11/istream:38,
                 from /usr/include/c++/11/sstream:38,
                 from /usr/include/c++/11/complex:45,
                 from /usr/include/c++/11/ccomplex:39,
                 from /usr/include/x86_64-linux-gnu/c++/11/bits/stdc++.h:54,
                 from solve.c++:1:
/usr/include/c++/11/string_view:595:5: note: candidate: ‘template<class _CharT, class _Traits> constexpr bool std::operator<(std::basic_string_view<_CharT, _Traits>, std::__type_identity_t<std::basic_string_view<_CharT, _Traits> >)’
  595 |     operator< (basic_string_view<_CharT, _Traits> __x,
      |     ^~~~~~~~
/usr/include/c++/11/string_view:595:5: note:   template argument deduction/substitution failed:
In file included from /usr/include/c++/11/bits/stl_algobase.h:64,
                 from /usr/include/c++/11/bits/specfun.h:45,
                 from /usr/include/c++/11/cmath:1935,
                 from /usr/include/x86_64-linux-gnu/c++/11/bits/stdc++.h:41,
                 from solve.c++:1:
/usr/include/c++/11/bits/stl_pair.h:491:30: note:   ‘frac’ is not derived from ‘std::basic_string_view<_CharT, _Traits>’
  491 |              || (!(__y.first < __x.first) && __x.second < __y.second); }
      |                   ~~~~~~~~~~~^~~~~~~~~~~~
In file included from /usr/include/c++/11/bits/basic_string.h:48,
                 from /usr/include/c++/11/string:55,
                 from /usr/include/c++/11/bits/locale_classes.h:40,
                 from /usr/include/c++/11/bits/ios_base.h:41,
                 from /usr/include/c++/11/ios:42,
                 from /usr/include/c++/11/istream:38,
                 from /usr/include/c++/11/sstream:38,
                 from /usr/include/c++/11/complex:45,
                 from /usr/include/c++/11/ccomplex:39,
                 from /usr/include/x86_64-linux-gnu/c++/11/bits/stdc++.h:54,
                 from solve.c++:1:
/usr/include/c++/11/string_view:602:5: note: candidate: ‘template<class _CharT, class _Traits> constexpr bool std::operator<(std::__type_identity_t<std::basic_string_view<_CharT, _Traits> >, std::basic_string_view<_CharT, _Traits>)’
  602 |     operator< (__type_identity_t<basic_string_view<_CharT, _Traits>> __x,
      |     ^~~~~~~~
/usr/include/c++/11/string_view:602:5: note:   template argument deduction/substitution failed:
In file included from /usr/include/c++/11/bits/stl_algobase.h:64,
                 from /usr/include/c++/11/bits/specfun.h:45,
                 from /usr/include/c++/11/cmath:1935,
                 from /usr/include/x86_64-linux-gnu/c++/11/bits/stdc++.h:41,
                 from solve.c++:1:
/usr/include/c++/11/bits/stl_pair.h:491:30: note:   ‘frac’ is not derived from ‘std::basic_string_view<_CharT, _Traits>’
  491 |              || (!(__y.first < __x.first) && __x.second < __y.second); }
      |                   ~~~~~~~~~~~^~~~~~~~~~~~
In file included from /usr/include/c++/11/string:55,
                 from /usr/include/c++/11/bits/locale_classes.h:40,
                 from /usr/include/c++/11/bits/ios_base.h:41,
                 from /usr/include/c++/11/ios:42,
                 from /usr/include/c++/11/istream:38,
                 from /usr/include/c++/11/sstream:38,
                 from /usr/include/c++/11/complex:45,
                 from /usr/include/c++/11/ccomplex:39,
                 from /usr/include/x86_64-linux-gnu/c++/11/bits/stdc++.h:54,
                 from solve.c++:1:
/usr/include/c++/11/bits/basic_string.h:6340:5: note: candidate: ‘template<class _CharT, class _Traits, class _Alloc> bool std::operator<(const std::__cxx11::basic_string<_CharT, _Traits, _Allocator>&, const std::__cxx11::basic_string<_CharT, _Traits, _Allocator>&)’
 6340 |     operator<(const basic_string<_CharT, _Traits, _Alloc>& __lhs,
      |     ^~~~~~~~
/usr/include/c++/11/bits/basic_string.h:6340:5: note:   template argument deduction/substitution failed:
In file included from /usr/include/c++/11/bits/stl_algobase.h:64,
                 from /usr/include/c++/11/bits/specfun.h:45,
                 from /usr/include/c++/11/cmath:1935,
                 from /usr/include/x86_64-linux-gnu/c++/11/bits/stdc++.h:41,
                 from solve.c++:1:
/usr/include/c++/11/bits/stl_pair.h:491:30: note:   ‘const frac’ is not derived from ‘const std::__cxx11::basic_string<_CharT, _Traits, _Allocator>’
  491 |              || (!(__y.first < __x.first) && __x.second < __y.second); }
      |                   ~~~~~~~~~~~^~~~~~~~~~~~
In file included from /usr/include/c++/11/string:55,
                 from /usr/include/c++/11/bits/locale_classes.h:40,
                 from /usr/include/c++/11/bits/ios_base.h:41,
                 from /usr/include/c++/11/ios:42,
                 from /usr/include/c++/11/istream:38,
                 from /usr/include/c++/11/sstream:38,
                 from /usr/include/c++/11/complex:45,
                 from /usr/include/c++/11/ccomplex:39,
                 from /usr/include/x86_64-linux-gnu/c++/11/bits/stdc++.h:54,
                 from solve.c++:1:
/usr/include/c++/11/bits/basic_string.h:6353:5: note: candidate: ‘template<class _CharT, class _Traits, class _Alloc> bool std::operator<(const std::__cxx11::basic_string<_CharT, _Traits, _Allocator>&, const _CharT*)’
 6353 |     operator<(const basic_string<_CharT, _Traits, _Alloc>& __lhs,
      |     ^~~~~~~~
/usr/include/c++/11/bits/basic_string.h:6353:5: note:   template argument deduction/substitution failed:
In file included from /usr/include/c++/11/bits/stl_algobase.h:64,
                 from /usr/include/c++/11/bits/specfun.h:45,
                 from /usr/include/c++/11/cmath:1935,
                 from /usr/include/x86_64-linux-gnu/c++/11/bits/stdc++.h:41,
                 from solve.c++:1:
/usr/include/c++/11/bits/stl_pair.h:491:30: note:   ‘const frac’ is not derived from ‘const std::__cxx11::basic_string<_CharT, _Traits, _Allocator>’
  491 |              || (!(__y.first < __x.first) && __x.second < __y.second); }
      |                   ~~~~~~~~~~~^~~~~~~~~~~~
In file included from /usr/include/c++/11/string:55,
                 from /usr/include/c++/11/bits/locale_classes.h:40,
                 from /usr/include/c++/11/bits/ios_base.h:41,
                 from /usr/include/c++/11/ios:42,
                 from /usr/include/c++/11/istream:38,
                 from /usr/include/c++/11/sstream:38,
                 from /usr/include/c++/11/complex:45,
                 from /usr/include/c++/11/ccomplex:39,
                 from /usr/include/x86_64-linux-gnu/c++/11/bits/stdc++.h:54,
                 from solve.c++:1:
/usr/include/c++/11/bits/basic_string.h:6365:5: note: candidate: ‘template<class _CharT, class _Traits, class _Alloc> bool std::operator<(const _CharT*, const std::__cxx11::basic_string<_CharT, _Traits, _Allocator>&)’
 6365 |     operator<(const _CharT* __lhs,
      |     ^~~~~~~~
/usr/include/c++/11/bits/basic_string.h:6365:5: note:   template argument deduction/substitution failed:
In file included from /usr/include/c++/11/bits/stl_algobase.h:64,
                 from /usr/include/c++/11/bits/specfun.h:45,
                 from /usr/include/c++/11/cmath:1935,
                 from /usr/include/x86_64-linux-gnu/c++/11/bits/stdc++.h:41,
                 from solve.c++:1:
/usr/include/c++/11/bits/stl_pair.h:491:30: note:   mismatched types ‘const _CharT*’ and ‘frac’
  491 |              || (!(__y.first < __x.first) && __x.second < __y.second); }
      |                   ~~~~~~~~~~~^~~~~~~~~~~~
In file included from /usr/include/c++/11/tuple:39,
                 from /usr/include/c++/11/functional:54,
                 from /usr/include/c++/11/pstl/glue_algorithm_defs.h:13,
                 from /usr/include/c++/11/algorithm:74,
                 from /usr/include/x86_64-linux-gnu/c++/11/bits/stdc++.h:65,
                 from solve.c++:1:
/usr/include/c++/11/array:311:5: note: candidate: ‘template<class _Tp, long unsigned int _Nm> bool std::operator<(const std::array<_Tp, _Nm>&, const std::array<_Tp, _Nm>&)’
  311 |     operator<(const array<_Tp, _Nm>& __a, const array<_Tp, _Nm>& __b)
      |     ^~~~~~~~
/usr/include/c++/11/array:311:5: note:   template argument deduction/substitution failed:
In file included from /usr/include/c++/11/bits/stl_algobase.h:64,
                 from /usr/include/c++/11/bits/specfun.h:45,
                 from /usr/include/c++/11/cmath:1935,
                 from /usr/include/x86_64-linux-gnu/c++/11/bits/stdc++.h:41,
                 from solve.c++:1:
/usr/include/c++/11/bits/stl_pair.h:491:30: note:   ‘const frac’ is not derived from ‘const std::array<_Tp, _Nm>’
  491 |              || (!(__y.first < __x.first) && __x.second < __y.second); }
      |                   ~~~~~~~~~~~^~~~~~~~~~~~
In file included from /usr/include/c++/11/functional:54,
                 from /usr/include/c++/11/pstl/glue_algorithm_defs.h:13,
                 from /usr/include/c++/11/algorithm:74,
                 from /usr/include/x86_64-linux-gnu/c++/11/bits/stdc++.h:65,
                 from solve.c++:1:
/usr/include/c++/11/tuple:1566:5: note: candidate: ‘template<class ... _TElements, class ... _UElements> constexpr bool std::operator<(const std::tuple<_Tps ...>&, const std::tuple<_UTypes ...>&)’
 1566 |     operator<(const tuple<_TElements...>& __t,
      |     ^~~~~~~~
/usr/include/c++/11/tuple:1566:5: note:   template argument deduction/substitution failed:
In file included from /usr/include/c++/11/bits/stl_algobase.h:64,
                 from /usr/include/c++/11/bits/specfun.h:45,
                 from /usr/include/c++/11/cmath:1935,
                 from /usr/include/x86_64-linux-gnu/c++/11/bits/stdc++.h:41,
                 from solve.c++:1:
/usr/include/c++/11/bits/stl_pair.h:491:30: note:   ‘const frac’ is not derived from ‘const std::tuple<_Tps ...>’
  491 |              || (!(__y.first < __x.first) && __x.second < __y.second); }
      |                   ~~~~~~~~~~~^~~~~~~~~~~~
In file included from /usr/include/c++/11/vector:67,
                 from /usr/include/c++/11/functional:62,
                 from /usr/include/c++/11/pstl/glue_algorithm_defs.h:13,
                 from /usr/include/c++/11/algorithm:74,
                 from /usr/include/x86_64-linux-gnu/c++/11/bits/stdc++.h:65,
                 from solve.c++:1:
/usr/include/c++/11/bits/stl_vector.h:1930:5: note: candidate: ‘template<class _Tp, class _Alloc> bool std::operator<(const std::vector<_Tp, _Alloc>&, const std::vector<_Tp, _Alloc>&)’
 1930 |     operator<(const vector<_Tp, _Alloc>& __x, const vector<_Tp, _Alloc>& __y)
      |     ^~~~~~~~
/usr/include/c++/11/bits/stl_vector.h:1930:5: note:   template argument deduction/substitution failed:
In file included from /usr/include/c++/11/bits/stl_algobase.h:64,
                 from /usr/include/c++/11/bits/specfun.h:45,
                 from /usr/include/c++/11/cmath:1935,
                 from /usr/include/x86_64-linux-gnu/c++/11/bits/stdc++.h:41,
                 from solve.c++:1:
/usr/include/c++/11/bits/stl_pair.h:491:30: note:   ‘const frac’ is not derived from ‘const std::vector<_Tp, _Alloc>’
  491 |              || (!(__y.first < __x.first) && __x.second < __y.second); }
      |                   ~~~~~~~~~~~^~~~~~~~~~~~
In file included from /usr/include/c++/11/deque:67,
                 from /usr/include/x86_64-linux-gnu/c++/11/bits/stdc++.h:68,
                 from solve.c++:1:
/usr/include/c++/11/bits/stl_deque.h:2285:5: note: candidate: ‘template<class _Tp, class _Alloc> bool std::operator<(const std::deque<_Tp, _Alloc>&, const std::deque<_Tp, _Alloc>&)’
 2285 |     operator<(const deque<_Tp, _Alloc>& __x, const deque<_Tp, _Alloc>& __y)
      |     ^~~~~~~~
/usr/include/c++/11/bits/stl_deque.h:2285:5: note:   template argument deduction/substitution failed:
In file included from /usr/include/c++/11/bits/stl_algobase.h:64,
                 from /usr/include/c++/11/bits/specfun.h:45,
                 from /usr/include/c++/11/cmath:1935,
                 from /usr/include/x86_64-linux-gnu/c++/11/bits/stdc++.h:41,
                 from solve.c++:1:
/usr/include/c++/11/bits/stl_pair.h:491:30: note:   ‘const frac’ is not derived from ‘const std::deque<_Tp, _Alloc>’
  491 |              || (!(__y.first < __x.first) && __x.second < __y.second); }
      |                   ~~~~~~~~~~~^~~~~~~~~~~~
In file included from /usr/include/c++/11/bits/locale_conv.h:41,
                 from /usr/include/c++/11/locale:43,
                 from /usr/include/c++/11/iomanip:43,
                 from /usr/include/x86_64-linux-gnu/c++/11/bits/stdc++.h:72,
                 from solve.c++:1:
/usr/include/c++/11/bits/unique_ptr.h:795:5: note: candidate: ‘template<class _Tp, class _Dp, class _Up, class _Ep> bool std::operator<(const std::unique_ptr<_Tp, _Dp>&, const std::unique_ptr<_Up, _Ep>&)’
  795 |     operator<(const unique_ptr<_Tp, _Dp>& __x,
      |     ^~~~~~~~
/usr/include/c++/11/bits/unique_ptr.h:795:5: note:   template argument deduction/substitution failed:
In file included from /usr/include/c++/11/bits/stl_algobase.h:64,
                 from /usr/include/c++/11/bits/specfun.h:45,
                 from /usr/include/c++/11/cmath:1935,
                 from /usr/include/x86_64-linux-gnu/c++/11/bits/stdc++.h:41,
                 from solve.c++:1:
/usr/include/c++/11/bits/stl_pair.h:491:30: note:   ‘const frac’ is not derived from ‘const std::unique_ptr<_Tp, _Dp>’
  491 |              || (!(__y.first < __x.first) && __x.second < __y.second); }
      |                   ~~~~~~~~~~~^~~~~~~~~~~~
In file included from /usr/include/c++/11/bits/locale_conv.h:41,
                 from /usr/include/c++/11/locale:43,
                 from /usr/include/c++/11/iomanip:43,
                 from /usr/include/x86_64-linux-gnu/c++/11/bits/stdc++.h:72,
                 from solve.c++:1:
/usr/include/c++/11/bits/unique_ptr.h:807:5: note: candidate: ‘template<class _Tp, class _Dp> bool std::operator<(const std::unique_ptr<_Tp, _Dp>&, std::nullptr_t)’
  807 |     operator<(const unique_ptr<_Tp, _Dp>& __x, nullptr_t)
      |     ^~~~~~~~
/usr/include/c++/11/bits/unique_ptr.h:807:5: note:   template argument deduction/substitution failed:
In file included from /usr/include/c++/11/bits/stl_algobase.h:64,
                 from /usr/include/c++/11/bits/specfun.h:45,
                 from /usr/include/c++/11/cmath:1935,
                 from /usr/include/x86_64-linux-gnu/c++/11/bits/stdc++.h:41,
                 from solve.c++:1:
/usr/include/c++/11/bits/stl_pair.h:491:30: note:   ‘const frac’ is not derived from ‘const std::unique_ptr<_Tp, _Dp>’
  491 |              || (!(__y.first < __x.first) && __x.second < __y.second); }
      |                   ~~~~~~~~~~~^~~~~~~~~~~~
In file included from /usr/include/c++/11/bits/locale_conv.h:41,
                 from /usr/include/c++/11/locale:43,
                 from /usr/include/c++/11/iomanip:43,
                 from /usr/include/x86_64-linux-gnu/c++/11/bits/stdc++.h:72,
                 from solve.c++:1:
/usr/include/c++/11/bits/unique_ptr.h:816:5: note: candidate: ‘template<class _Tp, class _Dp> bool std::operator<(std::nullptr_t, const std::unique_ptr<_Tp, _Dp>&)’
  816 |     operator<(nullptr_t, const unique_ptr<_Tp, _Dp>& __x)
      |     ^~~~~~~~
/usr/include/c++/11/bits/unique_ptr.h:816:5: note:   template argument deduction/substitution failed:
In file included from /usr/include/c++/11/bits/stl_algobase.h:64,
                 from /usr/include/c++/11/bits/specfun.h:45,
                 from /usr/include/c++/11/cmath:1935,
                 from /usr/include/x86_64-linux-gnu/c++/11/bits/stdc++.h:41,
                 from solve.c++:1:
/usr/include/c++/11/bits/stl_pair.h:491:30: note:   ‘const frac’ is not derived from ‘const std::unique_ptr<_Tp, _Dp>’
  491 |              || (!(__y.first < __x.first) && __x.second < __y.second); }
      |                   ~~~~~~~~~~~^~~~~~~~~~~~
In file included from /usr/include/c++/11/list:63,
                 from /usr/include/x86_64-linux-gnu/c++/11/bits/stdc++.h:79,
                 from solve.c++:1:
/usr/include/c++/11/bits/stl_list.h:2085:5: note: candidate: ‘template<class _Tp, class _Alloc> bool std::operator<(const std::__cxx11::list<_Tp, _Alloc>&, const std::__cxx11::list<_Tp, _Alloc>&)’
 2085 |     operator<(const list<_Tp, _Alloc>& __x, const list<_Tp, _Alloc>& __y)
      |     ^~~~~~~~
/usr/include/c++/11/bits/stl_list.h:2085:5: note:   template argument deduction/substitution failed:
In file included from /usr/include/c++/11/bits/stl_algobase.h:64,
                 from /usr/include/c++/11/bits/specfun.h:45,
                 from /usr/include/c++/11/cmath:1935,
                 from /usr/include/x86_64-linux-gnu/c++/11/bits/stdc++.h:41,
                 from solve.c++:1:
/usr/include/c++/11/bits/stl_pair.h:491:30: note:   ‘const frac’ is not derived from ‘const std::__cxx11::list<_Tp, _Alloc>’
  491 |              || (!(__y.first < __x.first) && __x.second < __y.second); }
      |                   ~~~~~~~~~~~^~~~~~~~~~~~
In file included from /usr/include/c++/11/map:61,
                 from /usr/include/x86_64-linux-gnu/c++/11/bits/stdc++.h:81,
                 from solve.c++:1:
/usr/include/c++/11/bits/stl_map.h:1501:5: note: candidate: ‘template<class _Key, class _Tp, class _Compare, class _Alloc> bool std::operator<(const std::map<_Key, _Tp, _Compare, _Allocator>&, const std::map<_Key, _Tp, _Compare, _Allocator>&)’
 1501 |     operator<(const map<_Key, _Tp, _Compare, _Alloc>& __x,
      |     ^~~~~~~~
/usr/include/c++/11/bits/stl_map.h:1501:5: note:   template argument deduction/substitution failed:
In file included from /usr/include/c++/11/bits/stl_algobase.h:64,
                 from /usr/include/c++/11/bits/specfun.h:45,
                 from /usr/include/c++/11/cmath:1935,
                 from /usr/include/x86_64-linux-gnu/c++/11/bits/stdc++.h:41,
                 from solve.c++:1:
/usr/include/c++/11/bits/stl_pair.h:491:30: note:   ‘const frac’ is not derived from ‘const std::map<_Key, _Tp, _Compare, _Allocator>’
  491 |              || (!(__y.first < __x.first) && __x.second < __y.second); }
      |                   ~~~~~~~~~~~^~~~~~~~~~~~
In file included from /usr/include/c++/11/map:62,
                 from /usr/include/x86_64-linux-gnu/c++/11/bits/stdc++.h:81,
                 from solve.c++:1:
/usr/include/c++/11/bits/stl_multimap.h:1166:5: note: candidate: ‘template<class _Key, class _Tp, class _Compare, class _Alloc> bool std::operator<(const std::multimap<_Key, _Tp, _Compare, _Allocator>&, const std::multimap<_Key, _Tp, _Compare, _Allocator>&)’
 1166 |     operator<(const multimap<_Key, _Tp, _Compare, _Alloc>& __x,
      |     ^~~~~~~~
/usr/include/c++/11/bits/stl_multimap.h:1166:5: note:   template argument deduction/substitution failed:
In file included from /usr/include/c++/11/bits/stl_algobase.h:64,
                 from /usr/include/c++/11/bits/specfun.h:45,
                 from /usr/include/c++/11/cmath:1935,
                 from /usr/include/x86_64-linux-gnu/c++/11/bits/stdc++.h:41,
                 from solve.c++:1:
/usr/include/c++/11/bits/stl_pair.h:491:30: note:   ‘const frac’ is not derived from ‘const std::multimap<_Key, _Tp, _Compare, _Allocator>’
  491 |              || (!(__y.first < __x.first) && __x.second < __y.second); }
      |                   ~~~~~~~~~~~^~~~~~~~~~~~
In file included from /usr/include/c++/11/bits/shared_ptr.h:53,
                 from /usr/include/c++/11/memory:77,
                 from /usr/include/x86_64-linux-gnu/c++/11/bits/stdc++.h:82,
                 from solve.c++:1:
/usr/include/c++/11/bits/shared_ptr_base.h:1457:5: note: candidate: ‘template<class _Tp, class _Up, __gnu_cxx::_Lock_policy _Lp> bool std::operator<(const std::__shared_ptr<_Tp1, _Lp>&, const std::__shared_ptr<_Tp2, _Lp>&)’
 1457 |     operator<(const __shared_ptr<_Tp, _Lp>& __a,
      |     ^~~~~~~~
/usr/include/c++/11/bits/shared_ptr_base.h:1457:5: note:   template argument deduction/substitution failed:
In file included from /usr/include/c++/11/bits/stl_algobase.h:64,
                 from /usr/include/c++/11/bits/specfun.h:45,
                 from /usr/include/c++/11/cmath:1935,
                 from /usr/include/x86_64-linux-gnu/c++/11/bits/stdc++.h:41,
                 from solve.c++:1:
/usr/include/c++/11/bits/stl_pair.h:491:30: note:   ‘const frac’ is not derived from ‘const std::__shared_ptr<_Tp1, _Lp>’
  491 |              || (!(__y.first < __x.first) && __x.second < __y.second); }
      |                   ~~~~~~~~~~~^~~~~~~~~~~~
In file included from /usr/include/c++/11/bits/shared_ptr.h:53,
                 from /usr/include/c++/11/memory:77,
                 from /usr/include/x86_64-linux-gnu/c++/11/bits/stdc++.h:82,
                 from solve.c++:1:
/usr/include/c++/11/bits/shared_ptr_base.h:1468:5: note: candidate: ‘template<class _Tp, __gnu_cxx::_Lock_policy _Lp> bool std::operator<(const std::__shared_ptr<_Tp, _Lp>&, std::nullptr_t)’
 1468 |     operator<(const __shared_ptr<_Tp, _Lp>& __a, nullptr_t) noexcept
      |     ^~~~~~~~
/usr/include/c++/11/bits/shared_ptr_base.h:1468:5: note:   template argument deduction/substitution failed:
In file included from /usr/include/c++/11/bits/stl_algobase.h:64,
                 from /usr/include/c++/11/bits/specfun.h:45,
                 from /usr/include/c++/11/cmath:1935,
                 from /usr/include/x86_64-linux-gnu/c++/11/bits/stdc++.h:41,
                 from solve.c++:1:
/usr/include/c++/11/bits/stl_pair.h:491:30: note:   ‘const frac’ is not derived from ‘const std::__shared_ptr<_Tp, _Lp>’
  491 |              || (!(__y.first < __x.first) && __x.second < __y.second); }
      |                   ~~~~~~~~~~~^~~~~~~~~~~~
In file included from /usr/include/c++/11/bits/shared_ptr.h:53,
                 from /usr/include/c++/11/memory:77,
                 from /usr/include/x86_64-linux-gnu/c++/11/bits/stdc++.h:82,
                 from solve.c++:1:
/usr/include/c++/11/bits/shared_ptr_base.h:1476:5: note: candidate: ‘template<class _Tp, __gnu_cxx::_Lock_policy _Lp> bool std::operator<(std::nullptr_t, const std::__shared_ptr<_Tp, _Lp>&)’
 1476 |     operator<(nullptr_t, const __shared_ptr<_Tp, _Lp>& __a) noexcept
      |     ^~~~~~~~
/usr/include/c++/11/bits/shared_ptr_base.h:1476:5: note:   template argument deduction/substitution failed:
In file included from /usr/include/c++/11/bits/stl_algobase.h:64,
                 from /usr/include/c++/11/bits/specfun.h:45,
                 from /usr/include/c++/11/cmath:1935,
                 from /usr/include/x86_64-linux-gnu/c++/11/bits/stdc++.h:41,
                 from solve.c++:1:
/usr/include/c++/11/bits/stl_pair.h:491:30: note:   ‘const frac’ is not derived from ‘const std::__shared_ptr<_Tp, _Lp>’
  491 |              || (!(__y.first < __x.first) && __x.second < __y.second); }
      |                   ~~~~~~~~~~~^~~~~~~~~~~~
In file included from /usr/include/c++/11/memory:77,
                 from /usr/include/x86_64-linux-gnu/c++/11/bits/stdc++.h:82,
                 from solve.c++:1:
/usr/include/c++/11/bits/shared_ptr.h:488:5: note: candidate: ‘template<class _Tp, class _Up> bool std::operator<(const std::shared_ptr<_Tp>&, const std::shared_ptr<_Tp>&)’
  488 |     operator<(const shared_ptr<_Tp>& __a, const shared_ptr<_Up>& __b) noexcept
      |     ^~~~~~~~
/usr/include/c++/11/bits/shared_ptr.h:488:5: note:   template argument deduction/substitution failed:
In file included from /usr/include/c++/11/bits/stl_algobase.h:64,
                 from /usr/include/c++/11/bits/specfun.h:45,
                 from /usr/include/c++/11/cmath:1935,
                 from /usr/include/x86_64-linux-gnu/c++/11/bits/stdc++.h:41,
                 from solve.c++:1:
/usr/include/c++/11/bits/stl_pair.h:491:30: note:   ‘const frac’ is not derived from ‘const std::shared_ptr<_Tp>’
  491 |              || (!(__y.first < __x.first) && __x.second < __y.second); }
      |                   ~~~~~~~~~~~^~~~~~~~~~~~
In file included from /usr/include/c++/11/memory:77,
                 from /usr/include/x86_64-linux-gnu/c++/11/bits/stdc++.h:82,
                 from solve.c++:1:
/usr/include/c++/11/bits/shared_ptr.h:499:5: note: candidate: ‘template<class _Tp> bool std::operator<(const std::shared_ptr<_Tp>&, std::nullptr_t)’
  499 |     operator<(const shared_ptr<_Tp>& __a, nullptr_t) noexcept
      |     ^~~~~~~~
/usr/include/c++/11/bits/shared_ptr.h:499:5: note:   template argument deduction/substitution failed:
In file included from /usr/include/c++/11/bits/stl_algobase.h:64,
                 from /usr/include/c++/11/bits/specfun.h:45,
                 from /usr/include/c++/11/cmath:1935,
                 from /usr/include/x86_64-linux-gnu/c++/11/bits/stdc++.h:41,
                 from solve.c++:1:
/usr/include/c++/11/bits/stl_pair.h:491:30: note:   ‘const frac’ is not derived from ‘const std::shared_ptr<_Tp>’
  491 |              || (!(__y.first < __x.first) && __x.second < __y.second); }
      |                   ~~~~~~~~~~~^~~~~~~~~~~~
In file included from /usr/include/c++/11/memory:77,
                 from /usr/include/x86_64-linux-gnu/c++/11/bits/stdc++.h:82,
                 from solve.c++:1:
/usr/include/c++/11/bits/shared_ptr.h:508:5: note: candidate: ‘template<class _Tp> bool std::operator<(std::nullptr_t, const std::shared_ptr<_Tp>&)’
  508 |     operator<(nullptr_t, const shared_ptr<_Tp>& __a) noexcept
      |     ^~~~~~~~
/usr/include/c++/11/bits/shared_ptr.h:508:5: note:   template argument deduction/substitution failed:
In file included from /usr/include/c++/11/bits/stl_algobase.h:64,
                 from /usr/include/c++/11/bits/specfun.h:45,
                 from /usr/include/c++/11/cmath:1935,
                 from /usr/include/x86_64-linux-gnu/c++/11/bits/stdc++.h:41,
                 from solve.c++:1:
/usr/include/c++/11/bits/stl_pair.h:491:30: note:   ‘const frac’ is not derived from ‘const std::shared_ptr<_Tp>’
  491 |              || (!(__y.first < __x.first) && __x.second < __y.second); }
      |                   ~~~~~~~~~~~^~~~~~~~~~~~
In file included from /usr/include/c++/11/queue:64,
                 from /usr/include/x86_64-linux-gnu/c++/11/bits/stdc++.h:86,
                 from solve.c++:1:
/usr/include/c++/11/bits/stl_queue.h:362:5: note: candidate: ‘template<class _Tp, class _Seq> bool std::operator<(const std::queue<_Tp, _Seq>&, const std::queue<_Tp, _Seq>&)’
  362 |     operator<(const queue<_Tp, _Seq>& __x, const queue<_Tp, _Seq>& __y)
      |     ^~~~~~~~
/usr/include/c++/11/bits/stl_queue.h:362:5: note:   template argument deduction/substitution failed:
In file included from /usr/include/c++/11/bits/stl_algobase.h:64,
                 from /usr/include/c++/11/bits/specfun.h:45,
                 from /usr/include/c++/11/cmath:1935,
                 from /usr/include/x86_64-linux-gnu/c++/11/bits/stdc++.h:41,
                 from solve.c++:1:
/usr/include/c++/11/bits/stl_pair.h:491:30: note:   ‘const frac’ is not derived from ‘const std::queue<_Tp, _Seq>’
  491 |              || (!(__y.first < __x.first) && __x.second < __y.second); }
      |                   ~~~~~~~~~~~^~~~~~~~~~~~
In file included from /usr/include/c++/11/set:61,
                 from /usr/include/x86_64-linux-gnu/c++/11/bits/stdc++.h:87,
                 from solve.c++:1:
/usr/include/c++/11/bits/stl_set.h:1023:5: note: candidate: ‘template<class _Key, class _Compare, class _Alloc> bool std::operator<(const std::set<_Key, _Compare, _Allocator>&, const std::set<_Key, _Compare, _Allocator>&)’
 1023 |     operator<(const set<_Key, _Compare, _Alloc>& __x,
      |     ^~~~~~~~
/usr/include/c++/11/bits/stl_set.h:1023:5: note:   template argument deduction/substitution failed:
In file included from /usr/include/c++/11/bits/stl_algobase.h:64,
                 from /usr/include/c++/11/bits/specfun.h:45,
                 from /usr/include/c++/11/cmath:1935,
                 from /usr/include/x86_64-linux-gnu/c++/11/bits/stdc++.h:41,
                 from solve.c++:1:
/usr/include/c++/11/bits/stl_pair.h:491:30: note:   ‘const frac’ is not derived from ‘const std::set<_Key, _Compare, _Allocator>’
  491 |              || (!(__y.first < __x.first) && __x.second < __y.second); }
      |                   ~~~~~~~~~~~^~~~~~~~~~~~
In file included from /usr/include/c++/11/set:62,
                 from /usr/include/x86_64-linux-gnu/c++/11/bits/stdc++.h:87,
                 from solve.c++:1:
/usr/include/c++/11/bits/stl_multiset.h:1009:5: note: candidate: ‘template<class _Key, class _Compare, class _Alloc> bool std::operator<(const std::multiset<_Key, _Compare, _Allocator>&, const std::multiset<_Key, _Compare, _Allocator>&)’
 1009 |     operator<(const multiset<_Key, _Compare, _Alloc>& __x,
      |     ^~~~~~~~
/usr/include/c++/11/bits/stl_multiset.h:1009:5: note:   template argument deduction/substitution failed:
In file included from /usr/include/c++/11/bits/stl_algobase.h:64,
                 from /usr/include/c++/11/bits/specfun.h:45,
                 from /usr/include/c++/11/cmath:1935,
                 from /usr/include/x86_64-linux-gnu/c++/11/bits/stdc++.h:41,
                 from solve.c++:1:
/usr/include/c++/11/bits/stl_pair.h:491:30: note:   ‘const frac’ is not derived from ‘const std::multiset<_Key, _Compare, _Allocator>’
  491 |              || (!(__y.first < __x.first) && __x.second < __y.second); }
      |                   ~~~~~~~~~~~^~~~~~~~~~~~
In file included from /usr/include/c++/11/stack:61,
                 from /usr/include/x86_64-linux-gnu/c++/11/bits/stdc++.h:89,
                 from solve.c++:1:
/usr/include/c++/11/bits/stl_stack.h:337:5: note: candidate: ‘template<class _Tp, class _Seq> bool std::operator<(const std::stack<_Tp, _Seq>&, const std::stack<_Tp, _Seq>&)’
  337 |     operator<(const stack<_Tp, _Seq>& __x, const stack<_Tp, _Seq>& __y)
      |     ^~~~~~~~
/usr/include/c++/11/bits/stl_stack.h:337:5: note:   template argument deduction/substitution failed:
In file included from /usr/include/c++/11/bits/stl_algobase.h:64,
                 from /usr/include/c++/11/bits/specfun.h:45,
                 from /usr/include/c++/11/cmath:1935,
                 from /usr/include/x86_64-linux-gnu/c++/11/bits/stdc++.h:41,
                 from solve.c++:1:
/usr/include/c++/11/bits/stl_pair.h:491:30: note:   ‘const frac’ is not derived from ‘const std::stack<_Tp, _Seq>’
  491 |              || (!(__y.first < __x.first) && __x.second < __y.second); }
      |                   ~~~~~~~~~~~^~~~~~~~~~~~
In file included from /usr/include/c++/11/valarray:603,
                 from /usr/include/x86_64-linux-gnu/c++/11/bits/stdc++.h:95,
                 from solve.c++:1:
/usr/include/c++/11/bits/valarray_after.h:419:5: note: candidate: ‘template<class _Dom1, class _Dom2> std::_Expr<std::__detail::_BinClos<std::__less, std::_Expr, std::_Expr, _Dom1, _Dom2>, typename std::__fun<std::__less, typename _Dom1::value_type>::result_type> std::operator<(const std::_Expr<_Dom1, typename _Dom1::value_type>&, const std::_Expr<_Dom2, typename _Dom2::value_type>&)’
  419 |     _DEFINE_EXPR_BINARY_OPERATOR(<, struct std::__less)
      |     ^~~~~~~~~~~~~~~~~~~~~~~~~~~~
/usr/include/c++/11/bits/valarray_after.h:419:5: note:   template argument deduction/substitution failed:
In file included from /usr/include/c++/11/bits/stl_algobase.h:64,
                 from /usr/include/c++/11/bits/specfun.h:45,
                 from /usr/include/c++/11/cmath:1935,
                 from /usr/include/x86_64-linux-gnu/c++/11/bits/stdc++.h:41,
                 from solve.c++:1:
/usr/include/c++/11/bits/stl_pair.h:491:30: note:   ‘const frac’ is not derived from ‘const std::_Expr<_Dom1, typename _Dom1::value_type>’
  491 |              || (!(__y.first < __x.first) && __x.second < __y.second); }
      |                   ~~~~~~~~~~~^~~~~~~~~~~~
In file included from /usr/include/c++/11/valarray:603,
                 from /usr/include/x86_64-linux-gnu/c++/11/bits/stdc++.h:95,
                 from solve.c++:1:
/usr/include/c++/11/bits/valarray_after.h:419:5: note: candidate: ‘template<class _Dom> std::_Expr<std::__detail::_BinClos<std::__less, std::_Expr, std::_Constant, _Dom, typename _Dom::value_type>, typename std::__fun<std::__less, typename _Dom1::value_type>::result_type> std::operator<(const std::_Expr<_Dom1, typename _Dom1::value_type>&, const typename _Dom::value_type&)’
  419 |     _DEFINE_EXPR_BINARY_OPERATOR(<, struct std::__less)
      |     ^~~~~~~~~~~~~~~~~~~~~~~~~~~~
/usr/include/c++/11/bits/valarray_after.h:419:5: note:   template argument deduction/substitution failed:
In file included from /usr/include/c++/11/bits/stl_algobase.h:64,
                 from /usr/include/c++/11/bits/specfun.h:45,
                 from /usr/include/c++/11/cmath:1935,
                 from /usr/include/x86_64-linux-gnu/c++/11/bits/stdc++.h:41,
                 from solve.c++:1:
/usr/include/c++/11/bits/stl_pair.h:491:30: note:   ‘const frac’ is not derived from ‘const std::_Expr<_Dom1, typename _Dom1::value_type>’
  491 |              || (!(__y.first < __x.first) && __x.second < __y.second); }
      |                   ~~~~~~~~~~~^~~~~~~~~~~~
In file included from /usr/include/c++/11/valarray:603,
                 from /usr/include/x86_64-linux-gnu/c++/11/bits/stdc++.h:95,
                 from solve.c++:1:
/usr/include/c++/11/bits/valarray_after.h:419:5: note: candidate: ‘template<class _Dom> std::_Expr<std::__detail::_BinClos<std::__less, std::_Constant, std::_Expr, typename _Dom::value_type, _Dom>, typename std::__fun<std::__less, typename _Dom1::value_type>::result_type> std::operator<(const typename _Dom::value_type&, const std::_Expr<_Dom1, typename _Dom1::value_type>&)’
  419 |     _DEFINE_EXPR_BINARY_OPERATOR(<, struct std::__less)
      |     ^~~~~~~~~~~~~~~~~~~~~~~~~~~~
/usr/include/c++/11/bits/valarray_after.h:419:5: note:   template argument deduction/substitution failed:
In file included from /usr/include/c++/11/bits/stl_algobase.h:64,
                 from /usr/include/c++/11/bits/specfun.h:45,
                 from /usr/include/c++/11/cmath:1935,
                 from /usr/include/x86_64-linux-gnu/c++/11/bits/stdc++.h:41,
                 from solve.c++:1:
/usr/include/c++/11/bits/stl_pair.h:491:30: note:   ‘const frac’ is not derived from ‘const std::_Expr<_Dom1, typename _Dom1::value_type>’
  491 |              || (!(__y.first < __x.first) && __x.second < __y.second); }
      |                   ~~~~~~~~~~~^~~~~~~~~~~~
In file included from /usr/include/c++/11/valarray:603,
                 from /usr/include/x86_64-linux-gnu/c++/11/bits/stdc++.h:95,
                 from solve.c++:1:
/usr/include/c++/11/bits/valarray_after.h:419:5: note: candidate: ‘template<class _Dom> std::_Expr<std::__detail::_BinClos<std::__less, std::_Expr, std::_ValArray, _Dom, typename _Dom::value_type>, typename std::__fun<std::__less, typename _Dom1::value_type>::result_type> std::operator<(const std::_Expr<_Dom1, typename _Dom1::value_type>&, const std::valarray<typename _Dom::value_type>&)’
  419 |     _DEFINE_EXPR_BINARY_OPERATOR(<, struct std::__less)
      |     ^~~~~~~~~~~~~~~~~~~~~~~~~~~~
/usr/include/c++/11/bits/valarray_after.h:419:5: note:   template argument deduction/substitution failed:
In file included from /usr/include/c++/11/bits/stl_algobase.h:64,
                 from /usr/include/c++/11/bits/specfun.h:45,
                 from /usr/include/c++/11/cmath:1935,
                 from /usr/include/x86_64-linux-gnu/c++/11/bits/stdc++.h:41,
                 from solve.c++:1:
/usr/include/c++/11/bits/stl_pair.h:491:30: note:   ‘const frac’ is not derived from ‘const std::_Expr<_Dom1, typename _Dom1::value_type>’
  491 |              || (!(__y.first < __x.first) && __x.second < __y.second); }
      |                   ~~~~~~~~~~~^~~~~~~~~~~~
In file included from /usr/include/c++/11/valarray:603,
                 from /usr/include/x86_64-linux-gnu/c++/11/bits/stdc++.h:95,
                 from solve.c++:1:
/usr/include/c++/11/bits/valarray_after.h:419:5: note: candidate: ‘template<class _Dom> std::_Expr<std::__detail::_BinClos<std::__less, std::_ValArray, std::_Expr, typename _Dom::value_type, _Dom>, typename std::__fun<std::__less, typename _Dom1::value_type>::result_type> std::operator<(const std::valarray<typename _Dom::value_type>&, const std::_Expr<_Dom1, typename _Dom1::value_type>&)’
  419 |     _DEFINE_EXPR_BINARY_OPERATOR(<, struct std::__less)
      |     ^~~~~~~~~~~~~~~~~~~~~~~~~~~~
/usr/include/c++/11/bits/valarray_after.h:419:5: note:   template argument deduction/substitution failed:
In file included from /usr/include/c++/11/bits/stl_algobase.h:64,
                 from /usr/include/c++/11/bits/specfun.h:45,
                 from /usr/include/c++/11/cmath:1935,
                 from /usr/include/x86_64-linux-gnu/c++/11/bits/stdc++.h:41,
                 from solve.c++:1:
/usr/include/c++/11/bits/stl_pair.h:491:30: note:   ‘const frac’ is not derived from ‘const std::_Expr<_Dom1, typename _Dom1::value_type>’
  491 |              || (!(__y.first < __x.first) && __x.second < __y.second); }
      |                   ~~~~~~~~~~~^~~~~~~~~~~~
In file included from /usr/include/x86_64-linux-gnu/c++/11/bits/stdc++.h:95,
                 from solve.c++:1:
/usr/include/c++/11/valarray:1200:1: note: candidate: ‘template<class _Tp> std::_Expr<std::__detail::_BinClos<std::__less, std::_ValArray, std::_ValArray, _Tp, _Tp>, typename std::__fun<std::__less, _Tp>::result_type> std::operator<(const std::valarray<_Tp>&, const std::valarray<_Tp>&)’
 1200 | _DEFINE_BINARY_OPERATOR(<, __less)
      | ^~~~~~~~~~~~~~~~~~~~~~~
/usr/include/c++/11/valarray:1200:1: note:   template argument deduction/substitution failed:
In file included from /usr/include/c++/11/bits/stl_algobase.h:64,
                 from /usr/include/c++/11/bits/specfun.h:45,
                 from /usr/include/c++/11/cmath:1935,
                 from /usr/include/x86_64-linux-gnu/c++/11/bits/stdc++.h:41,
                 from solve.c++:1:
/usr/include/c++/11/bits/stl_pair.h:491:30: note:   ‘const frac’ is not derived from ‘const std::valarray<_Tp>’
  491 |              || (!(__y.first < __x.first) && __x.second < __y.second); }
      |                   ~~~~~~~~~~~^~~~~~~~~~~~
In file included from /usr/include/x86_64-linux-gnu/c++/11/bits/stdc++.h:95,
                 from solve.c++:1:
/usr/include/c++/11/valarray:1200:1: note: candidate: ‘template<class _Tp> std::_Expr<std::__detail::_BinClos<std::__less, std::_ValArray, std::_Constant, _Tp, _Tp>, typename std::__fun<std::__less, _Tp>::result_type> std::operator<(const std::valarray<_Tp>&, const typename std::valarray<_Tp>::value_type&)’
 1200 | _DEFINE_BINARY_OPERATOR(<, __less)
      | ^~~~~~~~~~~~~~~~~~~~~~~
/usr/include/c++/11/valarray:1200:1: note:   template argument deduction/substitution failed:
In file included from /usr/include/c++/11/bits/stl_algobase.h:64,
                 from /usr/include/c++/11/bits/specfun.h:45,
                 from /usr/include/c++/11/cmath:1935,
                 from /usr/include/x86_64-linux-gnu/c++/11/bits/stdc++.h:41,
                 from solve.c++:1:
/usr/include/c++/11/bits/stl_pair.h:491:30: note:   ‘const frac’ is not derived from ‘const std::valarray<_Tp>’
  491 |              || (!(__y.first < __x.first) && __x.second < __y.second); }
      |                   ~~~~~~~~~~~^~~~~~~~~~~~
In file included from /usr/include/x86_64-linux-gnu/c++/11/bits/stdc++.h:95,
                 from solve.c++:1:
/usr/include/c++/11/valarray:1200:1: note: candidate: ‘template<class _Tp> std::_Expr<std::__detail::_BinClos<std::__less, std::_Constant, std::_ValArray, _Tp, _Tp>, typename std::__fun<std::__less, _Tp>::result_type> std::operator<(const typename std::valarray<_Tp>::value_type&, const std::valarray<_Tp>&)’
 1200 | _DEFINE_BINARY_OPERATOR(<, __less)
      | ^~~~~~~~~~~~~~~~~~~~~~~
/usr/include/c++/11/valarray:1200:1: note:   template argument deduction/substitution failed:
In file included from /usr/include/c++/11/bits/stl_algobase.h:64,
                 from /usr/include/c++/11/bits/specfun.h:45,
                 from /usr/include/c++/11/cmath:1935,
                 from /usr/include/x86_64-linux-gnu/c++/11/bits/stdc++.h:41,
                 from solve.c++:1:
/usr/include/c++/11/bits/stl_pair.h:491:30: note:   ‘const frac’ is not derived from ‘const std::valarray<_Tp>’
  491 |              || (!(__y.first < __x.first) && __x.second < __y.second); }
      |                   ~~~~~~~~~~~^~~~~~~~~~~~
In file included from /usr/include/c++/11/forward_list:38,
                 from /usr/include/x86_64-linux-gnu/c++/11/bits/stdc++.h:104,
                 from solve.c++:1:
/usr/include/c++/11/bits/forward_list.h:1468:5: note: candidate: ‘template<class _Tp, class _Alloc> bool std::operator<(const std::forward_list<_Tp, _Alloc>&, const std::forward_list<_Tp, _Alloc>&)’
 1468 |     operator<(const forward_list<_Tp, _Alloc>& __lx,
      |     ^~~~~~~~
/usr/include/c++/11/bits/forward_list.h:1468:5: note:   template argument deduction/substitution failed:
In file included from /usr/include/c++/11/bits/stl_algobase.h:64,
                 from /usr/include/c++/11/bits/specfun.h:45,
                 from /usr/include/c++/11/cmath:1935,
                 from /usr/include/x86_64-linux-gnu/c++/11/bits/stdc++.h:41,
                 from solve.c++:1:
/usr/include/c++/11/bits/stl_pair.h:491:30: note:   ‘const frac’ is not derived from ‘const std::forward_list<_Tp, _Alloc>’
  491 |              || (!(__y.first < __x.first) && __x.second < __y.second); }
      |                   ~~~~~~~~~~~^~~~~~~~~~~~
In file included from /usr/include/x86_64-linux-gnu/c++/11/bits/stdc++.h:130,
                 from solve.c++:1:
/usr/include/c++/11/optional:1063:5: note: candidate: ‘template<class _Tp, class _Up> constexpr std::__optional_lt_t<_Tp, _Up> std::operator<(const std::optional<_Tp>&, const std::optional<_Up>&)’
 1063 |     operator<(const optional<_Tp>& __lhs, const optional<_Up>& __rhs)
      |     ^~~~~~~~
/usr/include/c++/11/optional:1063:5: note:   template argument deduction/substitution failed:
In file included from /usr/include/c++/11/bits/stl_algobase.h:64,
                 from /usr/include/c++/11/bits/specfun.h:45,
                 from /usr/include/c++/11/cmath:1935,
                 from /usr/include/x86_64-linux-gnu/c++/11/bits/stdc++.h:41,
                 from solve.c++:1:
/usr/include/c++/11/bits/stl_pair.h:491:30: note:   ‘const frac’ is not derived from ‘const std::optional<_Tp>’
  491 |              || (!(__y.first < __x.first) && __x.second < __y.second); }
      |                   ~~~~~~~~~~~^~~~~~~~~~~~
In file included from /usr/include/x86_64-linux-gnu/c++/11/bits/stdc++.h:130,
                 from solve.c++:1:
/usr/include/c++/11/optional:1131:5: note: candidate: ‘template<class _Tp> constexpr bool std::operator<(const std::optional<_Tp>&, std::nullopt_t)’
 1131 |     operator<(const optional<_Tp>& /* __lhs */, nullopt_t) noexcept
      |     ^~~~~~~~
/usr/include/c++/11/optional:1131:5: note:   template argument deduction/substitution failed:
In file included from /usr/include/c++/11/bits/stl_algobase.h:64,
                 from /usr/include/c++/11/bits/specfun.h:45,
                 from /usr/include/c++/11/cmath:1935,
                 from /usr/include/x86_64-linux-gnu/c++/11/bits/stdc++.h:41,
                 from solve.c++:1:
/usr/include/c++/11/bits/stl_pair.h:491:30: note:   ‘const frac’ is not derived from ‘const std::optional<_Tp>’
  491 |              || (!(__y.first < __x.first) && __x.second < __y.second); }
      |                   ~~~~~~~~~~~^~~~~~~~~~~~
In file included from /usr/include/x86_64-linux-gnu/c++/11/bits/stdc++.h:130,
                 from solve.c++:1:
/usr/include/c++/11/optional:1136:5: note: candidate: ‘template<class _Tp> constexpr bool std::operator<(std::nullopt_t, const std::optional<_Tp>&)’
 1136 |     operator<(nullopt_t, const optional<_Tp>& __rhs) noexcept
      |     ^~~~~~~~
/usr/include/c++/11/optional:1136:5: note:   template argument deduction/substitution failed:
In file included from /usr/include/c++/11/bits/stl_algobase.h:64,
                 from /usr/include/c++/11/bits/specfun.h:45,
                 from /usr/include/c++/11/cmath:1935,
                 from /usr/include/x86_64-linux-gnu/c++/11/bits/stdc++.h:41,
                 from solve.c++:1:
/usr/include/c++/11/bits/stl_pair.h:491:30: note:   ‘const frac’ is not derived from ‘const std::optional<_Tp>’
  491 |              || (!(__y.first < __x.first) && __x.second < __y.second); }
      |                   ~~~~~~~~~~~^~~~~~~~~~~~
In file included from /usr/include/x86_64-linux-gnu/c++/11/bits/stdc++.h:130,
                 from solve.c++:1:
/usr/include/c++/11/optional:1197:5: note: candidate: ‘template<class _Tp, class _Up> constexpr std::__optional_lt_t<_Tp, _Up> std::operator<(const std::optional<_Tp>&, const _Up&)’
 1197 |     operator<(const optional<_Tp>& __lhs, const _Up& __rhs)
      |     ^~~~~~~~
/usr/include/c++/11/optional:1197:5: note:   template argument deduction/substitution failed:
In file included from /usr/include/c++/11/bits/stl_algobase.h:64,
                 from /usr/include/c++/11/bits/specfun.h:45,
                 from /usr/include/c++/11/cmath:1935,
                 from /usr/include/x86_64-linux-gnu/c++/11/bits/stdc++.h:41,
                 from solve.c++:1:
/usr/include/c++/11/bits/stl_pair.h:491:30: note:   ‘const frac’ is not derived from ‘const std::optional<_Tp>’
  491 |              || (!(__y.first < __x.first) && __x.second < __y.second); }
      |                   ~~~~~~~~~~~^~~~~~~~~~~~
In file included from /usr/include/x86_64-linux-gnu/c++/11/bits/stdc++.h:130,
                 from solve.c++:1:
/usr/include/c++/11/optional:1203:5: note: candidate: ‘template<class _Tp, class _Up> constexpr std::__optional_lt_t<_Up, _Tp> std::operator<(const _Up&, const std::optional<_Tp>&)’
 1203 |     operator<(const _Up& __lhs, const optional<_Tp>& __rhs)
      |     ^~~~~~~~
/usr/include/c++/11/optional:1203:5: note:   template argument deduction/substitution failed:
In file included from /usr/include/c++/11/bits/stl_algobase.h:64,
                 from /usr/include/c++/11/bits/specfun.h:45,
                 from /usr/include/c++/11/cmath:1935,
                 from /usr/include/x86_64-linux-gnu/c++/11/bits/stdc++.h:41,
                 from solve.c++:1:
/usr/include/c++/11/bits/stl_pair.h:491:30: note:   ‘const frac’ is not derived from ‘const std::optional<_Tp>’
  491 |              || (!(__y.first < __x.first) && __x.second < __y.second); }
      |                   ~~~~~~~~~~~^~~~~~~~~~~~
In file included from /usr/include/x86_64-linux-gnu/c++/11/bits/stdc++.h:133,
                 from solve.c++:1:
/usr/include/c++/11/variant:1230:3: note: candidate: ‘template<class ... _Types> constexpr bool std::operator<(const std::variant<_Types ...>&, const std::variant<_Types ...>&)’
 1230 |   _VARIANT_RELATION_FUNCTION_TEMPLATE(<, less)
      |   ^~~~~~~~~~~~~~~~~~~~~~~~~~~~~~~~~~~
/usr/include/c++/11/variant:1230:3: note:   template argument deduction/substitution failed:
In file included from /usr/include/c++/11/bits/stl_algobase.h:64,
                 from /usr/include/c++/11/bits/specfun.h:45,
                 from /usr/include/c++/11/cmath:1935,
                 from /usr/include/x86_64-linux-gnu/c++/11/bits/stdc++.h:41,
                 from solve.c++:1:
/usr/include/c++/11/bits/stl_pair.h:491:30: note:   ‘const frac’ is not derived from ‘const std::variant<_Types ...>’
  491 |              || (!(__y.first < __x.first) && __x.second < __y.second); }
      |                   ~~~~~~~~~~~^~~~~~~~~~~~
In file included from /usr/include/c++/11/regex:63,
                 from /usr/include/x86_64-linux-gnu/c++/11/bits/stdc++.h:110,
                 from solve.c++:1:
/usr/include/c++/11/bits/regex.h:1099:5: note: candidate: ‘template<class _BiIter> bool std::__cxx11::operator<(const std::__cxx11::sub_match<_BiIter>&, const std::__cxx11::sub_match<_BiIter>&)’
 1099 |     operator<(const sub_match<_BiIter>& __lhs, const sub_match<_BiIter>& __rhs)
      |     ^~~~~~~~
/usr/include/c++/11/bits/regex.h:1099:5: note:   template argument deduction/substitution failed:
In file included from /usr/include/c++/11/bits/stl_algobase.h:64,
                 from /usr/include/c++/11/bits/specfun.h:45,
                 from /usr/include/c++/11/cmath:1935,
                 from /usr/include/x86_64-linux-gnu/c++/11/bits/stdc++.h:41,
                 from solve.c++:1:
/usr/include/c++/11/bits/stl_pair.h:491:30: note:   ‘const frac’ is not derived from ‘const std::__cxx11::sub_match<_BiIter>’
  491 |              || (!(__y.first < __x.first) && __x.second < __y.second); }
      |                   ~~~~~~~~~~~^~~~~~~~~~~~
In file included from /usr/include/c++/11/regex:63,
                 from /usr/include/x86_64-linux-gnu/c++/11/bits/stdc++.h:110,
                 from solve.c++:1:
/usr/include/c++/11/bits/regex.h:1180:5: note: candidate: ‘template<class _Bi_iter, class _Ch_traits, class _Ch_alloc> bool std::__cxx11::operator<(std::__cxx11::__sub_match_string<_Bi_iter, _Ch_traits, _Ch_alloc>&, const std::__cxx11::sub_match<_BiIter>&)’
 1180 |     operator<(const __sub_match_string<_Bi_iter, _Ch_traits, _Ch_alloc>& __lhs,
      |     ^~~~~~~~
/usr/include/c++/11/bits/regex.h:1180:5: note:   template argument deduction/substitution failed:
In file included from /usr/include/c++/11/bits/stl_algobase.h:64,
                 from /usr/include/c++/11/bits/specfun.h:45,
                 from /usr/include/c++/11/cmath:1935,
                 from /usr/include/x86_64-linux-gnu/c++/11/bits/stdc++.h:41,
                 from solve.c++:1:
/usr/include/c++/11/bits/stl_pair.h:491:30: note:   ‘const frac’ is not derived from ‘std::__cxx11::__sub_match_string<_Bi_iter, _Ch_traits, _Ch_alloc>’
  491 |              || (!(__y.first < __x.first) && __x.second < __y.second); }
      |                   ~~~~~~~~~~~^~~~~~~~~~~~
In file included from /usr/include/c++/11/regex:63,
                 from /usr/include/x86_64-linux-gnu/c++/11/bits/stdc++.h:110,
                 from solve.c++:1:
/usr/include/c++/11/bits/regex.h:1273:5: note: candidate: ‘template<class _Bi_iter, class _Ch_traits, class _Ch_alloc> bool std::__cxx11::operator<(const std::__cxx11::sub_match<_BiIter>&, std::__cxx11::__sub_match_string<_Bi_iter, _Ch_traits, _Ch_alloc>&)’
 1273 |     operator<(const sub_match<_Bi_iter>& __lhs,
      |     ^~~~~~~~
/usr/include/c++/11/bits/regex.h:1273:5: note:   template argument deduction/substitution failed:
In file included from /usr/include/c++/11/bits/stl_algobase.h:64,
                 from /usr/include/c++/11/bits/specfun.h:45,
                 from /usr/include/c++/11/cmath:1935,
                 from /usr/include/x86_64-linux-gnu/c++/11/bits/stdc++.h:41,
                 from solve.c++:1:
/usr/include/c++/11/bits/stl_pair.h:491:30: note:   ‘const frac’ is not derived from ‘const std::__cxx11::sub_match<_BiIter>’
  491 |              || (!(__y.first < __x.first) && __x.second < __y.second); }
      |                   ~~~~~~~~~~~^~~~~~~~~~~~
In file included from /usr/include/c++/11/regex:63,
                 from /usr/include/x86_64-linux-gnu/c++/11/bits/stdc++.h:110,
                 from solve.c++:1:
/usr/include/c++/11/bits/regex.h:1347:5: note: candidate: ‘template<class _Bi_iter> bool std::__cxx11::operator<(const typename std::iterator_traits<_Iter>::value_type*, const std::__cxx11::sub_match<_BiIter>&)’
 1347 |     operator<(typename iterator_traits<_Bi_iter>::value_type const* __lhs,
      |     ^~~~~~~~
/usr/include/c++/11/bits/regex.h:1347:5: note:   template argument deduction/substitution failed:
In file included from /usr/include/c++/11/bits/stl_algobase.h:64,
                 from /usr/include/c++/11/bits/specfun.h:45,
                 from /usr/include/c++/11/cmath:1935,
                 from /usr/include/x86_64-linux-gnu/c++/11/bits/stdc++.h:41,
                 from solve.c++:1:
/usr/include/c++/11/bits/stl_pair.h:491:30: note:   ‘const frac’ is not derived from ‘const std::__cxx11::sub_match<_BiIter>’
  491 |              || (!(__y.first < __x.first) && __x.second < __y.second); }
      |                   ~~~~~~~~~~~^~~~~~~~~~~~
In file included from /usr/include/c++/11/regex:63,
                 from /usr/include/x86_64-linux-gnu/c++/11/bits/stdc++.h:110,
                 from solve.c++:1:
/usr/include/c++/11/bits/regex.h:1441:5: note: candidate: ‘template<class _Bi_iter> bool std::__cxx11::operator<(const std::__cxx11::sub_match<_BiIter>&, const typename std::iterator_traits<_Iter>::value_type*)’
 1441 |     operator<(const sub_match<_Bi_iter>& __lhs,
      |     ^~~~~~~~
/usr/include/c++/11/bits/regex.h:1441:5: note:   template argument deduction/substitution failed:
In file included from /usr/include/c++/11/bits/stl_algobase.h:64,
                 from /usr/include/c++/11/bits/specfun.h:45,
                 from /usr/include/c++/11/cmath:1935,
                 from /usr/include/x86_64-linux-gnu/c++/11/bits/stdc++.h:41,
                 from solve.c++:1:
/usr/include/c++/11/bits/stl_pair.h:491:30: note:   ‘const frac’ is not derived from ‘const std::__cxx11::sub_match<_BiIter>’
  491 |              || (!(__y.first < __x.first) && __x.second < __y.second); }
      |                   ~~~~~~~~~~~^~~~~~~~~~~~
In file included from /usr/include/c++/11/regex:63,
                 from /usr/include/x86_64-linux-gnu/c++/11/bits/stdc++.h:110,
                 from solve.c++:1:
/usr/include/c++/11/bits/regex.h:1516:5: note: candidate: ‘template<class _Bi_iter> bool std::__cxx11::operator<(const typename std::iterator_traits<_Iter>::value_type&, const std::__cxx11::sub_match<_BiIter>&)’
 1516 |     operator<(typename iterator_traits<_Bi_iter>::value_type const& __lhs,
      |     ^~~~~~~~
/usr/include/c++/11/bits/regex.h:1516:5: note:   template argument deduction/substitution failed:
In file included from /usr/include/c++/11/bits/stl_algobase.h:64,
                 from /usr/include/c++/11/bits/specfun.h:45,
                 from /usr/include/c++/11/cmath:1935,
                 from /usr/include/x86_64-linux-gnu/c++/11/bits/stdc++.h:41,
                 from solve.c++:1:
/usr/include/c++/11/bits/stl_pair.h:491:30: note:   ‘const frac’ is not derived from ‘const std::__cxx11::sub_match<_BiIter>’
  491 |              || (!(__y.first < __x.first) && __x.second < __y.second); }
      |                   ~~~~~~~~~~~^~~~~~~~~~~~
In file included from /usr/include/c++/11/regex:63,
                 from /usr/include/x86_64-linux-gnu/c++/11/bits/stdc++.h:110,
                 from solve.c++:1:
/usr/include/c++/11/bits/regex.h:1616:5: note: candidate: ‘template<class _Bi_iter> bool std::__cxx11::operator<(const std::__cxx11::sub_match<_BiIter>&, const typename std::iterator_traits<_Iter>::value_type&)’
 1616 |     operator<(const sub_match<_Bi_iter>& __lhs,
      |     ^~~~~~~~
/usr/include/c++/11/bits/regex.h:1616:5: note:   template argument deduction/substitution failed:
In file included from /usr/include/c++/11/bits/stl_algobase.h:64,
                 from /usr/include/c++/11/bits/specfun.h:45,
                 from /usr/include/c++/11/cmath:1935,
                 from /usr/include/x86_64-linux-gnu/c++/11/bits/stdc++.h:41,
                 from solve.c++:1:
/usr/include/c++/11/bits/stl_pair.h:491:30: note:   ‘const frac’ is not derived from ‘const std::__cxx11::sub_match<_BiIter>’
  491 |              || (!(__y.first < __x.first) && __x.second < __y.second); }
      |                   ~~~~~~~~~~~^~~~~~~~~~~~
In file included from /usr/include/c++/11/bits/ios_base.h:46,
                 from /usr/include/c++/11/ios:42,
                 from /usr/include/c++/11/istream:38,
                 from /usr/include/c++/11/sstream:38,
                 from /usr/include/c++/11/complex:45,
                 from /usr/include/c++/11/ccomplex:39,
                 from /usr/include/x86_64-linux-gnu/c++/11/bits/stdc++.h:54,
                 from solve.c++:1:
/usr/include/c++/11/system_error:269:3: note: candidate: ‘bool std::operator<(const std::error_code&, const std::error_code&)’
  269 |   operator<(const error_code& __lhs, const error_code& __rhs) noexcept
      |   ^~~~~~~~
/usr/include/c++/11/system_error:269:31: note:   no known conversion for argument 1 from ‘const frac’ to ‘const std::error_code&’
  269 |   operator<(const error_code& __lhs, const error_code& __rhs) noexcept
      |             ~~~~~~~~~~~~~~~~~~^~~~~
/usr/include/c++/11/system_error:398:3: note: candidate: ‘bool std::operator<(const std::error_condition&, const std::error_condition&)’
  398 |   operator<(const error_condition& __lhs,
      |   ^~~~~~~~
/usr/include/c++/11/system_error:398:36: note:   no known conversion for argument 1 from ‘const frac’ to ‘const std::error_condition&’
  398 |   operator<(const error_condition& __lhs,
      |             ~~~~~~~~~~~~~~~~~~~~~~~^~~~~
In file included from /usr/include/x86_64-linux-gnu/c++/11/bits/stdc++.h:113,
                 from solve.c++:1:
/usr/include/c++/11/thread:70:3: note: candidate: ‘bool std::operator<(std::thread::id, std::thread::id)’
   70 |   operator<(thread::id __x, thread::id __y) noexcept
      |   ^~~~~~~~
/usr/include/c++/11/thread:70:24: note:   no known conversion for argument 1 from ‘const frac’ to ‘std::thread::id’
   70 |   operator<(thread::id __x, thread::id __y) noexcept
      |             ~~~~~~~~~~~^~~
In file included from /usr/include/x86_64-linux-gnu/c++/11/bits/stdc++.h:133,
                 from solve.c++:1:
/usr/include/c++/11/variant:1272:18: note: candidate: ‘constexpr bool std::operator<(std::monostate, std::monostate)’
 1272 |   constexpr bool operator<(monostate, monostate) noexcept { return false; }
      |                  ^~~~~~~~
/usr/include/c++/11/variant:1272:28: note:   no known conversion for argument 1 from ‘const frac’ to ‘std::monostate’
 1272 |   constexpr bool operator<(monostate, monostate) noexcept { return false; }